This is LuaHBTeX, Version 1.14.0 (MiKTeX 22.1) (format=lualatex 2025.3.3)  17 MAR 2025 23:31
 restricted system commands enabled.
 file:line:error style messages enabled.
**"/Users/Shared/Flot-maximum/Rapport projet/modeleRapportLatex.tex"
("/Users/Shared/Flot-maximum/Rapport projet/modeleRapportLatex.tex"
LaTeX2e <2024-11-01> patch level 2
L3 programming layer <2025-01-18>
Lua module: luaotfload 2024-02-14 v3.28 Lua based OpenType font support
Lua module: lualibs 2023-07-13 v2.76 ConTeXt Lua standard libraries.
Lua module: lualibs-extended 2023-07-13 v2.76 ConTeXt Lua libraries -- extended 
collection.
luaotfload | conf : Root cache directory is "/Users/julien/Library/Application S
upport/MiKTeX/texmfs/data/luatex-cache/generic/names".
luaotfload | init : Loading fontloader "fontloader-2023-12-28.lua" from kpse-res
olved path "/Library/Application Support/MiKTeX/texmfs/install/tex/luatex/luaotf
load/fontloader-2023-12-28.lua".
Lua-only attribute luaotfload@noligature = 1
luaotfload | init : Context OpenType loader version 3.134
Inserting `luaotfload.node_processor' in `pre_linebreak_filter'.
Inserting `luaotfload.node_processor' in `hpack_filter'.
Inserting `luaotfload.glyph_stream' in `glyph_stream_provider'.
Inserting `luaotfload.define_font' in `define_font'.
Lua-only attribute luaotfload_color_attribute = 2
luaotfload | conf : Root cache directory is "/Users/julien/Library/Application S
upport/MiKTeX/texmfs/data/luatex-cache/generic/names".
Inserting `luaotfload.harf.strip_prefix' in `find_opentype_file'.
Inserting `luaotfload.harf.strip_prefix' in `find_truetype_file'.
Removing  `luaotfload.glyph_stream' from `glyph_stream_provider'.
Inserting `luaotfload.harf.glyphstream' in `glyph_stream_provider'.
Inserting `luaotfload.harf.finalize_vlist' in `post_linebreak_filter'.
Inserting `luaotfload.harf.finalize_hlist' in `hpack_filter'.
Inserting `luaotfload.cleanup_files' in `wrapup_run'.
Inserting `luaotfload.harf.finalize_unicode' in `finish_pdffile'.
Inserting `luaotfload.glyphinfo' in `glyph_info'.
Lua-only attribute luaotfload.letterspace_done = 3
Inserting `luaotfload.aux.set_sscale_dimens' in `luaotfload.patch_font'.
Inserting `luaotfload.aux.set_font_index' in `luaotfload.patch_font'.
Inserting `luaotfload.aux.patch_cambria_domh' in `luaotfload.patch_font'.
Inserting `luaotfload.aux.fixup_fontdata' in `luaotfload.patch_font_unsafe'.
Inserting `luaotfload.aux.set_capheight' in `luaotfload.patch_font'.
Inserting `luaotfload.aux.set_xheight' in `luaotfload.patch_font'.
Inserting `luaotfload.rewrite_fontname' in `luaotfload.patch_font'.
Inserting `tracingstacklevels' in `input_level_string'. ("/Library/Application 
Support/MiKTeX/texmfs/install/tex/latex/base/article.cls"
Document Class: article 2024/06/29 v1.4n Standard LaTeX document class
("/Library/Application Support/MiKTeX/texmfs/install/tex/latex/base/size10.clo"
File: size10.clo 2024/06/29 v1.4n Standard LaTeX file (size option)
luaotfload | db : Font names database loaded from /Users/julien/Library/Applicat
ion Support/MiKTeX/texmfs/data/luatex-cache/generic/names/luaotfload-names.luc.g
z)
\c@part=\count194
\c@section=\count195
\c@subsection=\count196
\c@subsubsection=\count197
\c@paragraph=\count198
\c@subparagraph=\count199
\c@figure=\count266
\c@table=\count267
\abovecaptionskip=\skip49
\belowcaptionskip=\skip50
\bibindent=\dimen140
)
("/Library/Application Support/MiKTeX/texmfs/install/tex/latex/base/inputenc.st
y"
Package: inputenc 2024/02/08 v1.3d Input encoding file
\inpenc@prehook=\toks17
\inpenc@posthook=\toks18


Package inputenc Warning: inputenc package ignored with utf8 based engines.

)
("/Library/Application Support/MiKTeX/texmfs/install/tex/latex/base/fontenc.sty
"
Package: fontenc 2021/04/29 v2.0v Standard LaTeX package
LaTeX Font Info:    Trying to load font information for T1+lmr on input line 11
6.
 ("/Library/Application Support/MiKTeX/texmfs/install/tex/latex/lm/t1lmr.fd"
File: t1lmr.fd 2015/05/01 v1.6.1 Font defs for Latin Modern
))
("/Library/Application Support/MiKTeX/texmfs/install/tex/latex/fontspec/fontspe
c.sty"
("/Library/Application Support/MiKTeX/texmfs/install/tex/latex/l3packages/xpars
e/xparse.sty"
("/Library/Application Support/MiKTeX/texmfs/install/tex/latex/l3kernel/expl3.s
ty"
Package: expl3 2025-01-18 L3 programming layer (loader) 

("/Library/Application Support/MiKTeX/texmfs/install/tex/latex/l3backend/l3back
end-luatex.def"
File: l3backend-luatex.def 2024-05-08 L3 backend support: PDF output (LuaTeX)
\l__color_backend_stack_int=\count268
Inserting `l3color' in `luaotfload.parse_color'.
\l__pdf_internal_box=\box52
))
Package: xparse 2024-08-16 L3 Experimental document command parser
)
Package: fontspec 2024/05/11 v2.9e Font selection for XeLaTeX and LuaLaTeX
Lua module: fontspec 2024/05/11 v2.9e Font selection for XeLaTeX and LuaLaTeX
("/Library/Application Support/MiKTeX/texmfs/install/tex/latex/fontspec/fontspe
c-luatex.sty"
Package: fontspec-luatex 2024/05/11 v2.9e Font selection for XeLaTeX and LuaLaT
eX
\l__fontspec_script_int=\count269
\l__fontspec_language_int=\count270
\l__fontspec_strnum_int=\count271
\l__fontspec_tmp_int=\count272
\l__fontspec_tmpa_int=\count273
\l__fontspec_tmpb_int=\count274
\l__fontspec_tmpc_int=\count275
\l__fontspec_em_int=\count276
\l__fontspec_emdef_int=\count277
\l__fontspec_strong_int=\count278
\l__fontspec_strongdef_int=\count279
\l__fontspec_tmpa_dim=\dimen141
\l__fontspec_tmpb_dim=\dimen142
\l__fontspec_tmpc_dim=\dimen143

("/Library/Application Support/MiKTeX/texmfs/install/tex/latex/base/fontenc.sty
"
Package: fontenc 2021/04/29 v2.0v Standard LaTeX package
)
("/Library/Application Support/MiKTeX/texmfs/install/tex/latex/fontspec/fontspe
c.cfg")))
("/Library/Application Support/MiKTeX/texmfs/install/tex/generic/babel/babel.st
y"
Package: babel 2025/02/14 v25.4 The multilingual framework for pdfLaTeX, LuaLaT
eX and XeLaTeX

("/Library/Application Support/MiKTeX/texmfs/install/tex/generic/babel/luababel
.def"
\bbl@readstream=\read2
\l@afrikaans=\language2
Package babel Info: Non-standard hyphenation setup on input line 118.
\l@ancientgreek=\language3
\l@armenian=\language4
\l@assamese=\language5
\l@basque=\language6
\l@belarusian=\language7
\l@bengali=\language8
\l@bokmal=\language9
\l@bulgarian=\language10
\l@catalan=\language11
\l@churchslavonic=\language12
\l@classiclatin=\language13
\l@coptic=\language14
\l@croatian=\language15
\l@czech=\language16
\l@danish=\language17
\l@dutch=\language18
\l@esperanto=\language19
\l@estonian=\language20
\l@ethiopic=\language21
\l@finnish=\language22
\l@french=\language23
\l@friulan=\language24
\l@galician=\language25
\l@georgian=\language26
\l@german=\language27
\l@greek=\language28
\l@gujarati=\language29
\l@hindi=\language30
\l@hungarian=\language31
\l@icelandic=\language32
\l@indonesian=\language33
\l@interlingua=\language34
\l@irish=\language35
\l@italian=\language36
\l@kannada=\language37
\l@kurmanji=\language38
\l@latin=\language39
\l@latvian=\language40
\l@lithuanian=\language41
\l@liturgicallatin=\language42
\l@macedonian=\language43
\l@malayalam=\language44
\l@marathi=\language45
\l@mongolian=\language46
\l@mongolianlmc=\language47
\l@monogreek=\language48
\l@ngerman=\language49
\l@nynorsk=\language50
\l@occitan=\language51
\l@oriya=\language52
\l@pali=\language53
\l@panjabi=\language54
\l@piedmontese=\language55
\l@polish=\language56
\l@portuguese=\language57
\l@romanian=\language58
\l@romansh=\language59
\l@russian=\language60
\l@sanskrit=\language61
\l@serbian=\language62
\l@serbianc=\language63
\l@slovak=\language64
\l@slovenian=\language65
\l@spanish=\language66
\l@swedish=\language67
\l@swissgerman=\language68
\l@tamil=\language69
\l@telugu=\language70
\l@thai=\language71
\l@turkish=\language72
\l@turkmen=\language73
\l@ukenglish=\language74
\l@ukrainian=\language75
\l@uppersorbian=\language76
\l@usenglishmax=\language77
\l@welsh=\language78
\babelcatcodetablenum=\catcodetable14
\bbl@pattcodes=\catcodetable15
)
\babel@savecnt=\count280
\U@D=\dimen144
\l@unhyphenated=\language79

("/Library/Application Support/MiKTeX/texmfs/install/tex/generic/babel/luababel
.def"
\bbl@attr@locale=\attribute4
)
*************************************
* Local config file bblopts.cfg used
*

("/Library/Application Support/MiKTeX/texmfs/install/tex/latex/arabi/bblopts.cf
g"
File: bblopts.cfg 2005/09/08 v0.1 add Arabic and Farsi to "declared" options of
 babel
)
("/Users/julien/Library/Application Support/MiKTeX/texmfs/install/tex/generic/b
abel-french/french.ldf"
Language: french 2024-07-25 v3.6c French support from the babel system
Package babel Info: Hyphen rules for 'acadian' set to \l@french
(babel)             (\language23). Reported on input line 91.
Package babel Info: Hyphen rules for 'canadien' set to \l@french
(babel)             (\language23). Reported on input line 92.
\FB@stdchar=\count281
\FB@spacing=\attribute5
\FB@addDPspace=\attribute6
\FB@addGUILspace=\attribute7
\FB@ucsNBSP=\attribute8
\FB@dialect=\attribute9
Package french.ldf Info: No need for active punctuation characters
(french.ldf)             with this version of LuaTeX!
(french.ldf)             reported on input line 250.
\FBguill@level=\count282
\FBold@everypar=\toks19
\FB@Mht=\dimen145
\mc@charclass=\count283
\mc@charfam=\count284
\mc@charslot=\count285
\std@mcc=\count286
\dec@mcc=\count287
Inserting `frenchb.french_punctuation' in `kerning'.
\FB@parskip=\dimen146
\listindentFB=\dimen147
\descindentFB=\dimen148
\labelindentFB=\dimen149
\labelwidthFB=\dimen150
\leftmarginFB=\dimen151
\parindentFFN=\dimen152
\FBfnindent=\dimen153

("/Library/Application Support/MiKTeX/texmfs/install/tex/generic/hyph-utf8/load
hyph/loadhyph-fr.tex" UTF-8 French hyphenation patterns
("/Library/Application Support/MiKTeX/texmfs/install/tex/generic/hyph-utf8/patt
erns/tex/hyph-fr.tex")
("/Library/Application Support/MiKTeX/texmfs/install/tex/generic/hyph-utf8/patt
erns/quote/hyph-quote-fr.tex"))))
("/Library/Application Support/MiKTeX/texmfs/install/tex/generic/babel/locale/f
r/babel-french.tex"
Package babel Info: Importing font and identification data for french
(babel)             from babel-fr.ini. Reported on input line 11.
)
("/Users/julien/Library/Application Support/MiKTeX/texmfs/install/tex/latex/car
lisle/scalefnt.sty")
("/Library/Application Support/MiKTeX/texmfs/install/tex/latex/pgf/frontendlaye
r/tikz.sty"
("/Library/Application Support/MiKTeX/texmfs/install/tex/latex/pgf/basiclayer/p
gf.sty"
("/Library/Application Support/MiKTeX/texmfs/install/tex/latex/pgf/utilities/pg
frcs.sty"
("/Library/Application Support/MiKTeX/texmfs/install/tex/generic/pgf/utilities/
pgfutil-common.tex"
\pgfutil@everybye=\toks20
\pgfutil@tempdima=\dimen154
\pgfutil@tempdimb=\dimen155
)
("/Library/Application Support/MiKTeX/texmfs/install/tex/generic/pgf/utilities/
pgfutil-latex.def"
\pgfutil@abb=\box53
)
("/Library/Application Support/MiKTeX/texmfs/install/tex/generic/pgf/utilities/
pgfrcs.code.tex"
("/Library/Application Support/MiKTeX/texmfs/install/tex/generic/pgf/pgf.revisi
on.tex")
Package: pgfrcs 2023-01-15 v3.1.10 (3.1.10)
))
Package: pgf 2023-01-15 v3.1.10 (3.1.10)

("/Library/Application Support/MiKTeX/texmfs/install/tex/latex/pgf/basiclayer/p
gfcore.sty"
("/Library/Application Support/MiKTeX/texmfs/install/tex/latex/graphics/graphic
x.sty"
Package: graphicx 2021/09/16 v1.2d Enhanced LaTeX Graphics (DPC,SPQR)

("/Library/Application Support/MiKTeX/texmfs/install/tex/latex/graphics/keyval.
sty"
Package: keyval 2022/05/29 v1.15 key=value parser (DPC)
\KV@toks@=\toks21
)
("/Library/Application Support/MiKTeX/texmfs/install/tex/latex/graphics/graphic
s.sty"
Package: graphics 2024/08/06 v1.4g Standard LaTeX Graphics (DPC,SPQR)

("/Library/Application Support/MiKTeX/texmfs/install/tex/latex/graphics/trig.st
y"
Package: trig 2023/12/02 v1.11 sin cos tan (DPC)
)
("/Library/Application Support/MiKTeX/texmfs/install/tex/latex/graphics-cfg/gra
phics.cfg"
File: graphics.cfg 2016/06/04 v1.11 sample graphics configuration
)
Package graphics Info: Driver file: luatex.def on input line 106.

("/Library/Application Support/MiKTeX/texmfs/install/tex/latex/graphics-def/lua
tex.def"
File: luatex.def 2024/04/13 v1.2e Graphics/color driver for luatex
))
\Gin@req@height=\dimen156
\Gin@req@width=\dimen157
)
("/Library/Application Support/MiKTeX/texmfs/install/tex/latex/pgf/systemlayer/
pgfsys.sty"
("/Library/Application Support/MiKTeX/texmfs/install/tex/generic/pgf/systemlaye
r/pgfsys.code.tex"
Package: pgfsys 2023-01-15 v3.1.10 (3.1.10)

("/Library/Application Support/MiKTeX/texmfs/install/tex/generic/pgf/utilities/
pgfkeys.code.tex"
\pgfkeys@pathtoks=\toks22
\pgfkeys@temptoks=\toks23

("/Library/Application Support/MiKTeX/texmfs/install/tex/generic/pgf/utilities/
pgfkeyslibraryfiltered.code.tex"
\pgfkeys@tmptoks=\toks24
))
\pgf@x=\dimen158
\pgf@y=\dimen159
\pgf@xa=\dimen160
\pgf@ya=\dimen161
\pgf@xb=\dimen162
\pgf@yb=\dimen163
\pgf@xc=\dimen164
\pgf@yc=\dimen165
\pgf@xd=\dimen166
\pgf@yd=\dimen167
\w@pgf@writea=\write3
\r@pgf@reada=\read3
\c@pgf@counta=\count288
\c@pgf@countb=\count289
\c@pgf@countc=\count290
\c@pgf@countd=\count291
\t@pgf@toka=\toks25
\t@pgf@tokb=\toks26
\t@pgf@tokc=\toks27
\pgf@sys@id@count=\count292

("/Library/Application Support/MiKTeX/texmfs/install/tex/generic/pgf/systemlaye
r/pgf.cfg"
File: pgf.cfg 2023-01-15 v3.1.10 (3.1.10)
)
Driver file for pgf: pgfsys-luatex.def

("/Library/Application Support/MiKTeX/texmfs/install/tex/generic/pgf/systemlaye
r/pgfsys-luatex.def"
File: pgfsys-luatex.def 2023-01-15 v3.1.10 (3.1.10)

("/Library/Application Support/MiKTeX/texmfs/install/tex/generic/pgf/systemlaye
r/pgfsys-common-pdf.def"
File: pgfsys-common-pdf.def 2023-01-15 v3.1.10 (3.1.10)
)))
("/Library/Application Support/MiKTeX/texmfs/install/tex/generic/pgf/systemlaye
r/pgfsyssoftpath.code.tex"
File: pgfsyssoftpath.code.tex 2023-01-15 v3.1.10 (3.1.10)
\pgfsyssoftpath@smallbuffer@items=\count293
\pgfsyssoftpath@bigbuffer@items=\count294
)
("/Library/Application Support/MiKTeX/texmfs/install/tex/generic/pgf/systemlaye
r/pgfsysprotocol.code.tex"
File: pgfsysprotocol.code.tex 2023-01-15 v3.1.10 (3.1.10)
))
("/Library/Application Support/MiKTeX/texmfs/install/tex/latex/xcolor/xcolor.st
y"
Package: xcolor 2024/09/29 v3.02 LaTeX color extensions (UK)

("/Library/Application Support/MiKTeX/texmfs/install/tex/latex/graphics-cfg/col
or.cfg"
File: color.cfg 2016/01/02 v1.6 sample color configuration
)
Package xcolor Info: Driver file: luatex.def on input line 274.

("/Library/Application Support/MiKTeX/texmfs/install/tex/latex/graphics/mathcol
or.ltx")
Package xcolor Info: Model `cmy' substituted by `cmy0' on input line 1349.
Package xcolor Info: Model `hsb' substituted by `rgb' on input line 1353.
Package xcolor Info: Model `RGB' extended on input line 1365.
Package xcolor Info: Model `HTML' substituted by `rgb' on input line 1367.
Package xcolor Info: Model `Hsb' substituted by `hsb' on input line 1368.
Package xcolor Info: Model `tHsb' substituted by `hsb' on input line 1369.
Package xcolor Info: Model `HSB' substituted by `hsb' on input line 1370.
Package xcolor Info: Model `Gray' substituted by `gray' on input line 1371.
Package xcolor Info: Model `wave' substituted by `hsb' on input line 1372.
)
("/Library/Application Support/MiKTeX/texmfs/install/tex/generic/pgf/basiclayer
/pgfcore.code.tex"
Package: pgfcore 2023-01-15 v3.1.10 (3.1.10)

("/Library/Application Support/MiKTeX/texmfs/install/tex/generic/pgf/math/pgfma
th.code.tex"
("/Library/Application Support/MiKTeX/texmfs/install/tex/generic/pgf/math/pgfma
thutil.code.tex")
("/Library/Application Support/MiKTeX/texmfs/install/tex/generic/pgf/math/pgfma
thparser.code.tex"
\pgfmath@dimen=\dimen168
\pgfmath@count=\count295
\pgfmath@box=\box54
\pgfmath@toks=\toks28
\pgfmath@stack@operand=\toks29
\pgfmath@stack@operation=\toks30
)
("/Library/Application Support/MiKTeX/texmfs/install/tex/generic/pgf/math/pgfma
thfunctions.code.tex")
("/Library/Application Support/MiKTeX/texmfs/install/tex/generic/pgf/math/pgfma
thfunctions.basic.code.tex")
("/Library/Application Support/MiKTeX/texmfs/install/tex/generic/pgf/math/pgfma
thfunctions.trigonometric.code.tex")
("/Library/Application Support/MiKTeX/texmfs/install/tex/generic/pgf/math/pgfma
thfunctions.random.code.tex")
("/Library/Application Support/MiKTeX/texmfs/install/tex/generic/pgf/math/pgfma
thfunctions.comparison.code.tex")
("/Library/Application Support/MiKTeX/texmfs/install/tex/generic/pgf/math/pgfma
thfunctions.base.code.tex")
("/Library/Application Support/MiKTeX/texmfs/install/tex/generic/pgf/math/pgfma
thfunctions.round.code.tex")
("/Library/Application Support/MiKTeX/texmfs/install/tex/generic/pgf/math/pgfma
thfunctions.misc.code.tex")
("/Library/Application Support/MiKTeX/texmfs/install/tex/generic/pgf/math/pgfma
thfunctions.integerarithmetics.code.tex")
("/Library/Application Support/MiKTeX/texmfs/install/tex/generic/pgf/math/pgfma
thcalc.code.tex")
("/Library/Application Support/MiKTeX/texmfs/install/tex/generic/pgf/math/pgfma
thfloat.code.tex"
\c@pgfmathroundto@lastzeros=\count296
))
("/Library/Application Support/MiKTeX/texmfs/install/tex/generic/pgf/math/pgfin
t.code.tex")
("/Library/Application Support/MiKTeX/texmfs/install/tex/generic/pgf/basiclayer
/pgfcorepoints.code.tex"
File: pgfcorepoints.code.tex 2023-01-15 v3.1.10 (3.1.10)
\pgf@picminx=\dimen169
\pgf@picmaxx=\dimen170
\pgf@picminy=\dimen171
\pgf@picmaxy=\dimen172
\pgf@pathminx=\dimen173
\pgf@pathmaxx=\dimen174
\pgf@pathminy=\dimen175
\pgf@pathmaxy=\dimen176
\pgf@xx=\dimen177
\pgf@xy=\dimen178
\pgf@yx=\dimen179
\pgf@yy=\dimen180
\pgf@zx=\dimen181
\pgf@zy=\dimen182
)
("/Library/Application Support/MiKTeX/texmfs/install/tex/generic/pgf/basiclayer
/pgfcorepathconstruct.code.tex"
File: pgfcorepathconstruct.code.tex 2023-01-15 v3.1.10 (3.1.10)
\pgf@path@lastx=\dimen183
\pgf@path@lasty=\dimen184
)
("/Library/Application Support/MiKTeX/texmfs/install/tex/generic/pgf/basiclayer
/pgfcorepathusage.code.tex"
File: pgfcorepathusage.code.tex 2023-01-15 v3.1.10 (3.1.10)
\pgf@shorten@end@additional=\dimen185
\pgf@shorten@start@additional=\dimen186
)
("/Library/Application Support/MiKTeX/texmfs/install/tex/generic/pgf/basiclayer
/pgfcorescopes.code.tex"
File: pgfcorescopes.code.tex 2023-01-15 v3.1.10 (3.1.10)
\pgfpic=\box55
\pgf@hbox=\box56
\pgf@layerbox@main=\box57
\pgf@picture@serial@count=\count297
)
("/Library/Application Support/MiKTeX/texmfs/install/tex/generic/pgf/basiclayer
/pgfcoregraphicstate.code.tex"
File: pgfcoregraphicstate.code.tex 2023-01-15 v3.1.10 (3.1.10)
\pgflinewidth=\dimen187
)
("/Library/Application Support/MiKTeX/texmfs/install/tex/generic/pgf/basiclayer
/pgfcoretransformations.code.tex"
File: pgfcoretransformations.code.tex 2023-01-15 v3.1.10 (3.1.10)
\pgf@pt@x=\dimen188
\pgf@pt@y=\dimen189
\pgf@pt@temp=\dimen190
)
("/Library/Application Support/MiKTeX/texmfs/install/tex/generic/pgf/basiclayer
/pgfcorequick.code.tex"
File: pgfcorequick.code.tex 2023-01-15 v3.1.10 (3.1.10)
)
("/Library/Application Support/MiKTeX/texmfs/install/tex/generic/pgf/basiclayer
/pgfcoreobjects.code.tex"
File: pgfcoreobjects.code.tex 2023-01-15 v3.1.10 (3.1.10)
)
("/Library/Application Support/MiKTeX/texmfs/install/tex/generic/pgf/basiclayer
/pgfcorepathprocessing.code.tex"
File: pgfcorepathprocessing.code.tex 2023-01-15 v3.1.10 (3.1.10)
)
("/Library/Application Support/MiKTeX/texmfs/install/tex/generic/pgf/basiclayer
/pgfcorearrows.code.tex"
File: pgfcorearrows.code.tex 2023-01-15 v3.1.10 (3.1.10)
\pgfarrowsep=\dimen191
)
("/Library/Application Support/MiKTeX/texmfs/install/tex/generic/pgf/basiclayer
/pgfcoreshade.code.tex"
File: pgfcoreshade.code.tex 2023-01-15 v3.1.10 (3.1.10)
\pgf@max=\dimen192
\pgf@sys@shading@range@num=\count298
\pgf@shadingcount=\count299
)
("/Library/Application Support/MiKTeX/texmfs/install/tex/generic/pgf/basiclayer
/pgfcoreimage.code.tex"
File: pgfcoreimage.code.tex 2023-01-15 v3.1.10 (3.1.10)
)
("/Library/Application Support/MiKTeX/texmfs/install/tex/generic/pgf/basiclayer
/pgfcoreexternal.code.tex"
File: pgfcoreexternal.code.tex 2023-01-15 v3.1.10 (3.1.10)
\pgfexternal@startupbox=\box58
)
("/Library/Application Support/MiKTeX/texmfs/install/tex/generic/pgf/basiclayer
/pgfcorelayers.code.tex"
File: pgfcorelayers.code.tex 2023-01-15 v3.1.10 (3.1.10)
)
("/Library/Application Support/MiKTeX/texmfs/install/tex/generic/pgf/basiclayer
/pgfcoretransparency.code.tex"
File: pgfcoretransparency.code.tex 2023-01-15 v3.1.10 (3.1.10)
)
("/Library/Application Support/MiKTeX/texmfs/install/tex/generic/pgf/basiclayer
/pgfcorepatterns.code.tex"
File: pgfcorepatterns.code.tex 2023-01-15 v3.1.10 (3.1.10)
)
("/Library/Application Support/MiKTeX/texmfs/install/tex/generic/pgf/basiclayer
/pgfcorerdf.code.tex"
File: pgfcorerdf.code.tex 2023-01-15 v3.1.10 (3.1.10)
)))
("/Library/Application Support/MiKTeX/texmfs/install/tex/generic/pgf/modules/pg
fmoduleshapes.code.tex"
File: pgfmoduleshapes.code.tex 2023-01-15 v3.1.10 (3.1.10)
\pgfnodeparttextbox=\box59
)
("/Library/Application Support/MiKTeX/texmfs/install/tex/generic/pgf/modules/pg
fmoduleplot.code.tex"
File: pgfmoduleplot.code.tex 2023-01-15 v3.1.10 (3.1.10)
)
("/Library/Application Support/MiKTeX/texmfs/install/tex/latex/pgf/compatibilit
y/pgfcomp-version-0-65.sty"
Package: pgfcomp-version-0-65 2023-01-15 v3.1.10 (3.1.10)
\pgf@nodesepstart=\dimen193
\pgf@nodesepend=\dimen194
)
("/Library/Application Support/MiKTeX/texmfs/install/tex/latex/pgf/compatibilit
y/pgfcomp-version-1-18.sty"
Package: pgfcomp-version-1-18 2023-01-15 v3.1.10 (3.1.10)
))
("/Library/Application Support/MiKTeX/texmfs/install/tex/latex/pgf/utilities/pg
ffor.sty"
("/Library/Application Support/MiKTeX/texmfs/install/tex/latex/pgf/utilities/pg
fkeys.sty"
("/Library/Application Support/MiKTeX/texmfs/install/tex/generic/pgf/utilities/
pgfkeys.code.tex"))
("/Library/Application Support/MiKTeX/texmfs/install/tex/latex/pgf/math/pgfmath
.sty"
("/Library/Application Support/MiKTeX/texmfs/install/tex/generic/pgf/math/pgfma
th.code.tex"))
("/Library/Application Support/MiKTeX/texmfs/install/tex/generic/pgf/utilities/
pgffor.code.tex"
Package: pgffor 2023-01-15 v3.1.10 (3.1.10)
\pgffor@iter=\dimen195
\pgffor@skip=\dimen196
\pgffor@stack=\toks31
\pgffor@toks=\toks32
))
("/Library/Application Support/MiKTeX/texmfs/install/tex/generic/pgf/frontendla
yer/tikz/tikz.code.tex"
Package: tikz 2023-01-15 v3.1.10 (3.1.10)

("/Library/Application Support/MiKTeX/texmfs/install/tex/generic/pgf/libraries/
pgflibraryplothandlers.code.tex"
File: pgflibraryplothandlers.code.tex 2023-01-15 v3.1.10 (3.1.10)
\pgf@plot@mark@count=\count300
\pgfplotmarksize=\dimen197
)
\tikz@lastx=\dimen198
\tikz@lasty=\dimen199
\tikz@lastxsaved=\dimen256
\tikz@lastysaved=\dimen257
\tikz@lastmovetox=\dimen258
\tikz@lastmovetoy=\dimen259
\tikzleveldistance=\dimen260
\tikzsiblingdistance=\dimen261
\tikz@figbox=\box60
\tikz@figbox@bg=\box61
\tikz@tempbox=\box62
\tikz@tempbox@bg=\box63
\tikztreelevel=\count301
\tikznumberofchildren=\count302
\tikznumberofcurrentchild=\count303
\tikz@fig@count=\count304

("/Library/Application Support/MiKTeX/texmfs/install/tex/generic/pgf/modules/pg
fmodulematrix.code.tex"
File: pgfmodulematrix.code.tex 2023-01-15 v3.1.10 (3.1.10)
\pgfmatrixcurrentrow=\count305
\pgfmatrixcurrentcolumn=\count306
\pgf@matrix@numberofcolumns=\count307
)
\tikz@expandcount=\count308

("/Library/Application Support/MiKTeX/texmfs/install/tex/generic/pgf/frontendla
yer/tikz/libraries/tikzlibrarytopaths.code.tex"
File: tikzlibrarytopaths.code.tex 2023-01-15 v3.1.10 (3.1.10)
)))
("/Library/Application Support/MiKTeX/texmfs/install/tex/generic/pgf/frontendla
yer/tikz/libraries/tikzlibraryarrows.code.tex"
File: tikzlibraryarrows.code.tex 2023-01-15 v3.1.10 (3.1.10)

("/Library/Application Support/MiKTeX/texmfs/install/tex/generic/pgf/libraries/
pgflibraryarrows.code.tex"
File: pgflibraryarrows.code.tex 2023-01-15 v3.1.10 (3.1.10)
\arrowsize=\dimen262
))
("/Library/Application Support/MiKTeX/texmfs/install/tex/generic/pgf/frontendla
yer/tikz/libraries/tikzlibraryshapes.code.tex"
File: tikzlibraryshapes.code.tex 2023-01-15 v3.1.10 (3.1.10)

("/Library/Application Support/MiKTeX/texmfs/install/tex/generic/pgf/frontendla
yer/tikz/libraries/tikzlibraryshapes.geometric.code.tex"
File: tikzlibraryshapes.geometric.code.tex 2023-01-15 v3.1.10 (3.1.10)

("/Library/Application Support/MiKTeX/texmfs/install/tex/generic/pgf/libraries/
shapes/pgflibraryshapes.geometric.code.tex"
File: pgflibraryshapes.geometric.code.tex 2023-01-15 v3.1.10 (3.1.10)
))
("/Library/Application Support/MiKTeX/texmfs/install/tex/generic/pgf/frontendla
yer/tikz/libraries/tikzlibraryshapes.misc.code.tex"
File: tikzlibraryshapes.misc.code.tex 2023-01-15 v3.1.10 (3.1.10)

("/Library/Application Support/MiKTeX/texmfs/install/tex/generic/pgf/libraries/
shapes/pgflibraryshapes.misc.code.tex"
File: pgflibraryshapes.misc.code.tex 2023-01-15 v3.1.10 (3.1.10)
))
("/Library/Application Support/MiKTeX/texmfs/install/tex/generic/pgf/frontendla
yer/tikz/libraries/tikzlibraryshapes.symbols.code.tex"
File: tikzlibraryshapes.symbols.code.tex 2023-01-15 v3.1.10 (3.1.10)

("/Library/Application Support/MiKTeX/texmfs/install/tex/generic/pgf/libraries/
shapes/pgflibraryshapes.symbols.code.tex"
File: pgflibraryshapes.symbols.code.tex 2023-01-15 v3.1.10 (3.1.10)
))
("/Library/Application Support/MiKTeX/texmfs/install/tex/generic/pgf/frontendla
yer/tikz/libraries/tikzlibraryshapes.arrows.code.tex"
File: tikzlibraryshapes.arrows.code.tex 2023-01-15 v3.1.10 (3.1.10)

("/Library/Application Support/MiKTeX/texmfs/install/tex/generic/pgf/libraries/
shapes/pgflibraryshapes.arrows.code.tex"
File: pgflibraryshapes.arrows.code.tex 2023-01-15 v3.1.10 (3.1.10)
))
("/Library/Application Support/MiKTeX/texmfs/install/tex/generic/pgf/frontendla
yer/tikz/libraries/tikzlibraryshapes.callouts.code.tex"
("/Library/Application Support/MiKTeX/texmfs/install/tex/generic/pgf/libraries/
shapes/pgflibraryshapes.callouts.code.tex"))
("/Library/Application Support/MiKTeX/texmfs/install/tex/generic/pgf/frontendla
yer/tikz/libraries/tikzlibraryshapes.multipart.code.tex"
File: tikzlibraryshapes.multipart.code.tex 2023-01-15 v3.1.10 (3.1.10)

("/Library/Application Support/MiKTeX/texmfs/install/tex/generic/pgf/libraries/
shapes/pgflibraryshapes.multipart.code.tex"
File: pgflibraryshapes.multipart.code.tex 2023-01-15 v3.1.10 (3.1.10)
\pgfnodepartlowerbox=\box64
\pgfnodeparttwobox=\box65
\pgfnodepartthreebox=\box66
\pgfnodepartfourbox=\box67
\pgfnodeparttwentybox=\box68
\pgfnodepartnineteenbox=\box69
\pgfnodeparteighteenbox=\box70
\pgfnodepartseventeenbox=\box71
\pgfnodepartsixteenbox=\box72
\pgfnodepartfifteenbox=\box73
\pgfnodepartfourteenbox=\box74
\pgfnodepartthirteenbox=\box75
\pgfnodeparttwelvebox=\box76
\pgfnodepartelevenbox=\box77
\pgfnodeparttenbox=\box78
\pgfnodepartninebox=\box79
\pgfnodeparteightbox=\box80
\pgfnodepartsevenbox=\box81
\pgfnodepartsixbox=\box82
\pgfnodepartfivebox=\box83
)))
("/Library/Application Support/MiKTeX/texmfs/install/tex/generic/pgf/frontendla
yer/tikz/libraries/tikzlibrarypositioning.code.tex"
File: tikzlibrarypositioning.code.tex 2023-01-15 v3.1.10 (3.1.10)
)
("/Users/julien/Library/Application Support/MiKTeX/texmfs/install/tex/latex/tit
ling/titling.sty"
Package: titling 2009/09/04 v2.1d maketitle typesetting
\thanksmarkwidth=\skip51
\thanksmargin=\skip52
\droptitle=\skip53
) (./tikz-uml.sty
Package: tikz-uml 2011/01/26

("/Library/Application Support/MiKTeX/texmfs/install/tex/latex/base/ifthen.sty"
Package: ifthen 2024/03/16 v1.1e Standard LaTeX ifthen package (DPC)
)
("/Users/julien/Library/Application Support/MiKTeX/texmfs/install/tex/latex/xst
ring/xstring.sty"
("/Users/julien/Library/Application Support/MiKTeX/texmfs/install/tex/generic/x
string/xstring.tex"
\xs_counta=\count309
\xs_countb=\count310
)
Package: xstring 2023/08/22 v1.86 String manipulations (CT)
)
("/Library/Application Support/MiKTeX/texmfs/install/tex/latex/tools/calc.sty"
Package: calc 2023/07/08 v4.3 Infix arithmetic (KKT,FJ)
\calc@Acount=\count311
\calc@Bcount=\count312
\calc@Adimen=\dimen263
\calc@Bdimen=\dimen264
\calc@Askip=\skip54
\calc@Bskip=\skip55
LaTeX Info: Redefining \setlength on input line 80.
LaTeX Info: Redefining \addtolength on input line 81.
\calc@Ccount=\count313
\calc@Cskip=\skip56
)
("/Users/julien/Library/Application Support/MiKTeX/texmfs/install/tex/latex/pgf
opts/pgfopts.sty"
Package: pgfopts 2014/07/10 v2.1a LaTeX package options with pgfkeys
\pgfopts@list@add@a@toks=\toks33
\pgfopts@list@add@b@toks=\toks34
)
("/Library/Application Support/MiKTeX/texmfs/install/tex/generic/pgf/frontendla
yer/tikz/libraries/tikzlibrarybackgrounds.code.tex"
File: tikzlibrarybackgrounds.code.tex 2023-01-15 v3.1.10 (3.1.10)
\pgf@layerbox@background=\box84
\pgf@layerboxsaved@background=\box85
)
("/Library/Application Support/MiKTeX/texmfs/install/tex/generic/pgf/frontendla
yer/tikz/libraries/tikzlibraryfit.code.tex"
File: tikzlibraryfit.code.tex 2023-01-15 v3.1.10 (3.1.10)
)
("/Library/Application Support/MiKTeX/texmfs/install/tex/generic/pgf/frontendla
yer/tikz/libraries/tikzlibraryshadows.code.tex"
File: tikzlibraryshadows.code.tex 2023-01-15 v3.1.10 (3.1.10)

("/Library/Application Support/MiKTeX/texmfs/install/tex/generic/pgf/frontendla
yer/tikz/libraries/tikzlibraryfadings.code.tex"
File: tikzlibraryfadings.code.tex 2023-01-15 v3.1.10 (3.1.10)

("/Library/Application Support/MiKTeX/texmfs/install/tex/generic/pgf/libraries/
pgflibraryfadings.code.tex"
File: pgflibraryfadings.code.tex 2023-01-15 v3.1.10 (3.1.10)
)))
("/Library/Application Support/MiKTeX/texmfs/install/tex/generic/pgf/frontendla
yer/tikz/libraries/tikzlibrarydecorations.markings.code.tex"
("/Library/Application Support/MiKTeX/texmfs/install/tex/generic/pgf/frontendla
yer/tikz/libraries/tikzlibrarydecorations.code.tex"
("/Library/Application Support/MiKTeX/texmfs/install/tex/generic/pgf/modules/pg
fmoduledecorations.code.tex"
\pgfdecoratedcompleteddistance=\dimen265
\pgfdecoratedremainingdistance=\dimen266
\pgfdecoratedinputsegmentcompleteddistance=\dimen267
\pgfdecoratedinputsegmentremainingdistance=\dimen268
\pgf@decorate@distancetomove=\dimen269
\pgf@decorate@repeatstate=\count314
\pgfdecorationsegmentamplitude=\dimen270
\pgfdecorationsegmentlength=\dimen271
)
\tikz@lib@dec@box=\box86
)
("/Library/Application Support/MiKTeX/texmfs/install/tex/generic/pgf/libraries/
decorations/pgflibrarydecorations.markings.code.tex"))
\c@tikzumlPackageLayers=\count315
\pgf@layerbox@package0=\box87
\pgf@layerboxsaved@package0=\box88
\pgf@layerbox@package1=\box89
\pgf@layerboxsaved@package1=\box90
\pgf@layerbox@package2=\box91
\pgf@layerboxsaved@package2=\box92
\pgf@layerbox@package3=\box93
\pgf@layerboxsaved@package3=\box94
\c@tikzumlFragmentLayers=\count316
\pgf@layerbox@fragment0=\box95
\pgf@layerboxsaved@fragment0=\box96
\pgf@layerbox@fragment1=\box97
\pgf@layerboxsaved@fragment1=\box98
\pgf@layerbox@fragment2=\box99
\pgf@layerboxsaved@fragment2=\box100
\pgf@layerbox@fragment3=\box101
\pgf@layerboxsaved@fragment3=\box102
\c@tikzumlStateLayers=\count317
\pgf@layerbox@state0=\box103
\pgf@layerboxsaved@state0=\box104
\pgf@layerbox@state1=\box105
\pgf@layerboxsaved@state1=\box106
\pgf@layerbox@state2=\box107
\pgf@layerboxsaved@state2=\box108
\pgf@layerbox@state3=\box109
\pgf@layerboxsaved@state3=\box110
\c@tikzumlComponentLayers=\count318
\pgf@layerbox@component0=\box111
\pgf@layerboxsaved@component0=\box112
\pgf@layerbox@component1=\box113
\pgf@layerboxsaved@component1=\box114
\pgf@layerbox@component2=\box115
\pgf@layerboxsaved@component2=\box116
\pgf@layerbox@component3=\box117
\pgf@layerboxsaved@component3=\box118
\pgf@layerbox@lifelines=\box119
\pgf@layerboxsaved@lifelines=\box120
\pgf@layerbox@activity=\box121
\pgf@layerboxsaved@activity=\box122
\pgf@layerbox@connections=\box123
\pgf@layerboxsaved@connections=\box124
\c@tikzumlPackageClassNum=\count319
\c@tikzumlPackageSubPackageNum=\count320
\c@tikzumlRelationNum=\count321
\c@tikzumlNoteNum=\count322
\c@pos=\count323
\c@posT=\count324
\c@posStereo=\count325
\c@tikzumlPackageLevel=\count326
\tikzumlNestingSymbolSize=\dimen272
\c@tikzumlSystemUseCaseNum=\count327
\c@tikzumlSystemLevel=\count328
\c@tikzumlUseCaseNum=\count329
\c@tikzumlActorNum=\count330
\c@tikzumlStateJoinNum=\count331
\c@tikzumlStateDecisionNum=\count332
\c@tikzumlStateInitialNum=\count333
\c@tikzumlStateFinalNum=\count334
\c@tikzumlStateEnterNum=\count335
\c@tikzumlStateExitNum=\count336
\c@tikzumlStateEndNum=\count337
\c@tikzumlStateHistoryNum=\count338
\c@tikzumlStateDeepHistoryNum=\count339
\c@tikzumlStateLevel=\count340
\c@tikzumlStateSubStateNum=\count341
\c@tikzumlStateText=\count342
\c@tikzumlObjectNum=\count343
\c@tikzumlCallLevel=\count344
\c@tikzumlCallNum=\count345
\c@tikzumlFragmentLevel=\count346
\c@tikzumlFragmentLevelNum=\count347
\c@tikzumlFragmentNum=\count348
\c@tikzumlFragmentPartNum=\count349
\c@tikzumlCallStartFragmentNum=\count350
\c@tikzumlCallEndFragmentNum=\count351
\c@tikzumlSDNodeNum=\count352
\tikzumlCall@xa=\skip57
\tikzumlCall@xb=\skip58
\c@tikzumlComponentLevel=\count353
\c@tikzumlComponentSubComponentNum=\count354
\c@tikzumlConnectorNum=\count355
\tikzuml@AC@xa=\skip59
\tikzuml@AC@ya=\skip60
\tikzuml@AC@xb=\skip61
\tikzuml@AC@yb=\skip62
\tikzuml@AC@xi=\skip63
\tikzuml@AC@yi=\skip64
\tikzuml@AC@xic=\skip65
\tikzuml@AC@yic=\skip66
\tikzuml@AC@xio=\skip67
\tikzuml@AC@yio=\skip68
\tikzuml@AC@AB=\skip69
\tikzuml@AC@lambda=\skip70
\tikzuml@AC@xtrc=\skip71
\tikzuml@AC@ytrc=\skip72
\tikzuml@AC@xtlc=\skip73
\tikzuml@AC@ytlc=\skip74
\tikzuml@AC@xblc=\skip75
\tikzuml@AC@yblc=\skip76
\tikzuml@AC@xbrc=\skip77
\tikzuml@AC@ybrc=\skip78
\tikzuml@AC@middleArm=\skip79
)
("/Users/julien/Library/Application Support/MiKTeX/texmfs/install/tex/latex/pgf
-umlsd/pgf-umlsd.sty"
Package: pgf-umlsd 2011/07/27 v0.6 Some LaTeX macros for UML Sequence Diagrams.

\c@preinst=\count356
\c@instnum=\count357
\c@threadnum=\count358
\c@seqlevel=\count359
\c@callevel=\count360
\c@callselflevel=\count361
\c@blocklevel=\count362
)
("/Library/Application Support/MiKTeX/texmfs/install/tex/generic/pgf/libraries/
pgflibraryarrows.meta.code.tex"
File: pgflibraryarrows.meta.code.tex 2023-01-15 v3.1.10 (3.1.10)
\pgfarrowinset=\dimen273
\pgfarrowlength=\dimen274
\pgfarrowwidth=\dimen275
\pgfarrowlinewidth=\dimen276
)
("/Library/Application Support/MiKTeX/texmfs/install/tex/generic/pgf/frontendla
yer/tikz/libraries/tikzlibrarycalc.code.tex"
File: tikzlibrarycalc.code.tex 2023-01-15 v3.1.10 (3.1.10)
)
("/Users/julien/Library/Application Support/MiKTeX/texmfs/install/tex/latex/geo
metry/geometry.sty"
Package: geometry 2020/01/02 v5.9 Page Geometry

("/Library/Application Support/MiKTeX/texmfs/install/tex/generic/iftex/ifvtex.s
ty"
Package: ifvtex 2019/10/25 v1.7 ifvtex legacy package. Use iftex instead.

("/Library/Application Support/MiKTeX/texmfs/install/tex/generic/iftex/iftex.st
y"
Package: iftex 2024/12/12 v1.0g TeX engine tests
))
\Gm@cnth=\count363
\Gm@cntv=\count364
\c@Gm@tempcnt=\count365
\Gm@bindingoffset=\dimen277
\Gm@wd@mp=\dimen278
\Gm@odd@mp=\dimen279
\Gm@even@mp=\dimen280
\Gm@layoutwidth=\dimen281
\Gm@layoutheight=\dimen282
\Gm@layouthoffset=\dimen283
\Gm@layoutvoffset=\dimen284
\Gm@dimlist=\toks35

("/Users/julien/Library/Application Support/MiKTeX/texmfs/install/tex/latex/geo
metry/geometry.cfg"))
("/Library/Application Support/MiKTeX/texmfs/install/tex/latex/biblatex/biblate
x.sty"
Package: biblatex 2024/03/21 v3.20 programmable bibliographies (PK/MW)

("/Library/Application Support/MiKTeX/texmfs/install/tex/generic/pdftexcmds/pdf
texcmds.sty"
Package: pdftexcmds 2020-06-27 v0.33 Utility functions of pdfTeX for LuaTeX (HO
)

("/Users/julien/Library/Application Support/MiKTeX/texmfs/install/tex/generic/i
nfwarerr/infwarerr.sty"
Package: infwarerr 2019/12/03 v1.5 Providing info/warning/error messages (HO)
)
("/Users/julien/Library/Application Support/MiKTeX/texmfs/install/tex/generic/l
txcmds/ltxcmds.sty"
Package: ltxcmds 2023-12-04 v1.26 LaTeX kernel commands for general use (HO)
)
Package pdftexcmds Info: \pdf@primitive is available.
Package pdftexcmds Info: \pdf@ifprimitive is available.
Package pdftexcmds Info: \pdfdraftmode found.
\pdftexcmds@toks=\toks36
)
("/Library/Application Support/MiKTeX/texmfs/install/tex/latex/etoolbox/etoolbo
x.sty"
Package: etoolbox 2025/02/11 v2.5l e-TeX tools for LaTeX (JAW)
\etb@tempcnta=\count366
)
("/Users/julien/Library/Application Support/MiKTeX/texmfs/install/tex/latex/kvo
ptions/kvoptions.sty"
Package: kvoptions 2022-06-15 v3.15 Key value format for package options (HO)

("/Users/julien/Library/Application Support/MiKTeX/texmfs/install/tex/latex/kvs
etkeys/kvsetkeys.sty"
Package: kvsetkeys 2022-10-05 v1.19 Key value parser (HO)
))
("/Users/julien/Library/Application Support/MiKTeX/texmfs/install/tex/latex/log
req/logreq.sty"
Package: logreq 2010/08/04 v1.0 xml request logger
\lrq@indent=\count367

("/Users/julien/Library/Application Support/MiKTeX/texmfs/install/tex/latex/log
req/logreq.def"
File: logreq.def 2010/08/04 v1.0 logreq spec v1.0
))
("/Library/Application Support/MiKTeX/texmfs/install/tex/latex/url/url.sty"
\Urlmuskip=\muskip17
Package: url 2013/09/16  ver 3.4  Verb mode for urls, etc.
)
\c@tabx@nest=\count368
\c@listtotal=\count369
\c@listcount=\count370
\c@liststart=\count371
\c@liststop=\count372
\c@citecount=\count373
\c@citetotal=\count374
\c@multicitecount=\count375
\c@multicitetotal=\count376
\c@instcount=\count377
\c@maxnames=\count378
\c@minnames=\count379
\c@maxitems=\count380
\c@minitems=\count381
\c@citecounter=\count382
\c@maxcitecounter=\count383
\c@savedcitecounter=\count384
\c@uniquelist=\count385
\c@uniquename=\count386
\c@refsection=\count387
\c@refsegment=\count388
\c@maxextratitle=\count389
\c@maxextratitleyear=\count390
\c@maxextraname=\count391
\c@maxextradate=\count392
\c@maxextraalpha=\count393
\c@abbrvpenalty=\count394
\c@highnamepenalty=\count395
\c@lownamepenalty=\count396
\c@maxparens=\count397
\c@parenlevel=\count398
\blx@tempcnta=\count399
\blx@tempcntb=\count400
\blx@tempcntc=\count401
\c@blx@maxsection=\count402
\blx@maxsegment@0=\count403
\blx@notetype=\count404
\blx@parenlevel@text=\count405
\blx@parenlevel@foot=\count406
\blx@sectionciteorder@0=\count407
\blx@sectionciteorderinternal@0=\count408
\blx@entrysetcounter=\count409
\blx@biblioinstance=\count410
\labelnumberwidth=\skip80
\labelalphawidth=\skip81
\biblabelsep=\skip82
\bibitemsep=\skip83
\bibnamesep=\skip84
\bibinitsep=\skip85
\bibparsep=\skip86
\bibhang=\skip87
\blx@bcfin=\read4
\blx@bcfout=\write4
\blx@langwohyphens=\language80
\c@mincomprange=\count411
\c@maxcomprange=\count412
\c@mincompwidth=\count413
Package biblatex Info: Trying to load biblatex default data model...
Package biblatex Info: ... file 'blx-dm.def' found.

("/Library/Application Support/MiKTeX/texmfs/install/tex/latex/biblatex/blx-dm.
def"
File: blx-dm.def 2024/03/21 v3.20 biblatex datamodel (PK/MW)
)
Package biblatex Info: Trying to load biblatex custom data model...
Package biblatex Info: ... file 'biblatex-dm.cfg' not found.
\c@afterword=\count414
\c@savedafterword=\count415
\c@annotator=\count416
\c@savedannotator=\count417
\c@author=\count418
\c@savedauthor=\count419
\c@bookauthor=\count420
\c@savedbookauthor=\count421
\c@commentator=\count422
\c@savedcommentator=\count423
\c@editor=\count424
\c@savededitor=\count425
\c@editora=\count426
\c@savededitora=\count427
\c@editorb=\count428
\c@savededitorb=\count429
\c@editorc=\count430
\c@savededitorc=\count431
\c@foreword=\count432
\c@savedforeword=\count433
\c@holder=\count434
\c@savedholder=\count435
\c@introduction=\count436
\c@savedintroduction=\count437
\c@namea=\count438
\c@savednamea=\count439
\c@nameb=\count440
\c@savednameb=\count441
\c@namec=\count442
\c@savednamec=\count443
\c@translator=\count444
\c@savedtranslator=\count445
\c@shortauthor=\count446
\c@savedshortauthor=\count447
\c@shorteditor=\count448
\c@savedshorteditor=\count449
\c@labelname=\count450
\c@savedlabelname=\count451
\c@institution=\count452
\c@savedinstitution=\count453
\c@lista=\count454
\c@savedlista=\count455
\c@listb=\count456
\c@savedlistb=\count457
\c@listc=\count458
\c@savedlistc=\count459
\c@listd=\count460
\c@savedlistd=\count461
\c@liste=\count462
\c@savedliste=\count463
\c@listf=\count464
\c@savedlistf=\count465
\c@location=\count466
\c@savedlocation=\count467
\c@organization=\count468
\c@savedorganization=\count469
\c@origlocation=\count470
\c@savedoriglocation=\count471
\c@origpublisher=\count472
\c@savedorigpublisher=\count473
\c@publisher=\count474
\c@savedpublisher=\count475
\c@language=\count476
\c@savedlanguage=\count477
\c@origlanguage=\count478
\c@savedoriglanguage=\count479
\c@pageref=\count480
\c@savedpageref=\count481
\shorthandwidth=\skip88
\shortjournalwidth=\skip89
\shortserieswidth=\skip90
\shorttitlewidth=\skip91
\shortauthorwidth=\skip92
\shorteditorwidth=\skip93
\locallabelnumberwidth=\skip94
\locallabelalphawidth=\skip95
\localshorthandwidth=\skip96
\localshortjournalwidth=\skip97
\localshortserieswidth=\skip98
\localshorttitlewidth=\skip99
\localshortauthorwidth=\skip100
\localshorteditorwidth=\skip101
Package biblatex Info: Trying to load enhanced support for Unicode engines...
Package biblatex Info: ... file 'blx-unicode.def' found.

("/Library/Application Support/MiKTeX/texmfs/install/tex/latex/biblatex/blx-uni
code.def")
Package biblatex Info: Trying to load compatibility code...
Package biblatex Info: ... file 'blx-compat.def' found.

("/Library/Application Support/MiKTeX/texmfs/install/tex/latex/biblatex/blx-com
pat.def"
File: blx-compat.def 2024/03/21 v3.20 biblatex compatibility (PK/MW)
)
Package biblatex Info: Trying to load generic definitions...
Package biblatex Info: ... file 'biblatex.def' found.

("/Library/Application Support/MiKTeX/texmfs/install/tex/latex/biblatex/biblate
x.def"
File: biblatex.def 2024/03/21 v3.20 biblatex compatibility (PK/MW)
\c@textcitecount=\count482
\c@textcitetotal=\count483
\c@textcitemaxnames=\count484
\c@biburlbigbreakpenalty=\count485
\c@biburlbreakpenalty=\count486
\c@biburlnumpenalty=\count487
\c@biburlucpenalty=\count488
\c@biburllcpenalty=\count489
\biburlbigskip=\muskip18
\biburlnumskip=\muskip19
\biburlucskip=\muskip20
\biburllcskip=\muskip21
\c@smartand=\count490
)
Package biblatex Info: Trying to load bibliography style 'numeric'...
Package biblatex Info: ... file 'numeric.bbx' found.

("/Library/Application Support/MiKTeX/texmfs/install/tex/latex/biblatex/bbx/num
eric.bbx"
File: numeric.bbx 2024/03/21 v3.20 biblatex bibliography style (PK/MW)
Package biblatex Info: Trying to load bibliography style 'standard'...
Package biblatex Info: ... file 'standard.bbx' found.

("/Library/Application Support/MiKTeX/texmfs/install/tex/latex/biblatex/bbx/sta
ndard.bbx"
File: standard.bbx 2024/03/21 v3.20 biblatex bibliography style (PK/MW)
\c@bbx:relatedcount=\count491
\c@bbx:relatedtotal=\count492
))
Package biblatex Info: Trying to load citation style 'numeric'...
Package biblatex Info: ... file 'numeric.cbx' found.

("/Library/Application Support/MiKTeX/texmfs/install/tex/latex/biblatex/cbx/num
eric.cbx"
File: numeric.cbx 2024/03/21 v3.20 biblatex citation style (PK/MW)
Package biblatex Info: Redefining '\cite'.
Package biblatex Info: Redefining '\parencite'.
Package biblatex Info: Redefining '\footcite'.
Package biblatex Info: Redefining '\footcitetext'.
Package biblatex Info: Redefining '\smartcite'.
Package biblatex Info: Redefining '\supercite'.
Package biblatex Info: Redefining '\textcite'.
Package biblatex Info: Redefining '\textcites'.
Package biblatex Info: Redefining '\cites'.
Package biblatex Info: Redefining '\parencites'.
Package biblatex Info: Redefining '\smartcites'.
)
Package biblatex Info: Trying to load configuration file...
Package biblatex Info: ... file 'biblatex.cfg' found.

("/Library/Application Support/MiKTeX/texmfs/install/tex/latex/biblatex/biblate
x.cfg"
File: biblatex.cfg 
)
Package biblatex Info: LuaTeX detected.
(biblatex)             Assuming input encoding 'utf8'.
Package biblatex Info: Document encoding is UTF8 ....
Package biblatex Info: ... and expl3
(biblatex)             2025-01-18 L3 programming layer (loader) 
(biblatex)             is new enough (at least 2020/04/06),
(biblatex)             setting 'casechanger=expl3'.

("/Library/Application Support/MiKTeX/texmfs/install/tex/latex/biblatex/blx-cas
e-expl3.sty"
Package: blx-case-expl3 2024/03/21 v3.20 expl3 case changing code for biblatex
))
("/Library/Application Support/MiKTeX/texmfs/install/tex/latex/hyperref/hyperre
f.sty"
Package: hyperref 2024-11-05 v7.01l Hypertext links for LaTeX

("/Users/julien/Library/Application Support/MiKTeX/texmfs/install/tex/generic/k
vdefinekeys/kvdefinekeys.sty"
Package: kvdefinekeys 2019-12-19 v1.6 Define keys (HO)
)
("/Users/julien/Library/Application Support/MiKTeX/texmfs/install/tex/generic/p
dfescape/pdfescape.sty"
Package: pdfescape 2019/12/09 v1.15 Implements pdfTeX's escape features (HO)
)
("/Users/julien/Library/Application Support/MiKTeX/texmfs/install/tex/latex/hyc
olor/hycolor.sty"
Package: hycolor 2020-01-27 v1.10 Color options for hyperref/bookmark (HO)
)
("/Library/Application Support/MiKTeX/texmfs/install/tex/latex/hyperref/nameref
.sty"
Package: nameref 2023-11-26 v2.56 Cross-referencing by name of section

("/Users/julien/Library/Application Support/MiKTeX/texmfs/install/tex/latex/ref
count/refcount.sty"
Package: refcount 2019/12/15 v3.6 Data extraction from label references (HO)
)
("/Users/julien/Library/Application Support/MiKTeX/texmfs/install/tex/generic/g
ettitlestring/gettitlestring.sty"
Package: gettitlestring 2019/12/15 v1.6 Cleanup title references (HO)
)
\c@section@level=\count493
)
("/Users/julien/Library/Application Support/MiKTeX/texmfs/install/tex/generic/s
tringenc/stringenc.sty"
Package: stringenc 2019/11/29 v1.12 Convert strings between diff. encodings (HO
)
)
\@linkdim=\dimen285
\Hy@linkcounter=\count494
\Hy@pagecounter=\count495

("/Library/Application Support/MiKTeX/texmfs/install/tex/latex/hyperref/pd1enc.
def"
File: pd1enc.def 2024-11-05 v7.01l Hyperref: PDFDocEncoding definition (HO)
)
("/Users/julien/Library/Application Support/MiKTeX/texmfs/install/tex/generic/i
ntcalc/intcalc.sty"
Package: intcalc 2019/12/15 v1.3 Expandable calculations with integers (HO)
)
\Hy@SavedSpaceFactor=\count496

("/Library/Application Support/MiKTeX/texmfs/install/tex/latex/hyperref/puenc.d
ef"
File: puenc.def 2024-11-05 v7.01l Hyperref: PDF Unicode definition (HO)
)
Package hyperref Info: Option `colorlinks' set `true' on input line 4040.
Package hyperref Info: Hyper figures OFF on input line 4157.
Package hyperref Info: Link nesting OFF on input line 4162.
Package hyperref Info: Hyper index ON on input line 4165.
Package hyperref Info: Plain pages OFF on input line 4172.
Package hyperref Info: Backreferencing OFF on input line 4177.
Package hyperref Info: Implicit mode ON; LaTeX internals redefined.
Package hyperref Info: Bookmarks ON on input line 4424.
\c@Hy@tempcnt=\count497
LaTeX Info: Redefining \url on input line 4763.
\XeTeXLinkMargin=\dimen286

("/Users/julien/Library/Application Support/MiKTeX/texmfs/install/tex/generic/b
itset/bitset.sty"
Package: bitset 2019/12/09 v1.3 Handle bit-vector datatype (HO)

("/Users/julien/Library/Application Support/MiKTeX/texmfs/install/tex/generic/b
igintcalc/bigintcalc.sty"
Package: bigintcalc 2019/12/15 v1.5 Expandable calculations on big integers (HO
)
))
\Fld@menulength=\count498
\Field@Width=\dimen287
\Fld@charsize=\dimen288
Package hyperref Info: Hyper figures OFF on input line 6042.
Package hyperref Info: Link nesting OFF on input line 6047.
Package hyperref Info: Hyper index ON on input line 6050.
Package hyperref Info: backreferencing OFF on input line 6057.
Package hyperref Info: Link coloring ON on input line 6060.
Package hyperref Info: Link coloring with OCG OFF on input line 6067.
Package hyperref Info: PDF/A mode OFF on input line 6072.

("/Library/Application Support/MiKTeX/texmfs/install/tex/latex/base/atbegshi-lt
x.sty"
Package: atbegshi-ltx 2021/01/10 v1.0c Emulation of the original atbegshi
package with kernel methods
)
\Hy@abspage=\count499
\c@Item=\count500
\c@Hfootnote=\count501
)
Package hyperref Info: Driver (autodetected): hluatex.

("/Library/Application Support/MiKTeX/texmfs/install/tex/latex/hyperref/hluatex
.def"
File: hluatex.def 2024-11-05 v7.01l Hyperref driver for luaTeX

("/Library/Application Support/MiKTeX/texmfs/install/tex/latex/base/atveryend-l
tx.sty"
Package: atveryend-ltx 2020/08/19 v1.0a Emulation of the original atveryend pac
kage
with kernel methods
)
\Fld@listcount=\count502
\c@bookmark@seq@number=\count503

("/Users/julien/Library/Application Support/MiKTeX/texmfs/install/tex/latex/rer
unfilecheck/rerunfilecheck.sty"
Package: rerunfilecheck 2022-07-10 v1.10 Rerun checks for auxiliary files (HO)

("/Users/julien/Library/Application Support/MiKTeX/texmfs/install/tex/generic/u
niquecounter/uniquecounter.sty"
Package: uniquecounter 2019/12/15 v1.4 Provide unlimited unique counter (HO)
)
Package uniquecounter Info: New unique counter `rerunfilecheck' on input line 2
85.
)
\Hy@SectionHShift=\skip102
)
("/Users/julien/Library/Application Support/MiKTeX/texmfs/install/tex/latex/flo
at/float.sty"
Package: float 2001/11/08 v1.3d Float enhancements (AL)
\c@float@type=\count504
\float@exts=\toks37
\float@box=\box125
\@float@everytoks=\toks38
\@floatcapt=\box126
)
("/Library/Application Support/MiKTeX/texmfs/install/tex/latex/amsfonts/amssymb
.sty"
Package: amssymb 2013/01/14 v3.01 AMS font symbols

("/Library/Application Support/MiKTeX/texmfs/install/tex/latex/amsfonts/amsfont
s.sty"
Package: amsfonts 2013/01/14 v3.01 Basic AMSFonts support
\@emptytoks=\toks39
\symAMSa=\mathgroup4
\symAMSb=\mathgroup5
LaTeX Font Info:    Redeclaring math symbol \hbar on input line 98.
LaTeX Font Info:    Overwriting math alphabet `\mathfrak' in version `bold'
(Font)                  U/euf/m/n --> U/euf/b/n on input line 106.
))
("/Users/julien/Library/Application Support/MiKTeX/texmfs/install/tex/latex/ams
cls/amsthm.sty"
Package: amsthm 2020/05/29 v2.20.6
\thm@style=\toks40
\thm@bodyfont=\toks41
\thm@headfont=\toks42
\thm@notefont=\toks43
\thm@headpunct=\toks44
\thm@preskip=\skip103
\thm@postskip=\skip104
\thm@headsep=\skip105
\dth@everypar=\toks45
)
("/Users/julien/Library/Application Support/MiKTeX/texmfs/install/tex/latex/dat
etime/datetime.sty"
Package: datetime 2015/03/20 v2.60 Date Time Package

("/Users/julien/Library/Application Support/MiKTeX/texmfs/install/tex/latex/fmt
count/fmtcount.sty"
Package: fmtcount 2025/02/09 v3.10 Displaying the values of LaTeX counters (NT,
VB,NE)

("/Library/Application Support/MiKTeX/texmfs/install/tex/latex/xkeyval/xkeyval.
sty"
Package: xkeyval 2022/06/16 v2.9 package option processing (HA)

("/Library/Application Support/MiKTeX/texmfs/install/tex/generic/xkeyval/xkeyva
l.tex"
("/Library/Application Support/MiKTeX/texmfs/install/tex/generic/xkeyval/xkvuti
ls.tex"
\XKV@toks=\toks46
\XKV@tempa@toks=\toks47
)
\XKV@depth=\count505
File: xkeyval.tex 2014/12/03 v2.7a key=value parser (HA)
))
("/Users/julien/Library/Application Support/MiKTeX/texmfs/install/tex/latex/fmt
count/fcprefix.sty"
Package: fcprefix 2012/09/28

("/Users/julien/Library/Application Support/MiKTeX/texmfs/install/tex/latex/fmt
count/fcnumparser.sty"
Package: fcnumparser 2017/06/15
\fc@digit@counter=\count506
))
("/Library/Application Support/MiKTeX/texmfs/install/tex/latex/amsmath/amsgen.s
ty"
File: amsgen.sty 1999/11/30 v2.0 generic functions
\@emptytoks=\toks48
\ex@=\dimen289
)
\c@padzeroesN=\count507
\fc@tmpcatcode=\count508

("/Users/julien/Library/Application Support/MiKTeX/texmfs/install/tex/latex/fmt
count/fc-french.def"
File: fc-french.def 2017/06/15
)
\@DT@modctr=\count509
\@ordinalctr=\count510
\@orgargctr=\count511
\@strctr=\count512
\@tmpstrctr=\count513
\@DT@loopN=\count514
\@DT@X=\count515
)
("/Users/julien/Library/Application Support/MiKTeX/texmfs/install/tex/latex/dat
etime/datetime-defaults.sty"
Package: datetime-defaults 2013/09/10
)
\@day=\count516
\@month=\count517
\@year=\count518
\c@HOUR=\count519
\c@HOURXII=\count520
\c@MINUTE=\count521
\c@TOHOUR=\count522
\c@TOMINUTE=\count523
\c@SECOND=\count524
\currenthour=\count525
\currentminute=\count526
\currentsecond=\count527
Package datetime Info: No datetime.cfg file found, using default settings on in
put line 308.
\@dtctr=\count528
\dayofyear=\count529
\dayofweek=\count530
LaTeX Info: Redefining \today on input line 736.

("/Users/julien/Library/Application Support/MiKTeX/texmfs/install/tex/latex/dat
etime/dt-french.def"
File: dt-french.def 2013/09/10
LaTeX Info: Redefining \datefrench on input line 91.
)
\dt@a=\toks49
\dt@b=\toks50
)
("/Users/julien/Library/Application Support/MiKTeX/texmfs/install/tex/latex/num
print/numprint.sty"
Package: numprint 2012/08/20 v1.39 Print numbers (HH)

("/Library/Application Support/MiKTeX/texmfs/install/tex/latex/tools/array.sty"
Package: array 2024/10/17 v2.6g Tabular extension package (FMi)
\col@sep=\dimen290
\ar@mcellbox=\box127
\extrarowheight=\dimen291
\NC@list=\toks51
\extratabsurround=\skip106
\backup@length=\skip107
\ar@cellbox=\box128
)
\c@nprt@mantissa@digitsbefore=\count531
\c@nprt@mantissa@digitsafter=\count532
\c@nprt@exponent@digitsbefore=\count533
\c@nprt@exponent@digitsafter=\count534
\nprt@digitwidth=\skip108
\nprt@sepwidth=\skip109
\nprt@decimalwidth=\skip110
\nprt@blockwidth=\skip111
\nprt@digittoks=\toks52
\nprt@pretoks=\toks53
\nprt@posttoks=\toks54
\nprt@thisdigit=\count535
\nprt@curpos=\count536
\nprt@rndpos=\count537
\c@nprt@digitsfirstblock=\count538
\c@nprt@blockcnt=\count539
\c@nprt@cntprint=\count540
 No configuration file `numprint.cfg' found.)

Package biblatex Warning: 'babel/polyglossia' detected but 'csquotes' missing.
(biblatex)                Loading 'csquotes' recommended.

\@quotelevel=\count541
\@quotereset=\count542
(./modeleRapportLatex.aux)
\openout1 = modeleRapportLatex.aux

LaTeX Font Info:    Checking defaults for OML/cmm/m/it on input line 40.
LaTeX Font Info:    ... okay on input line 40.
LaTeX Font Info:    Checking defaults for OMS/cmsy/m/n on input line 40.
LaTeX Font Info:    ... okay on input line 40.
LaTeX Font Info:    Checking defaults for OT1/cmr/m/n on input line 40.
LaTeX Font Info:    ... okay on input line 40.
LaTeX Font Info:    Checking defaults for T1/cmr/m/n on input line 40.
LaTeX Font Info:    ... okay on input line 40.
LaTeX Font Info:    Checking defaults for TS1/cmr/m/n on input line 40.
LaTeX Font Info:    ... okay on input line 40.
LaTeX Font Info:    Checking defaults for TU/lmr/m/n on input line 40.
LaTeX Font Info:    ... okay on input line 40.
LaTeX Font Info:    Checking defaults for OMX/cmex/m/n on input line 40.
LaTeX Font Info:    ... okay on input line 40.
LaTeX Font Info:    Checking defaults for U/cmr/m/n on input line 40.
LaTeX Font Info:    ... okay on input line 40.
LaTeX Font Info:    Checking defaults for PD1/pdf/m/n on input line 40.
LaTeX Font Info:    ... okay on input line 40.
LaTeX Font Info:    Checking defaults for PU/pdf/m/n on input line 40.
LaTeX Font Info:    ... okay on input line 40.

Package fontspec Info: 
(fontspec)             Adjusting the maths setup (use [no-math] to avoid
(fontspec)             this).

\symlegacymaths=\mathgroup6
LaTeX Font Info:    Overwriting symbol font `legacymaths' in version `bold'
(Font)                  OT1/cmr/m/n --> OT1/cmr/bx/n on input line 40.
LaTeX Font Info:    Redeclaring math accent \acute on input line 40.
LaTeX Font Info:    Redeclaring math accent \grave on input line 40.
LaTeX Font Info:    Redeclaring math accent \ddot on input line 40.
LaTeX Font Info:    Redeclaring math accent \tilde on input line 40.
LaTeX Font Info:    Redeclaring math accent \bar on input line 40.
LaTeX Font Info:    Redeclaring math accent \breve on input line 40.
LaTeX Font Info:    Redeclaring math accent \check on input line 40.
LaTeX Font Info:    Redeclaring math accent \hat on input line 40.
LaTeX Font Info:    Redeclaring math accent \dot on input line 40.
LaTeX Font Info:    Redeclaring math accent \mathring on input line 40.
LaTeX Font Info:    Redeclaring math symbol \colon on input line 40.
LaTeX Font Info:    Redeclaring math symbol \Gamma on input line 40.
LaTeX Font Info:    Redeclaring math symbol \Delta on input line 40.
LaTeX Font Info:    Redeclaring math symbol \Theta on input line 40.
LaTeX Font Info:    Redeclaring math symbol \Lambda on input line 40.
LaTeX Font Info:    Redeclaring math symbol \Xi on input line 40.
LaTeX Font Info:    Redeclaring math symbol \Pi on input line 40.
LaTeX Font Info:    Redeclaring math symbol \Sigma on input line 40.
LaTeX Font Info:    Redeclaring math symbol \Upsilon on input line 40.
LaTeX Font Info:    Redeclaring math symbol \Phi on input line 40.
LaTeX Font Info:    Redeclaring math symbol \Psi on input line 40.
LaTeX Font Info:    Redeclaring math symbol \Omega on input line 40.
LaTeX Font Info:    Redeclaring math symbol \mathdollar on input line 40.
LaTeX Font Info:    Redeclaring symbol font `operators' on input line 40.
LaTeX Font Info:    Encoding `OT1' has changed to `TU' for symbol font
(Font)              `operators' in the math version `normal' on input line 40.
LaTeX Font Info:    Overwriting symbol font `operators' in version `normal'
(Font)                  OT1/cmr/m/n --> TU/lmr/m/n on input line 40.
LaTeX Font Info:    Encoding `OT1' has changed to `TU' for symbol font
(Font)              `operators' in the math version `bold' on input line 40.
LaTeX Font Info:    Overwriting symbol font `operators' in version `bold'
(Font)                  OT1/cmr/bx/n --> TU/lmr/m/n on input line 40.
LaTeX Font Info:    Overwriting symbol font `operators' in version `normal'
(Font)                  TU/lmr/m/n --> TU/lmr/m/n on input line 40.
LaTeX Font Info:    Overwriting math alphabet `\mathit' in version `normal'
(Font)                  OT1/cmr/m/it --> TU/lmr/m/it on input line 40.
LaTeX Font Info:    Overwriting math alphabet `\mathbf' in version `normal'
(Font)                  OT1/cmr/bx/n --> TU/lmr/b/n on input line 40.
LaTeX Font Info:    Overwriting math alphabet `\mathsf' in version `normal'
(Font)                  OT1/cmss/m/n --> TU/lmss/m/n on input line 40.
LaTeX Font Info:    Overwriting math alphabet `\mathtt' in version `normal'
(Font)                  OT1/cmtt/m/n --> TU/lmtt/m/n on input line 40.
LaTeX Font Info:    Overwriting symbol font `operators' in version `bold'
(Font)                  TU/lmr/m/n --> TU/lmr/b/n on input line 40.
LaTeX Font Info:    Overwriting math alphabet `\mathit' in version `bold'
(Font)                  OT1/cmr/bx/it --> TU/lmr/b/it on input line 40.
LaTeX Font Info:    Overwriting math alphabet `\mathsf' in version `bold'
(Font)                  OT1/cmss/bx/n --> TU/lmss/b/n on input line 40.
LaTeX Font Info:    Overwriting math alphabet `\mathtt' in version `bold'
(Font)                  OT1/cmtt/m/n --> TU/lmtt/b/n on input line 40.
LaTeX Info: Redefining \up on input line 40.

("/Library/Application Support/MiKTeX/texmfs/install/tex/context/base/mkii/supp
-pdf.mkii"
[Loading MPS to PDF converter (version 2006.09.02).]
\scratchcounter=\count543
\scratchdimen=\dimen292
\scratchbox=\box129
\nofMPsegments=\count544
\nofMParguments=\count545
\everyMPshowfont=\toks55
\MPscratchCnt=\count546
\MPscratchDim=\dimen293
\MPnumerator=\count547
\makeMPintoPDFobject=\count548
\everyMPtoPDFconversion=\toks56
)
("/Library/Application Support/MiKTeX/texmfs/install/tex/latex/epstopdf-pkg/eps
topdf-base.sty"
Package: epstopdf-base 2020-01-24 v2.11 Base part for package epstopdf
Package epstopdf-base Info: Redefining graphics rule for `.eps' on input line 4
85.

("/Library/Application Support/MiKTeX/texmfs/install/tex/latex/00miktex/epstopd
f-sys.cfg"
File: epstopdf-sys.cfg 2021/03/18 v2.0 Configuration of epstopdf for MiKTeX
))
*geometry* driver: auto-detecting
*geometry* detected driver: luatex
*geometry* verbose mode - [ preamble ] result:
* driver: luatex
* paper: a4paper
* layout: <same size as paper>
* layoutoffset:(h,v)=(0.0pt,0.0pt)
* modes: 
* h-part:(L,W,R)=(89.62709pt, 418.25368pt, 89.6271pt)
* v-part:(T,H,B)=(101.40665pt, 591.5302pt, 152.11pt)
* \paperwidth=597.50787pt
* \paperheight=845.04684pt
* \textwidth=418.25368pt
* \textheight=591.5302pt
* \oddsidemargin=17.3571pt
* \evensidemargin=17.3571pt
* \topmargin=-7.86334pt
* \headheight=12.0pt
* \headsep=25.0pt
* \topskip=10.0pt
* \footskip=30.0pt
* \marginparwidth=57.0pt
* \marginparsep=11.0pt
* \columnsep=10.0pt
* \skip\footins=9.0pt plus 4.0pt minus 2.0pt
* \hoffset=0.0pt
* \voffset=0.0pt
* \mag=1000
* \@twocolumnfalse
* \@twosidefalse
* \@mparswitchfalse
* \@reversemarginfalse
* (1in=72.27pt=25.4mm, 1cm=28.453pt)

Package biblatex Info: Trying to load language 'french'...
Package biblatex Info: ... file 'french.lbx' found.

("/Library/Application Support/MiKTeX/texmfs/install/tex/latex/biblatex/lbx/fre
nch.lbx"
File: french.lbx 2024/03/21 v3.20 biblatex localization (PK/MW)
)
Package biblatex Info: LuaTeX detected.
(biblatex)             Assuming input encoding 'utf8'.
Package biblatex Info: Automatic encoding selection.
(biblatex)             Assuming data encoding 'utf8'.

\openout4 = modeleRapportLatex.bcf
Package biblatex Info: Trying to load bibliographic data...
Package biblatex Info: ... file 'modeleRapportLatex.bbl' found.
 (./modeleRapportLatex.bbl)
Package biblatex Info: Reference section=0 on input line 40.
Package biblatex Info: Reference segment=0 on input line 40.
Package hyperref Info: Link coloring ON on input line 40.
 (./modeleRapportLatex.out)
(./modeleRapportLatex.out)
\@outlinefile=\write5

\openout5 = modeleRapportLatex.out
<UM1.jpg, id=118, 811.03pt x 296.10625pt>
File: UM1.jpg Graphic file (type jpg)
<use UM1.jpg>
Package luatex.def Info: UM1.jpg  used on input line 45.
(luatex.def)             Requested size: 167.2989pt x 61.07718pt.


LaTeX Font Warning: Font shape `TU/lmr/bx/sc' undefined
(Font)              using `TU/lmr/bx/n' instead on input line 57.



[1

{/Users/julien/Library/Application Support/MiKTeX/texmfs/data/fonts/map/pdftex/p
dftex.map}<./UM1.jpg>] (./modeleRapportLatex.toc
LaTeX Font Info:    Trying to load font information for U+msa on input line 3.

("/Library/Application Support/MiKTeX/texmfs/install/tex/latex/amsfonts/umsa.fd
"
File: umsa.fd 2013/01/14 v3.01 AMS symbols A
)
LaTeX Font Info:    Trying to load font information for U+msb on input line 3.

("/Library/Application Support/MiKTeX/texmfs/install/tex/latex/amsfonts/umsb.fd
"
File: umsb.fd 2013/01/14 v3.01 AMS symbols B
))
\tf@toc=\write6

\openout6 = modeleRapportLatex.toc


[1]
Underfull \hbox (badness 10000) in paragraph at lines 100--101

 []


Underfull \hbox (badness 10000) in paragraph at lines 106--114

 []


Underfull \hbox (badness 10000) in paragraph at lines 149--150

 []


Underfull \hbox (badness 10000) in paragraph at lines 160--161

 []



[2]
Underfull \hbox (badness 10000) in paragraph at lines 331--333

 []


Underfull \hbox (badness 10000) in paragraph at lines 337--338

 []



[3]
Underfull \hbox (badness 10000) in paragraph at lines 348--349

 []



[4]
Underfull \hbox (badness 10000) in paragraph at lines 520--522

 []


Underfull \hbox (badness 10000) in paragraph at lines 526--528

 []


Underfull \hbox (badness 10000) in paragraph at lines 540--541

 []



[5]
Underfull \hbox (badness 10000) in paragraph at lines 774--776

 []



[6]

[7] (./modeleRapportLatex.aux)
 ***********
LaTeX2e <2024-11-01> patch level 2
L3 programming layer <2025-01-18>
 ***********


LaTeX Font Warning: Some font shapes were not available, defaults substituted.

Package rerunfilecheck Info: File `modeleRapportLatex.out' has not changed.
(rerunfilecheck)             Checksum: 05A2FBDD0EC959533FBF25768DDD505B;3727.
Package logreq Info: Writing requests to 'modeleRapportLatex.run.xml'.

\openout1 = modeleRapportLatex.run.xml
)

Here is how much of LuaTeX's memory you used:
 39014 strings out of 475521
 156458,1977958 words of node,token memory allocated
 2698 words of node memory still in use:
   20 hlist, 1 vlist, 9 rule, 62 glue, 3 kern, 1 penalty, 2 glyph, 622 attribute
, 68 glue_spec, 97 attribute_list, 2 write, 16 pdf_literal, 16 pdf_colorstack no
des
   avail lists: 1:7,2:34452,3:6392,4:90,5:271,6:68,7:5068,8:49,9:1812,10:9,11:23
4
 61015 multiletter control sequences out of 65536+600000
 44 fonts using 3238743 bytes
 102i,8n,101p,1092b,1856s stack positions out of 10000i,1000n,20000p,200000b,200000s
</Library/Application Support/MiKTeX/texmfs/install/fonts/opentype/public/lm/lmr
oman10-regular.otf></Library/Application Support/MiKTeX/texmfs/install/fonts/ope
ntype/public/lm/lmroman10-bold.otf></Library/Application Support/MiKTeX/texmfs/i
nstall/fonts/opentype/public/lm/lmroman12-bold.otf></Library/Application Support
/MiKTeX/texmfs/install/fonts/type1/public/amsfonts/cm/cmex10.pfb></Library/Appli
cation Support/MiKTeX/texmfs/install/fonts/type1/public/amsfonts/cm/cmmi10.pfb><
/Library/Application Support/MiKTeX/texmfs/install/fonts/type1/public/amsfonts/c
m/cmmi7.pfb></Library/Application Support/MiKTeX/texmfs/install/fonts/type1/publ
ic/amsfonts/cm/cmr10.pfb></Library/Application Support/MiKTeX/texmfs/install/fon
ts/type1/public/amsfonts/cm/cmr7.pfb></Library/Application Support/MiKTeX/texmfs
/install/fonts/type1/public/amsfonts/cm/cmsy10.pfb></Library/Application Support
/MiKTeX/texmfs/install/fonts/type1/public/amsfonts/cm/cmsy7.pfb>
Output written on modeleRapportLatex.pdf (8 pages, 185024 bytes).

PDF statistics: 229 PDF objects out of 1000 (max. 8388607)
 32 named destinations out of 1000 (max. 131072)
 352 words of extra memory for PDF output out of 10000 (max. 100000000)

