\BOOKMARK [1][-]{section.1}{\376\377\000D\000\351\000f\000i\000n\000i\000t\000i\000o\000n\000s\000\040\000g\000\351\000n\000\351\000r\000a\000l\000e\000s}{}% 1
\BOOKMARK [2][-]{subsection.1.1}{\376\377\000R\000\351\000s\000e\000a\000u\000\040\000r\000\351\000s\000i\000d\000u\000e\000l}{section.1}% 2
\BOOKMARK [2][-]{subsection.1.2}{\376\377\000C\000h\000e\000m\000i\000n\000\040\000e\000t\000\040\000f\000l\000o\000t\000\040\000a\000m\000\351\000l\000i\000o\000r\000a\000n\000t\000s}{section.1}% 3
\BOOKMARK [1][-]{section.2}{\376\377\000D\000i\000f\000f\000\351\000r\000e\000n\000t\000s\000\040\000a\000l\000g\000o\000r\000i\000t\000h\000m\000e\000s\000\040\000e\000t\000\040\000e\000x\000e\000m\000p\000l\000e}{}% 4
\BOOKMARK [2][-]{subsection.2.1}{\376\377\000L\000'\000a\000l\000g\000o\000r\000i\000t\000h\000m\000e\000\040\000d\000e\000\040\000F\000o\000r\000d\000-\000F\000u\000l\000k\000e\000r\000s\000o\000n}{section.2}% 5
\BOOKMARK [3][-]{subsubsection.2.1.1}{\376\377\000F\000o\000n\000c\000t\000i\000o\000n\000n\000e\000m\000e\000n\000t\000\040\000g\000\351\000n\000\351\000r\000a\000l}{subsection.2.1}% 6
\BOOKMARK [3][-]{subsubsection.2.1.2}{\376\377\000A\000l\000g\000o\000r\000i\000t\000h\000m\000e}{subsection.2.1}% 7
\BOOKMARK [3][-]{subsubsection.2.1.3}{\376\377\000C\000o\000m\000p\000l\000e\000x\000i\000t\000\351}{subsection.2.1}% 8
\BOOKMARK [3][-]{subsubsection.2.1.4}{\376\377\000A\000v\000a\000n\000t\000a\000g\000e\000s\000/\000i\000n\000c\000o\000n\000v\000\351\000n\000i\000e\000n\000t\000s}{subsection.2.1}% 9
\BOOKMARK [3][-]{subsubsection.2.1.5}{\376\377\000A\000p\000p\000l\000i\000c\000a\000t\000i\000o\000n\000\040\000s\000u\000r\000\040\000l\000'\000e\000x\000e\000m\000p\000l\000e}{subsection.2.1}% 10
\BOOKMARK [2][-]{subsection.2.2}{\376\377\000L\000'\000a\000l\000g\000o\000r\000i\000t\000h\000m\000e\000\040\000d\000'\000E\000d\000m\000o\000n\000d\000s\000-\000K\000a\000r\000p}{section.2}% 11
\BOOKMARK [3][-]{subsubsection.2.2.1}{\376\377\000F\000o\000n\000c\000t\000i\000o\000n\000n\000e\000m\000e\000n\000t\000\040\000g\000\351\000n\000\351\000r\000a\000l}{subsection.2.2}% 12
\BOOKMARK [3][-]{subsubsection.2.2.2}{\376\377\000A\000l\000g\000o\000r\000i\000t\000h\000m\000e}{subsection.2.2}% 13
\BOOKMARK [3][-]{subsubsection.2.2.3}{\376\377\000C\000o\000m\000p\000l\000e\000x\000i\000t\000\351}{subsection.2.2}% 14
\BOOKMARK [3][-]{subsubsection.2.2.4}{\376\377\000A\000v\000a\000n\000t\000a\000g\000e\000s\000/\000i\000n\000c\000o\000n\000v\000\351\000n\000i\000e\000n\000t\000s}{subsection.2.2}% 15
\BOOKMARK [3][-]{subsubsection.2.2.5}{\376\377\000A\000p\000p\000l\000i\000c\000a\000t\000i\000o\000n\000\040\000s\000u\000r\000\040\000l\000'\000e\000x\000e\000m\000p\000l\000e}{subsection.2.2}% 16
\BOOKMARK [2][-]{subsection.2.3}{\376\377\000L\000'\000a\000l\000g\000o\000r\000i\000t\000h\000m\000e\000\040\000d\000e\000\040\000D\000i\000n\000i\000c}{section.2}% 17
\BOOKMARK [3][-]{subsubsection.2.3.1}{\376\377\000F\000o\000n\000c\000t\000i\000o\000n\000n\000e\000m\000e\000n\000t\000\040\000g\000\351\000n\000\351\000r\000a\000l}{subsection.2.3}% 18
\BOOKMARK [3][-]{subsubsection.2.3.2}{\376\377\000A\000l\000g\000o\000r\000i\000t\000h\000m\000e}{subsection.2.3}% 19
\BOOKMARK [3][-]{subsubsection.2.3.3}{\376\377\000C\000o\000m\000p\000l\000e\000x\000i\000t\000\351}{subsection.2.3}% 20
\BOOKMARK [3][-]{subsubsection.2.3.4}{\376\377\000A\000v\000a\000n\000t\000a\000g\000e\000s\000/\000i\000n\000c\000o\000n\000v\000\351\000n\000i\000e\000n\000t\000s}{subsection.2.3}% 21
\BOOKMARK [3][-]{subsubsection.2.3.5}{\376\377\000A\000p\000p\000l\000i\000c\000a\000t\000i\000o\000n\000\040\000s\000u\000r\000\040\000l\000'\000e\000x\000e\000m\000p\000l\000e}{subsection.2.3}% 22
\BOOKMARK [1][-]{section.3}{\376\377\000C\000r\000\351\000a\000t\000i\000o\000n\000\040\000d\000e\000s\000\040\000i\000n\000s\000t\000a\000n\000c\000e\000s}{}% 23
\BOOKMARK [2][-]{subsection.3.1}{\376\377\000L\000a\000\040\000c\000l\000a\000s\000s\000e\000\040\000R\000a\000n\000d\000o\000m\000F\000l\000o\000w\000N\000e\000t\000w\000o\000r\000k}{section.3}% 24
\BOOKMARK [2][-]{subsection.3.2}{\376\377\000T\000e\000s\000t\000s\000\040\000s\000u\000r\000\040\000l\000e\000s\000\040\000g\000r\000a\000p\000h\000e\000s\000\040\000g\000\351\000n\000\351\000r\000\351\000s}{section.3}% 25
\BOOKMARK [2][-]{subsection.3.3}{\376\377\000R\000e\000p\000r\000\351\000s\000e\000n\000t\000a\000t\000i\000o\000n\000\040\000d\000e\000s\000\040\000i\000n\000s\000t\000a\000n\000c\000e\000s}{section.3}% 26
\BOOKMARK [2][-]{subsection.3.4}{\376\377\000L\000e\000s\000\040\000i\000n\000s\000t\000a\000n\000c\000e\000s\000\040\000c\000h\000o\000i\000s\000i\000e\000s}{section.3}% 27
