This is LuaHBTeX, Version 1.22.0 (MiKTeX 25.4) (format=lualatex 2025.5.22)  23 MAY 2025 17:35
 restricted system commands enabled.
 file:line:error style messages enabled.
**"c:/Users/Cédric/Documents/GitHub/Flot-maximum/Rapport projet/rapport.tex"
("c:/Users/Cédric/Documents/GitHub/Flot-maximum/Rapport projet/rapport.tex"
LaTeX2e <2024-11-01> patch level 2
L3 programming layer <2025-04-14>
Lua module: luaotfload 2024-12-03 v3.29 Lua based OpenType font support
Lua module: lualibs 2023-07-13 v2.76 ConTeXt Lua standard libraries.
Lua module: lualibs-extended 2023-07-13 v2.76 ConTeXt Lua libraries -- extended 
collection.
luaotfload | conf : Root cache directory is "C:/Users/Cédric/AppData/Local/MiKT
eX/luatex-cache/generic/names".
luaotfload | init : Loading fontloader "fontloader-2023-12-28.lua" from kpse-res
olved path "C:/Users/Cédric/AppData/Local/Programs/MiKTeX/tex/luatex/luaotfload
/fontloader-2023-12-28.lua".
Lua-only attribute luaotfload@noligature = 1
luaotfload | init : Context OpenType loader version 3.134
Inserting `luaotfload.node_processor' in `pre_linebreak_filter'.
Inserting `luaotfload.node_processor' in `hpack_filter'.
Inserting `luaotfload.glyph_stream' in `glyph_stream_provider'.
Inserting `luaotfload.define_font' in `define_font'.
Lua-only attribute luaotfload_color_attribute = 2
luaotfload | conf : Root cache directory is "C:/Users/Cédric/AppData/Local/MiKT
eX/luatex-cache/generic/names".
Inserting `luaotfload.harf.strip_prefix' in `find_opentype_file'.
Inserting `luaotfload.harf.strip_prefix' in `find_truetype_file'.
Removing  `luaotfload.glyph_stream' from `glyph_stream_provider'.
Inserting `luaotfload.harf.glyphstream' in `glyph_stream_provider'.
Inserting `luaotfload.harf.finalize_vlist' in `post_linebreak_filter'.
Inserting `luaotfload.harf.finalize_hlist' in `hpack_filter'.
Inserting `luaotfload.cleanup_files' in `wrapup_run'.
Inserting `luaotfload.harf.finalize_unicode' in `finish_pdffile'.
Inserting `luaotfload.glyphinfo' in `glyph_info'.
Lua-only attribute luaotfload.letterspace_done = 3
Inserting `luaotfload.aux.set_sscale_dimens' in `luaotfload.patch_font'.
Inserting `luaotfload.aux.set_font_index' in `luaotfload.patch_font'.
Inserting `luaotfload.aux.patch_cambria_domh' in `luaotfload.patch_font'.
Inserting `luaotfload.aux.fixup_fontdata' in `luaotfload.patch_font_unsafe'.
Inserting `luaotfload.aux.set_capheight' in `luaotfload.patch_font'.
Inserting `luaotfload.aux.set_xheight' in `luaotfload.patch_font'.
Inserting `luaotfload.rewrite_fontname' in `luaotfload.patch_font'.
Inserting `tracingstacklevels' in `input_level_string'. (C:/Users/Cédric/AppDa
ta/Local/Programs/MiKTeX/tex/latex/base/article.cls
Document Class: article 2024/06/29 v1.4n Standard LaTeX document class
(C:/Users/Cédric/AppData/Local/Programs/MiKTeX/tex/latex/base/size10.clo
File: size10.clo 2024/06/29 v1.4n Standard LaTeX file (size option)
luaotfload | db : Font names database loaded from C:/Users/Cédric/AppData/Local
/MiKTeX/luatex-cache/generic/names/luaotfload-names.luc.gz)
\c@part=\count270
\c@section=\count271
\c@subsection=\count272
\c@subsubsection=\count273
\c@paragraph=\count274
\c@subparagraph=\count275
\c@figure=\count276
\c@table=\count277
\abovecaptionskip=\skip49
\belowcaptionskip=\skip50
\bibindent=\dimen145
)
(./preamble.tex
(C:/Users/Cédric/AppData/Local/Programs/MiKTeX/tex/latex/base/inputenc.sty
Package: inputenc 2024/02/08 v1.3d Input encoding file
\inpenc@prehook=\toks17
\inpenc@posthook=\toks18


Package inputenc Warning: inputenc package ignored with utf8 based engines.

) (C:/Users/Cédric/AppData/Local/Programs/MiKTeX/tex/latex/base/fontenc.sty
Package: fontenc 2021/04/29 v2.0v Standard LaTeX package
LaTeX Font Info:    Trying to load font information for T1+lmr on input line 11
6.

(C:/Users/Cédric/AppData/Local/Programs/MiKTeX/tex/latex/lm/t1lmr.fd
File: t1lmr.fd 2015/05/01 v1.6.1 Font defs for Latin Modern
))
(C:/Users/Cédric/AppData/Local/Programs/MiKTeX/tex/latex/fontspec/fontspec.sty

(C:/Users/Cédric/AppData/Local/Programs/MiKTeX/tex/latex/l3packages/xparse/xpa
rse.sty
(C:/Users/Cédric/AppData/Local/Programs/MiKTeX/tex/latex/l3kernel/expl3.sty
Package: expl3 2025-04-14 L3 programming layer (loader) 

(C:/Users/Cédric/AppData/Local/Programs/MiKTeX/tex/latex/l3backend/l3backend-l
uatex.def
File: l3backend-luatex.def 2025-04-14 L3 backend support: PDF output (LuaTeX)
\l__color_backend_stack_int=\count278
Inserting `l3color' in `luaotfload.parse_color'.))
Package: xparse 2024-08-16 L3 Experimental document command parser
)
Package: fontspec 2024/05/11 v2.9e Font selection for XeLaTeX and LuaLaTeX
Lua module: fontspec 2024/05/11 v2.9e Font selection for XeLaTeX and LuaLaTeX
(C:/Users/Cédric/AppData/Local/Programs/MiKTeX/tex/latex/fontspec/fontspec-lua
tex.sty
Package: fontspec-luatex 2024/05/11 v2.9e Font selection for XeLaTeX and LuaLaT
eX
\l__fontspec_script_int=\count279
\l__fontspec_language_int=\count280
\l__fontspec_strnum_int=\count281
\l__fontspec_tmp_int=\count282
\l__fontspec_tmpa_int=\count283
\l__fontspec_tmpb_int=\count284
\l__fontspec_tmpc_int=\count285
\l__fontspec_em_int=\count286
\l__fontspec_emdef_int=\count287
\l__fontspec_strong_int=\count288
\l__fontspec_strongdef_int=\count289
\l__fontspec_tmpa_dim=\dimen146
\l__fontspec_tmpb_dim=\dimen147
\l__fontspec_tmpc_dim=\dimen148

(C:/Users/Cédric/AppData/Local/Programs/MiKTeX/tex/latex/base/fontenc.sty
Package: fontenc 2021/04/29 v2.0v Standard LaTeX package
)
(C:/Users/Cédric/AppData/Local/Programs/MiKTeX/tex/latex/fontspec/fontspec.cfg
)))
(C:/Users/Cédric/AppData/Local/Programs/MiKTeX/tex/latex/graphics/graphicx.sty
Package: graphicx 2021/09/16 v1.2d Enhanced LaTeX Graphics (DPC,SPQR)
(C:/Users/Cédric/AppData/Local/Programs/MiKTeX/tex/latex/graphics/keyval.sty
Package: keyval 2022/05/29 v1.15 key=value parser (DPC)
\KV@toks@=\toks19
)
(C:/Users/Cédric/AppData/Local/Programs/MiKTeX/tex/latex/graphics/graphics.sty
Package: graphics 2024/08/06 v1.4g Standard LaTeX Graphics (DPC,SPQR)
(C:/Users/Cédric/AppData/Local/Programs/MiKTeX/tex/latex/graphics/trig.sty
Package: trig 2023/12/02 v1.11 sin cos tan (DPC)
)
(C:/Users/Cédric/AppData/Local/Programs/MiKTeX/tex/latex/graphics-cfg/graphics
.cfg
File: graphics.cfg 2016/06/04 v1.11 sample graphics configuration
)
Package graphics Info: Driver file: luatex.def on input line 106.

(C:/Users/Cédric/AppData/Local/Programs/MiKTeX/tex/latex/graphics-def/luatex.d
ef
File: luatex.def 2024/04/13 v1.2e Graphics/color driver for luatex
))
\Gin@req@height=\dimen149
\Gin@req@width=\dimen150
) (C:/Users/Cédric/AppData/Local/Programs/MiKTeX/tex/latex/float/float.sty
Package: float 2001/11/08 v1.3d Float enhancements (AL)
\c@float@type=\count290
\float@exts=\toks20
\float@box=\box53
\@float@everytoks=\toks21
\@floatcapt=\box54
) (C:/Users/Cédric/AppData/Local/Programs/MiKTeX/tex/latex/xcolor/xcolor.sty
Package: xcolor 2024/09/29 v3.02 LaTeX color extensions (UK)

(C:/Users/Cédric/AppData/Local/Programs/MiKTeX/tex/latex/graphics-cfg/color.cf
g
File: color.cfg 2016/01/02 v1.6 sample color configuration
)

Package xcolor Warning: Package option `usenames' is obsolete and ignored on in
put line 265.

Package xcolor Info: Driver file: luatex.def on input line 274.

(C:/Users/Cédric/AppData/Local/Programs/MiKTeX/tex/latex/graphics/mathcolor.lt
x)
Package xcolor Info: Model `cmy' substituted by `cmy0' on input line 1349.
Package xcolor Info: Model `hsb' substituted by `rgb' on input line 1353.
Package xcolor Info: Model `RGB' extended on input line 1365.
Package xcolor Info: Model `HTML' substituted by `rgb' on input line 1367.
Package xcolor Info: Model `Hsb' substituted by `hsb' on input line 1368.
Package xcolor Info: Model `tHsb' substituted by `hsb' on input line 1369.
Package xcolor Info: Model `HSB' substituted by `hsb' on input line 1370.
Package xcolor Info: Model `Gray' substituted by `gray' on input line 1371.
Package xcolor Info: Model `wave' substituted by `hsb' on input line 1372.
)
(C:/Users/Cédric/AppData/Local/Programs/MiKTeX/tex/latex/graphics/dvipsnam.def
File: dvipsnam.def 2016/06/17 v3.0m Driver-dependent file (DPC,SPQR)
)
(C:/Users/Cédric/AppData/Local/Programs/MiKTeX/tex/latex/enumitem/enumitem.sty
Package: enumitem 2025/02/06 v3.11 Customized lists
\labelindent=\skip51
\enit@outerparindent=\dimen151
\enit@toks=\toks22
\enit@inbox=\box55
\enit@count@id=\count291
\enitdp@description=\count292
) (C:/Users/Cédric/AppData/Local/Programs/MiKTeX/tex/latex/amsmath/amsmath.sty
Package: amsmath 2024/11/05 v2.17t AMS math features
\@mathmargin=\skip52
For additional information on amsmath, use the `?' option.
(C:/Users/Cédric/AppData/Local/Programs/MiKTeX/tex/latex/amsmath/amstext.sty
Package: amstext 2021/08/26 v2.01 AMS text

(C:/Users/Cédric/AppData/Local/Programs/MiKTeX/tex/latex/amsmath/amsgen.sty
File: amsgen.sty 1999/11/30 v2.0 generic functions
\@emptytoks=\toks23
\ex@=\dimen152
))
(C:/Users/Cédric/AppData/Local/Programs/MiKTeX/tex/latex/amsmath/amsbsy.sty
Package: amsbsy 1999/11/29 v1.2d Bold Symbols
\pmbraise@=\dimen153
)
(C:/Users/Cédric/AppData/Local/Programs/MiKTeX/tex/latex/amsmath/amsopn.sty
Package: amsopn 2022/04/08 v2.04 operator names
)
\inf@bad=\count293
LaTeX Info: Redefining \frac on input line 235.
\uproot@=\count294
\leftroot@=\count295
LaTeX Info: Redefining \overline on input line 398.
LaTeX Info: Redefining \colon on input line 409.
\classnum@=\count296
\DOTSCASE@=\count297
LaTeX Info: Redefining \ldots on input line 495.
LaTeX Info: Redefining \dots on input line 498.
LaTeX Info: Redefining \cdots on input line 619.
\Mathstrutbox@=\box56
\strutbox@=\box57
LaTeX Info: Redefining \big on input line 721.
LaTeX Info: Redefining \Big on input line 722.
LaTeX Info: Redefining \bigg on input line 723.
LaTeX Info: Redefining \Bigg on input line 724.
\big@size=\dimen154
LaTeX Font Info:    Redeclaring font encoding OML on input line 742.
LaTeX Font Info:    Redeclaring font encoding OMS on input line 743.
\macc@depth=\count298
LaTeX Info: Redefining \bmod on input line 904.
LaTeX Info: Redefining \pmod on input line 909.
LaTeX Info: Redefining \smash on input line 939.
LaTeX Info: Redefining \relbar on input line 969.
LaTeX Info: Redefining \Relbar on input line 970.
\c@MaxMatrixCols=\count299
\dotsspace@=\muskip17
\c@parentequation=\count300
\dspbrk@lvl=\count301
\tag@help=\toks24
\row@=\count302
\column@=\count303
\maxfields@=\count304
\andhelp@=\toks25
\eqnshift@=\dimen155
\alignsep@=\dimen156
\tagshift@=\dimen157
\tagwidth@=\dimen158
\totwidth@=\dimen159
\lineht@=\dimen160
\@envbody=\toks26
\multlinegap=\skip53
\multlinetaggap=\skip54
\mathdisplay@stack=\toks27
LaTeX Info: Redefining \[ on input line 2953.
LaTeX Info: Redefining \] on input line 2954.
)
(C:/Users/Cédric/AppData/Local/Programs/MiKTeX/tex/latex/amsfonts/amsfonts.sty
Package: amsfonts 2013/01/14 v3.01 Basic AMSFonts support
\symAMSa=\mathgroup4
\symAMSb=\mathgroup5
LaTeX Font Info:    Redeclaring math symbol \hbar on input line 98.
LaTeX Font Info:    Overwriting math alphabet `\mathfrak' in version `bold'
(Font)                  U/euf/m/n --> U/euf/b/n on input line 106.
)
(C:/Users/Cédric/AppData/Local/Programs/MiKTeX/tex/latex/mathtools/mathtools.s
ty
Package: mathtools 2024/10/04 v1.31 mathematical typesetting tools
 (C:/Users/Cédric/AppData/Local/Programs/MiKTeX/tex/latex/tools/calc.sty
Package: calc 2023/07/08 v4.3 Infix arithmetic (KKT,FJ)
\calc@Acount=\count305
\calc@Bcount=\count306
\calc@Adimen=\dimen161
\calc@Bdimen=\dimen162
\calc@Askip=\skip55
\calc@Bskip=\skip56
LaTeX Info: Redefining \setlength on input line 80.
LaTeX Info: Redefining \addtolength on input line 81.
\calc@Ccount=\count307
\calc@Cskip=\skip57
)
(C:/Users/Cédric/AppData/Local/Programs/MiKTeX/tex/latex/mathtools/mhsetup.sty
Package: mhsetup 2021/03/18 v1.4 programming setup (MH)
)
\g_MT_multlinerow_int=\count308
\l_MT_multwidth_dim=\dimen163
\origjot=\skip58
\l_MT_shortvdotswithinadjustabove_dim=\dimen164
\l_MT_shortvdotswithinadjustbelow_dim=\dimen165
\l_MT_above_intertext_sep=\dimen166
\l_MT_below_intertext_sep=\dimen167
\l_MT_above_shortintertext_sep=\dimen168
\l_MT_below_shortintertext_sep=\dimen169
\xmathstrut@box=\box58
\xmathstrut@dim=\dimen170
) (C:/Users/Cédric/AppData/Local/Programs/MiKTeX/tex/latex/amscls/amsthm.sty
Package: amsthm 2020/05/29 v2.20.6
\thm@style=\toks28
\thm@bodyfont=\toks29
\thm@headfont=\toks30
\thm@notefont=\toks31
\thm@headpunct=\toks32
\thm@preskip=\skip59
\thm@postskip=\skip60
\thm@headsep=\skip61
\dth@everypar=\toks33
) (C:/Users/Cédric/AppData/Local/Programs/MiKTeX/tex/latex/amsfonts/amssymb.st
y
Package: amssymb 2013/01/14 v3.01 AMS font symbols
)
(C:/Users/Cédric/AppData/Local/Programs/MiKTeX/tex/latex/jknappen/mathrsfs.sty
Package: mathrsfs 1996/01/01 Math RSFS package v1.0 (jk)
\symrsfs=\mathgroup6
) (C:/Users/Cédric/AppData/Local/Programs/MiKTeX/tex/latex/siunitx/siunitx.sty
Package: siunitx 2025-05-07 v3.4.10 A comprehensive (SI) units package
\l__siunitx_number_uncert_offset_int=\count309
\l__siunitx_number_exponent_fixed_int=\count310
\l__siunitx_number_min_decimal_int=\count311
\l__siunitx_number_min_integer_int=\count312
\l__siunitx_number_round_precision_int=\count313
\l__siunitx_number_lower_threshold_int=\count314
\l__siunitx_number_upper_threshold_int=\count315
\l__siunitx_number_group_first_int=\count316
\l__siunitx_number_group_size_int=\count317
\l__siunitx_number_group_minimum_int=\count318
\l__siunitx_angle_tmp_dim=\dimen171
\l__siunitx_angle_marker_box=\box59
\l__siunitx_angle_unit_box=\box60
\l__siunitx_compound_count_int=\count319

(C:/Users/Cédric/AppData/Local/Programs/MiKTeX/tex/latex/translations/translat
ions.sty
Package: translations 2022/02/05 v1.12 internationalization of LaTeX2e packages
 (CN)

(C:/Users/Cédric/AppData/Local/Programs/MiKTeX/tex/latex/etoolbox/etoolbox.sty
Package: etoolbox 2025/02/11 v2.5l e-TeX tools for LaTeX (JAW)
\etb@tempcnta=\count320
)
(C:/Users/Cédric/AppData/Local/Programs/MiKTeX/tex/generic/pdftexcmds/pdftexcm
ds.sty
Package: pdftexcmds 2020-06-27 v0.33 Utility functions of pdfTeX for LuaTeX (HO
)

(C:/Users/Cédric/AppData/Local/Programs/MiKTeX/tex/generic/infwarerr/infwarerr
.sty
Package: infwarerr 2019/12/03 v1.5 Providing info/warning/error messages (HO)
)
(C:/Users/Cédric/AppData/Local/Programs/MiKTeX/tex/generic/iftex/iftex.sty
Package: iftex 2024/12/12 v1.0g TeX engine tests
)
(C:/Users/Cédric/AppData/Local/Programs/MiKTeX/tex/generic/ltxcmds/ltxcmds.sty
Package: ltxcmds 2023-12-04 v1.26 LaTeX kernel commands for general use (HO)
)
Package pdftexcmds Info: \pdf@primitive is available.
Package pdftexcmds Info: \pdf@ifprimitive is available.
Package pdftexcmds Info: \pdfdraftmode found.
\pdftexcmds@toks=\toks34
))
\l__siunitx_table_tmp_box=\box61
\l__siunitx_table_tmp_dim=\dimen172
\l__siunitx_table_column_width_dim=\dimen173
\l__siunitx_table_integer_box=\box62
\l__siunitx_table_decimal_box=\box63
\l__siunitx_table_uncert_box=\box64
\l__siunitx_table_before_box=\box65
\l__siunitx_table_after_box=\box66
\l__siunitx_table_before_dim=\dimen174
\l__siunitx_table_carry_dim=\dimen175
\l__siunitx_unit_tmp_int=\count321
\l__siunitx_unit_position_int=\count322
\l__siunitx_unit_total_int=\count323
 (C:/Users/Cédric/AppData/Local/Programs/MiKTeX/tex/latex/tools/array.sty
Package: array 2024/10/17 v2.6g Tabular extension package (FMi)
\col@sep=\dimen176
\ar@mcellbox=\box67
\extrarowheight=\dimen177
\NC@list=\toks35
\extratabsurround=\skip62
\backup@length=\skip63
\ar@cellbox=\box68
))
(C:/Users/Cédric/AppData/Local/Programs/MiKTeX/tex/latex/pgf/frontendlayer/tik
z.sty
(C:/Users/Cédric/AppData/Local/Programs/MiKTeX/tex/latex/pgf/basiclayer/pgf.st
y
(C:/Users/Cédric/AppData/Local/Programs/MiKTeX/tex/latex/pgf/utilities/pgfrcs.
sty
(C:/Users/Cédric/AppData/Local/Programs/MiKTeX/tex/generic/pgf/utilities/pgfut
il-common.tex
\pgfutil@everybye=\toks36
\pgfutil@tempdima=\dimen178
\pgfutil@tempdimb=\dimen179
)
(C:/Users/Cédric/AppData/Local/Programs/MiKTeX/tex/generic/pgf/utilities/pgfut
il-latex.def
\pgfutil@abb=\box69
)
(C:/Users/Cédric/AppData/Local/Programs/MiKTeX/tex/generic/pgf/utilities/pgfrc
s.code.tex
(C:/Users/Cédric/AppData/Local/Programs/MiKTeX/tex/generic/pgf/pgf.revision.te
x)
Package: pgfrcs 2023-01-15 v3.1.10 (3.1.10)
))
Package: pgf 2023-01-15 v3.1.10 (3.1.10)

(C:/Users/Cédric/AppData/Local/Programs/MiKTeX/tex/latex/pgf/basiclayer/pgfcor
e.sty
(C:/Users/Cédric/AppData/Local/Programs/MiKTeX/tex/latex/pgf/systemlayer/pgfsy
s.sty
(C:/Users/Cédric/AppData/Local/Programs/MiKTeX/tex/generic/pgf/systemlayer/pgf
sys.code.tex
Package: pgfsys 2023-01-15 v3.1.10 (3.1.10)

(C:/Users/Cédric/AppData/Local/Programs/MiKTeX/tex/generic/pgf/utilities/pgfke
ys.code.tex
\pgfkeys@pathtoks=\toks37
\pgfkeys@temptoks=\toks38

(C:/Users/Cédric/AppData/Local/Programs/MiKTeX/tex/generic/pgf/utilities/pgfke
yslibraryfiltered.code.tex
\pgfkeys@tmptoks=\toks39
))
\pgf@x=\dimen180
\pgf@y=\dimen181
\pgf@xa=\dimen182
\pgf@ya=\dimen183
\pgf@xb=\dimen184
\pgf@yb=\dimen185
\pgf@xc=\dimen186
\pgf@yc=\dimen187
\pgf@xd=\dimen188
\pgf@yd=\dimen189
\w@pgf@writea=\write3
\r@pgf@reada=\read2
\c@pgf@counta=\count324
\c@pgf@countb=\count325
\c@pgf@countc=\count326
\c@pgf@countd=\count327
\t@pgf@toka=\toks40
\t@pgf@tokb=\toks41
\t@pgf@tokc=\toks42
\pgf@sys@id@count=\count328

(C:/Users/Cédric/AppData/Local/Programs/MiKTeX/tex/generic/pgf/systemlayer/pgf
.cfg
File: pgf.cfg 2023-01-15 v3.1.10 (3.1.10)
)
Driver file for pgf: pgfsys-luatex.def

(C:/Users/Cédric/AppData/Local/Programs/MiKTeX/tex/generic/pgf/systemlayer/pgf
sys-luatex.def
File: pgfsys-luatex.def 2023-01-15 v3.1.10 (3.1.10)

(C:/Users/Cédric/AppData/Local/Programs/MiKTeX/tex/generic/pgf/systemlayer/pgf
sys-common-pdf.def
File: pgfsys-common-pdf.def 2023-01-15 v3.1.10 (3.1.10)
)))
(C:/Users/Cédric/AppData/Local/Programs/MiKTeX/tex/generic/pgf/systemlayer/pgf
syssoftpath.code.tex
File: pgfsyssoftpath.code.tex 2023-01-15 v3.1.10 (3.1.10)
\pgfsyssoftpath@smallbuffer@items=\count329
\pgfsyssoftpath@bigbuffer@items=\count330
)
(C:/Users/Cédric/AppData/Local/Programs/MiKTeX/tex/generic/pgf/systemlayer/pgf
sysprotocol.code.tex
File: pgfsysprotocol.code.tex 2023-01-15 v3.1.10 (3.1.10)
))
(C:/Users/Cédric/AppData/Local/Programs/MiKTeX/tex/generic/pgf/basiclayer/pgfc
ore.code.tex
Package: pgfcore 2023-01-15 v3.1.10 (3.1.10)

(C:/Users/Cédric/AppData/Local/Programs/MiKTeX/tex/generic/pgf/math/pgfmath.co
de.tex
(C:/Users/Cédric/AppData/Local/Programs/MiKTeX/tex/generic/pgf/math/pgfmathuti
l.code.tex)
(C:/Users/Cédric/AppData/Local/Programs/MiKTeX/tex/generic/pgf/math/pgfmathpar
ser.code.tex
\pgfmath@dimen=\dimen190
\pgfmath@count=\count331
\pgfmath@box=\box70
\pgfmath@toks=\toks43
\pgfmath@stack@operand=\toks44
\pgfmath@stack@operation=\toks45
)
(C:/Users/Cédric/AppData/Local/Programs/MiKTeX/tex/generic/pgf/math/pgfmathfun
ctions.code.tex)
(C:/Users/Cédric/AppData/Local/Programs/MiKTeX/tex/generic/pgf/math/pgfmathfun
ctions.basic.code.tex)
(C:/Users/Cédric/AppData/Local/Programs/MiKTeX/tex/generic/pgf/math/pgfmathfun
ctions.trigonometric.code.tex)
(C:/Users/Cédric/AppData/Local/Programs/MiKTeX/tex/generic/pgf/math/pgfmathfun
ctions.random.code.tex)
(C:/Users/Cédric/AppData/Local/Programs/MiKTeX/tex/generic/pgf/math/pgfmathfun
ctions.comparison.code.tex)
(C:/Users/Cédric/AppData/Local/Programs/MiKTeX/tex/generic/pgf/math/pgfmathfun
ctions.base.code.tex)
(C:/Users/Cédric/AppData/Local/Programs/MiKTeX/tex/generic/pgf/math/pgfmathfun
ctions.round.code.tex)
(C:/Users/Cédric/AppData/Local/Programs/MiKTeX/tex/generic/pgf/math/pgfmathfun
ctions.misc.code.tex)
(C:/Users/Cédric/AppData/Local/Programs/MiKTeX/tex/generic/pgf/math/pgfmathfun
ctions.integerarithmetics.code.tex)
(C:/Users/Cédric/AppData/Local/Programs/MiKTeX/tex/generic/pgf/math/pgfmathcal
c.code.tex)
(C:/Users/Cédric/AppData/Local/Programs/MiKTeX/tex/generic/pgf/math/pgfmathflo
at.code.tex
\c@pgfmathroundto@lastzeros=\count332
))
(C:/Users/Cédric/AppData/Local/Programs/MiKTeX/tex/generic/pgf/math/pgfint.cod
e.tex)
(C:/Users/Cédric/AppData/Local/Programs/MiKTeX/tex/generic/pgf/basiclayer/pgfc
orepoints.code.tex
File: pgfcorepoints.code.tex 2023-01-15 v3.1.10 (3.1.10)
\pgf@picminx=\dimen191
\pgf@picmaxx=\dimen192
\pgf@picminy=\dimen193
\pgf@picmaxy=\dimen194
\pgf@pathminx=\dimen195
\pgf@pathmaxx=\dimen196
\pgf@pathminy=\dimen197
\pgf@pathmaxy=\dimen198
\pgf@xx=\dimen199
\pgf@xy=\dimen256
\pgf@yx=\dimen257
\pgf@yy=\dimen258
\pgf@zx=\dimen259
\pgf@zy=\dimen260
)
(C:/Users/Cédric/AppData/Local/Programs/MiKTeX/tex/generic/pgf/basiclayer/pgfc
orepathconstruct.code.tex
File: pgfcorepathconstruct.code.tex 2023-01-15 v3.1.10 (3.1.10)
\pgf@path@lastx=\dimen261
\pgf@path@lasty=\dimen262
)
(C:/Users/Cédric/AppData/Local/Programs/MiKTeX/tex/generic/pgf/basiclayer/pgfc
orepathusage.code.tex
File: pgfcorepathusage.code.tex 2023-01-15 v3.1.10 (3.1.10)
\pgf@shorten@end@additional=\dimen263
\pgf@shorten@start@additional=\dimen264
)
(C:/Users/Cédric/AppData/Local/Programs/MiKTeX/tex/generic/pgf/basiclayer/pgfc
orescopes.code.tex
File: pgfcorescopes.code.tex 2023-01-15 v3.1.10 (3.1.10)
\pgfpic=\box71
\pgf@hbox=\box72
\pgf@layerbox@main=\box73
\pgf@picture@serial@count=\count333
)
(C:/Users/Cédric/AppData/Local/Programs/MiKTeX/tex/generic/pgf/basiclayer/pgfc
oregraphicstate.code.tex
File: pgfcoregraphicstate.code.tex 2023-01-15 v3.1.10 (3.1.10)
\pgflinewidth=\dimen265
)
(C:/Users/Cédric/AppData/Local/Programs/MiKTeX/tex/generic/pgf/basiclayer/pgfc
oretransformations.code.tex
File: pgfcoretransformations.code.tex 2023-01-15 v3.1.10 (3.1.10)
\pgf@pt@x=\dimen266
\pgf@pt@y=\dimen267
\pgf@pt@temp=\dimen268
)
(C:/Users/Cédric/AppData/Local/Programs/MiKTeX/tex/generic/pgf/basiclayer/pgfc
orequick.code.tex
File: pgfcorequick.code.tex 2023-01-15 v3.1.10 (3.1.10)
)
(C:/Users/Cédric/AppData/Local/Programs/MiKTeX/tex/generic/pgf/basiclayer/pgfc
oreobjects.code.tex
File: pgfcoreobjects.code.tex 2023-01-15 v3.1.10 (3.1.10)
)
(C:/Users/Cédric/AppData/Local/Programs/MiKTeX/tex/generic/pgf/basiclayer/pgfc
orepathprocessing.code.tex
File: pgfcorepathprocessing.code.tex 2023-01-15 v3.1.10 (3.1.10)
)
(C:/Users/Cédric/AppData/Local/Programs/MiKTeX/tex/generic/pgf/basiclayer/pgfc
orearrows.code.tex
File: pgfcorearrows.code.tex 2023-01-15 v3.1.10 (3.1.10)
\pgfarrowsep=\dimen269
)
(C:/Users/Cédric/AppData/Local/Programs/MiKTeX/tex/generic/pgf/basiclayer/pgfc
oreshade.code.tex
File: pgfcoreshade.code.tex 2023-01-15 v3.1.10 (3.1.10)
\pgf@max=\dimen270
\pgf@sys@shading@range@num=\count334
\pgf@shadingcount=\count335
)
(C:/Users/Cédric/AppData/Local/Programs/MiKTeX/tex/generic/pgf/basiclayer/pgfc
oreimage.code.tex
File: pgfcoreimage.code.tex 2023-01-15 v3.1.10 (3.1.10)
)
(C:/Users/Cédric/AppData/Local/Programs/MiKTeX/tex/generic/pgf/basiclayer/pgfc
oreexternal.code.tex
File: pgfcoreexternal.code.tex 2023-01-15 v3.1.10 (3.1.10)
\pgfexternal@startupbox=\box74
)
(C:/Users/Cédric/AppData/Local/Programs/MiKTeX/tex/generic/pgf/basiclayer/pgfc
orelayers.code.tex
File: pgfcorelayers.code.tex 2023-01-15 v3.1.10 (3.1.10)
)
(C:/Users/Cédric/AppData/Local/Programs/MiKTeX/tex/generic/pgf/basiclayer/pgfc
oretransparency.code.tex
File: pgfcoretransparency.code.tex 2023-01-15 v3.1.10 (3.1.10)
)
(C:/Users/Cédric/AppData/Local/Programs/MiKTeX/tex/generic/pgf/basiclayer/pgfc
orepatterns.code.tex
File: pgfcorepatterns.code.tex 2023-01-15 v3.1.10 (3.1.10)
)
(C:/Users/Cédric/AppData/Local/Programs/MiKTeX/tex/generic/pgf/basiclayer/pgfc
orerdf.code.tex
File: pgfcorerdf.code.tex 2023-01-15 v3.1.10 (3.1.10)
)))
(C:/Users/Cédric/AppData/Local/Programs/MiKTeX/tex/generic/pgf/modules/pgfmodu
leshapes.code.tex
File: pgfmoduleshapes.code.tex 2023-01-15 v3.1.10 (3.1.10)
\pgfnodeparttextbox=\box75
)
(C:/Users/Cédric/AppData/Local/Programs/MiKTeX/tex/generic/pgf/modules/pgfmodu
leplot.code.tex
File: pgfmoduleplot.code.tex 2023-01-15 v3.1.10 (3.1.10)
)
(C:/Users/Cédric/AppData/Local/Programs/MiKTeX/tex/latex/pgf/compatibility/pgf
comp-version-0-65.sty
Package: pgfcomp-version-0-65 2023-01-15 v3.1.10 (3.1.10)
\pgf@nodesepstart=\dimen271
\pgf@nodesepend=\dimen272
)
(C:/Users/Cédric/AppData/Local/Programs/MiKTeX/tex/latex/pgf/compatibility/pgf
comp-version-1-18.sty
Package: pgfcomp-version-1-18 2023-01-15 v3.1.10 (3.1.10)
))
(C:/Users/Cédric/AppData/Local/Programs/MiKTeX/tex/latex/pgf/utilities/pgffor.
sty
(C:/Users/Cédric/AppData/Local/Programs/MiKTeX/tex/latex/pgf/utilities/pgfkeys
.sty
(C:/Users/Cédric/AppData/Local/Programs/MiKTeX/tex/generic/pgf/utilities/pgfke
ys.code.tex))
(C:/Users/Cédric/AppData/Local/Programs/MiKTeX/tex/latex/pgf/math/pgfmath.sty
(C:/Users/Cédric/AppData/Local/Programs/MiKTeX/tex/generic/pgf/math/pgfmath.co
de.tex))
(C:/Users/Cédric/AppData/Local/Programs/MiKTeX/tex/generic/pgf/utilities/pgffo
r.code.tex
Package: pgffor 2023-01-15 v3.1.10 (3.1.10)
\pgffor@iter=\dimen273
\pgffor@skip=\dimen274
\pgffor@stack=\toks46
\pgffor@toks=\toks47
))
(C:/Users/Cédric/AppData/Local/Programs/MiKTeX/tex/generic/pgf/frontendlayer/t
ikz/tikz.code.tex
Package: tikz 2023-01-15 v3.1.10 (3.1.10)

(C:/Users/Cédric/AppData/Local/Programs/MiKTeX/tex/generic/pgf/libraries/pgfli
braryplothandlers.code.tex
File: pgflibraryplothandlers.code.tex 2023-01-15 v3.1.10 (3.1.10)
\pgf@plot@mark@count=\count336
\pgfplotmarksize=\dimen275
)
\tikz@lastx=\dimen276
\tikz@lasty=\dimen277
\tikz@lastxsaved=\dimen278
\tikz@lastysaved=\dimen279
\tikz@lastmovetox=\dimen280
\tikz@lastmovetoy=\dimen281
\tikzleveldistance=\dimen282
\tikzsiblingdistance=\dimen283
\tikz@figbox=\box76
\tikz@figbox@bg=\box77
\tikz@tempbox=\box78
\tikz@tempbox@bg=\box79
\tikztreelevel=\count337
\tikznumberofchildren=\count338
\tikznumberofcurrentchild=\count339
\tikz@fig@count=\count340

(C:/Users/Cédric/AppData/Local/Programs/MiKTeX/tex/generic/pgf/modules/pgfmodu
lematrix.code.tex
File: pgfmodulematrix.code.tex 2023-01-15 v3.1.10 (3.1.10)
\pgfmatrixcurrentrow=\count341
\pgfmatrixcurrentcolumn=\count342
\pgf@matrix@numberofcolumns=\count343
)
\tikz@expandcount=\count344

(C:/Users/Cédric/AppData/Local/Programs/MiKTeX/tex/generic/pgf/frontendlayer/t
ikz/libraries/tikzlibrarytopaths.code.tex
File: tikzlibrarytopaths.code.tex 2023-01-15 v3.1.10 (3.1.10)
)))
(C:/Users/Cédric/AppData/Local/Programs/MiKTeX/tex/latex/tikz-cd/tikz-cd.sty
Package: tikz-cd 2021/05/04 v1.0 Commutative diagrams with TikZ

(C:/Users/Cédric/AppData/Local/Programs/MiKTeX/tex/latex/tikz-cd/tikzlibrarycd
.code.tex
(C:/Users/Cédric/AppData/Local/Programs/MiKTeX/tex/generic/pgf/frontendlayer/t
ikz/libraries/tikzlibrarymatrix.code.tex
File: tikzlibrarymatrix.code.tex 2023-01-15 v3.1.10 (3.1.10)
)
(C:/Users/Cédric/AppData/Local/Programs/MiKTeX/tex/generic/pgf/frontendlayer/t
ikz/libraries/tikzlibraryquotes.code.tex
File: tikzlibraryquotes.code.tex 2023-01-15 v3.1.10 (3.1.10)
)
(C:/Users/Cédric/AppData/Local/Programs/MiKTeX/tex/generic/pgf/libraries/pgfli
braryarrows.meta.code.tex
File: pgflibraryarrows.meta.code.tex 2023-01-15 v3.1.10 (3.1.10)
\pgfarrowinset=\dimen284
\pgfarrowlength=\dimen285
\pgfarrowwidth=\dimen286
\pgfarrowlinewidth=\dimen287
)))
(C:/Users/Cédric/AppData/Local/Programs/MiKTeX/tex/generic/pgf/frontendlayer/t
ikz/libraries/tikzlibraryintersections.code.tex
(C:/Users/Cédric/AppData/Local/Programs/MiKTeX/tex/generic/pgf/libraries/pgfli
braryintersections.code.tex
(C:/Users/Cédric/AppData/Local/Programs/MiKTeX/tex/generic/pgf/libraries/pgfli
braryfpu.code.tex)
\pgf@intersect@solutions=\count345
))
(C:/Users/Cédric/AppData/Local/Programs/MiKTeX/tex/generic/pgf/frontendlayer/t
ikz/libraries/tikzlibraryangles.code.tex
File: tikzlibraryangles.code.tex 2023-01-15 v3.1.10 (3.1.10)
)
(C:/Users/Cédric/AppData/Local/Programs/MiKTeX/tex/generic/pgf/frontendlayer/t
ikz/libraries/tikzlibrarycalc.code.tex
File: tikzlibrarycalc.code.tex 2023-01-15 v3.1.10 (3.1.10)
)
(C:/Users/Cédric/AppData/Local/Programs/MiKTeX/tex/generic/pgf/frontendlayer/t
ikz/libraries/tikzlibrarypositioning.code.tex
File: tikzlibrarypositioning.code.tex 2023-01-15 v3.1.10 (3.1.10)
)
(C:/Users/Cédric/AppData/Local/Programs/MiKTeX/tex/latex/thmtools/thmtools.sty
Package: thmtools 2023/05/04 v0.76
\thmt@toks=\toks48
\c@thmt@dummyctr=\count346

(C:/Users/Cédric/AppData/Local/Programs/MiKTeX/tex/latex/thmtools/thm-patch.st
y
Package: thm-patch 2023/05/04 v0.76

(C:/Users/Cédric/AppData/Local/Programs/MiKTeX/tex/latex/thmtools/parseargs.st
y
Package: parseargs 2023/05/04 v0.76
\@parsespec=\toks49
))
(C:/Users/Cédric/AppData/Local/Programs/MiKTeX/tex/latex/thmtools/thm-kv.sty
Package: thm-kv 2023/05/04 v0.76
Package thm-kv Info: Theorem names will be uppercased on input line 42.

(C:/Users/Cédric/AppData/Local/Programs/MiKTeX/tex/latex/kvsetkeys/kvsetkeys.s
ty
Package: kvsetkeys 2022-10-05 v1.19 Key value parser (HO)
)
Package thm-kv Info: kvsetkeys patch (v1.16 or later) on input line 158.
)
(C:/Users/Cédric/AppData/Local/Programs/MiKTeX/tex/latex/thmtools/thm-autoref.
sty
Package: thm-autoref 2023/05/04 v0.76

(C:/Users/Cédric/AppData/Local/Programs/MiKTeX/tex/latex/thmtools/aliasctr.sty
Package: aliasctr 2023/05/04 v0.76
))
(C:/Users/Cédric/AppData/Local/Programs/MiKTeX/tex/latex/thmtools/thm-listof.s
ty
Package: thm-listof 2023/05/04 v0.76
)
(C:/Users/Cédric/AppData/Local/Programs/MiKTeX/tex/latex/thmtools/thm-restate.
sty
Package: thm-restate 2023/05/04 v0.76
)
(C:/Users/Cédric/AppData/Local/Programs/MiKTeX/tex/latex/thmtools/thm-amsthm.s
ty
Package: thm-amsthm 2023/05/04 v0.76
\thmt@style@headstyle=\toks50
))
(C:/Users/Cédric/AppData/Local/Programs/MiKTeX/tex/latex/mdframed/mdframed.sty
Package: mdframed 2013/07/01 1.9b: mdframed

(C:/Users/Cédric/AppData/Local/Programs/MiKTeX/tex/latex/kvoptions/kvoptions.s
ty
Package: kvoptions 2022-06-15 v3.15 Key value format for package options (HO)
)
(C:/Users/Cédric/AppData/Local/Programs/MiKTeX/tex/latex/zref/zref-abspage.sty
Package: zref-abspage 2023-09-14 v2.35 Module abspage for zref (HO)
(C:/Users/Cédric/AppData/Local/Programs/MiKTeX/tex/latex/zref/zref-base.sty
Package: zref-base 2023-09-14 v2.35 Module base for zref (HO)

(C:/Users/Cédric/AppData/Local/Programs/MiKTeX/tex/generic/kvdefinekeys/kvdefi
nekeys.sty
Package: kvdefinekeys 2019-12-19 v1.6 Define keys (HO)
)
(C:/Users/Cédric/AppData/Local/Programs/MiKTeX/tex/generic/etexcmds/etexcmds.s
ty
Package: etexcmds 2019/12/15 v1.7 Avoid name clashes with e-TeX commands (HO)
)
(C:/Users/Cédric/AppData/Local/Programs/MiKTeX/tex/latex/auxhook/auxhook.sty
Package: auxhook 2019-12-17 v1.6 Hooks for auxiliary files (HO)
)
Package zref Info: New property list: main on input line 767.
Package zref Info: New property: default on input line 768.
Package zref Info: New property: page on input line 769.
)
\c@abspage=\count347
Package zref Info: New property: abspage on input line 67.
)
(C:/Users/Cédric/AppData/Local/Programs/MiKTeX/tex/latex/needspace/needspace.s
ty
Package: needspace 2025/03/13 v1.3e reserve vertical space
)
\mdf@templength=\skip64
\c@mdf@globalstyle@cnt=\count348
\mdf@skipabove@length=\skip65
\mdf@skipbelow@length=\skip66
\mdf@leftmargin@length=\skip67
\mdf@rightmargin@length=\skip68
\mdf@innerleftmargin@length=\skip69
\mdf@innerrightmargin@length=\skip70
\mdf@innertopmargin@length=\skip71
\mdf@innerbottommargin@length=\skip72
\mdf@splittopskip@length=\skip73
\mdf@splitbottomskip@length=\skip74
\mdf@outermargin@length=\skip75
\mdf@innermargin@length=\skip76
\mdf@linewidth@length=\skip77
\mdf@innerlinewidth@length=\skip78
\mdf@middlelinewidth@length=\skip79
\mdf@outerlinewidth@length=\skip80
\mdf@roundcorner@length=\skip81
\mdf@footenotedistance@length=\skip82
\mdf@userdefinedwidth@length=\skip83
\mdf@needspace@length=\skip84
\mdf@frametitleaboveskip@length=\skip85
\mdf@frametitlebelowskip@length=\skip86
\mdf@frametitlerulewidth@length=\skip87
\mdf@frametitleleftmargin@length=\skip88
\mdf@frametitlerightmargin@length=\skip89
\mdf@shadowsize@length=\skip90
\mdf@extratopheight@length=\skip91
\mdf@subtitleabovelinewidth@length=\skip92
\mdf@subtitlebelowlinewidth@length=\skip93
\mdf@subtitleaboveskip@length=\skip94
\mdf@subtitlebelowskip@length=\skip95
\mdf@subtitleinneraboveskip@length=\skip96
\mdf@subtitleinnerbelowskip@length=\skip97
\mdf@subsubtitleabovelinewidth@length=\skip98
\mdf@subsubtitlebelowlinewidth@length=\skip99
\mdf@subsubtitleaboveskip@length=\skip100
\mdf@subsubtitlebelowskip@length=\skip101
\mdf@subsubtitleinneraboveskip@length=\skip102
\mdf@subsubtitleinnerbelowskip@length=\skip103

(C:/Users/Cédric/AppData/Local/Programs/MiKTeX/tex/latex/mdframed/md-frame-0.m
df
File: md-frame-0.mdf 2013/07/01\ 1.9b: md-frame-0
)
\mdf@frametitlebox=\box80
\mdf@footnotebox=\box81
\mdf@splitbox@one=\box82
\mdf@splitbox@two=\box83
\mdf@splitbox@save=\box84
\mdfsplitboxwidth=\skip104
\mdfsplitboxtotalwidth=\skip105
\mdfsplitboxheight=\skip106
\mdfsplitboxdepth=\skip107
\mdfsplitboxtotalheight=\skip108
\mdfframetitleboxwidth=\skip109
\mdfframetitleboxtotalwidth=\skip110
\mdfframetitleboxheight=\skip111
\mdfframetitleboxdepth=\skip112
\mdfframetitleboxtotalheight=\skip113
\mdffootnoteboxwidth=\skip114
\mdffootnoteboxtotalwidth=\skip115
\mdffootnoteboxheight=\skip116
\mdffootnoteboxdepth=\skip117
\mdffootnoteboxtotalheight=\skip118
\mdftotallinewidth=\skip119
\mdfboundingboxwidth=\skip120
\mdfboundingboxtotalwidth=\skip121
\mdfboundingboxheight=\skip122
\mdfboundingboxdepth=\skip123
\mdfboundingboxtotalheight=\skip124
\mdf@freevspace@length=\skip125
\mdf@horizontalwidthofbox@length=\skip126
\mdf@verticalmarginwhole@length=\skip127
\mdf@horizontalspaceofbox=\skip128
\mdfsubtitleheight=\skip129
\mdfsubsubtitleheight=\skip130
\c@mdfcountframes=\count349

****** mdframed patching \endmdf@trivlist

****** -- success******

\mdf@envdepth=\count350
\c@mdf@env@i=\count351
\c@mdf@env@ii=\count352
\c@mdf@zref@counter=\count353
Package zref Info: New property: mdf@pagevalue on input line 895.
)
Package thmtools Info: Key `mdframed' (with value ` linewidth=2pt, rightline=fa
lse, topline=false, bottomline=false, linecolor=ForestGreen, backgroundcolor=Fo
restGreen!5, ')
(thmtools)             is not a known style key.
(thmtools)             Will pass this to every \declaretheorem
(thmtools)             that uses `style=thmgreenbox' on input line 97.
Package thmtools Info: Key `mdframed' (with value ` linewidth=2pt, rightline=fa
lse, topline=false, bottomline=false, linecolor=NavyBlue, backgroundcolor=NavyB
lue!5, ')
(thmtools)             is not a known style key.
(thmtools)             Will pass this to every \declaretheorem
(thmtools)             that uses `style=thmbluebox' on input line 106.
Package thmtools Info: Key `mdframed' (with value ` linewidth=2pt, rightline=fa
lse, topline=false, bottomline=false, linecolor=NavyBlue ')
(thmtools)             is not a known style key.
(thmtools)             Will pass this to every \declaretheorem
(thmtools)             that uses `style=thmblueline' on input line 115.
Package thmtools Info: Key `mdframed' (with value ` linewidth=2pt, rightline=fa
lse, topline=false, bottomline=false, linecolor=RawSienna, backgroundcolor=RawS
ienna!5, ')
(thmtools)             is not a known style key.
(thmtools)             Will pass this to every \declaretheorem
(thmtools)             that uses `style=thmredbox' on input line 124.
Package thmtools Info: Key `numbered' (with value `no')
(thmtools)             is not a known style key.
(thmtools)             Will pass this to every \declaretheorem
(thmtools)             that uses `style=thmproofbox' on input line 135.
Package thmtools Info: Key `mdframed' (with value ` linewidth=2pt, rightline=fa
lse, topline=false, bottomline=false, linecolor=RawSienna, backgroundcolor=RawS
ienna!1, ')
(thmtools)             is not a known style key.
(thmtools)             Will pass this to every \declaretheorem
(thmtools)             that uses `style=thmproofbox' on input line 135.
Package thmtools Info: Key `qed' (with value `\qedsymbol ')
(thmtools)             is not a known style key.
(thmtools)             Will pass this to every \declaretheorem
(thmtools)             that uses `style=thmproofbox' on input line 135.
Package thmtools Info: Key `numbered' (with value `no')
(thmtools)             is not a known style key.
(thmtools)             Will pass this to every \declaretheorem
(thmtools)             that uses `style=thmexplanationbox' on input line 145.
Package thmtools Info: Key `mdframed' (with value ` linewidth=2pt, rightline=fa
lse, topline=false, bottomline=false, linecolor=NavyBlue, backgroundcolor=NavyB
lue!1, ')
(thmtools)             is not a known style key.
(thmtools)             Will pass this to every \declaretheorem
(thmtools)             that uses `style=thmexplanationbox' on input line 145.
Package thmtools Info: Automatically pulling in `thmdef-mdframed' on input line
 147.

(C:/Users/Cédric/AppData/Local/Programs/MiKTeX/tex/latex/thmtools/thmdef-mdfra
med.sty
Package: thmdef-mdframed 2023/05/04 v0.76
)
\c@prop=\count354

(C:/Users/Cédric/AppData/Local/Programs/MiKTeX/tex/latex/xifthen/xifthen.sty
Package: xifthen 2015/11/05 v1.4.0 Extended ifthen features

(C:/Users/Cédric/AppData/Local/Programs/MiKTeX/tex/latex/base/ifthen.sty
Package: ifthen 2024/03/16 v1.1e Standard LaTeX ifthen package (DPC)
)
(C:/Users/Cédric/AppData/Local/Programs/MiKTeX/tex/latex/ifmtarg/ifmtarg.sty
Package: ifmtarg 2018/04/16 v1.2b check for an empty argument
))
(C:/Users/Cédric/AppData/Local/Programs/MiKTeX/tex/latex/fancyhdr/fancyhdr.sty
Package: fancyhdr 2025/02/07 v5.2 Extensive control of page headers and footers

\f@nch@headwidth=\skip131
\f@nch@offset@elh=\skip132
\f@nch@offset@erh=\skip133
\f@nch@offset@olh=\skip134
\f@nch@offset@orh=\skip135
\f@nch@offset@elf=\skip136
\f@nch@offset@erf=\skip137
\f@nch@offset@olf=\skip138
\f@nch@offset@orf=\skip139
\f@nch@height=\skip140
\f@nch@footalignment=\skip141
\f@nch@widthL=\skip142
\f@nch@widthC=\skip143
\f@nch@widthR=\skip144
\@temptokenb=\toks51
)
(C:/Users/Cédric/AppData/Local/Programs/MiKTeX/tex/latex/tcolorbox/tcolorbox.s
ty
Package: tcolorbox 2024/10/22 version 6.4.1 text color boxes
 (C:/Users/Cédric/AppData/Local/Programs/MiKTeX/tex/latex/tools/verbatim.sty
Package: verbatim 2024-01-22 v1.5x LaTeX2e package for verbatim enhancements
\every@verbatim=\toks52
\verbatim@line=\toks53
\verbatim@in@stream=\read3
) (C:/Users/Cédric/AppData/Local/Programs/MiKTeX/tex/latex/environ/environ.sty
Package: environ 2014/05/04 v0.3 A new way to define environments

(C:/Users/Cédric/AppData/Local/Programs/MiKTeX/tex/latex/trimspaces/trimspaces
.sty
Package: trimspaces 2009/09/17 v1.1 Trim spaces around a token list
))
\tcb@titlebox=\box85
\tcb@upperbox=\box86
\tcb@lowerbox=\box87
\tcb@phantombox=\box88
\c@tcbbreakpart=\count355
\c@tcblayer=\count356
\c@tcolorbox@number=\count357
\l__tcobox_tmpa_box=\box89
\l__tcobox_tmpa_dim=\dimen288
\tcb@temp=\box90
\tcb@temp=\box91
\tcb@temp=\box92
\tcb@temp=\box93
)
(C:/Users/Cédric/AppData/Local/Programs/MiKTeX/tex/latex/tcolorbox/tcbbreakabl
e.code.tex
Library (tcolorbox): 'tcbbreakable.code.tex' version '6.4.1'
(C:/Users/Cédric/AppData/Local/Programs/MiKTeX/tex/latex/pdfcol/pdfcol.sty
Package: pdfcol 2022-09-21 v1.7 Handle new color stacks for pdfTeX (HO)
)
Package pdfcol Info: New color stack `tcb@breakable' = 1 on input line 23.
\tcb@testbox=\box94
\tcb@totalupperbox=\box95
\tcb@totallowerbox=\box96

(C:/Users/Cédric/AppData/Local/Programs/MiKTeX/tex/generic/iftex/ifluatex.sty
Package: ifluatex 2019/10/25 v1.5 ifluatex legacy package. Use iftex instead.
))
(C:/Users/Cédric/AppData/Local/Programs/MiKTeX/tex/latex/algorithms/algorithm.
sty
Package: algorithm 2009/08/24 v0.1 Document Style `algorithm' - floating enviro
nment
\@float@every@algorithm=\toks54
\c@algorithm=\count358
))
(C:/Users/Cédric/AppData/Local/Programs/MiKTeX/tex/latex/algorithmicx/algpseud
ocode.sty
Package: algpseudocode 

(C:/Users/Cédric/AppData/Local/Programs/MiKTeX/tex/latex/algorithmicx/algorith
micx.sty
Package: algorithmicx 2005/04/27 v1.2 Algorithmicx

Document Style algorithmicx 1.2 - a greatly improved `algorithmic' style
\c@ALG@line=\count359
\c@ALG@rem=\count360
\c@ALG@nested=\count361
\ALG@tlm=\skip145
\ALG@thistlm=\skip146
\c@ALG@Lnr=\count362
\c@ALG@blocknr=\count363
\c@ALG@storecount=\count364
\c@ALG@tmpcounter=\count365
\ALG@tmplength=\skip147
)
Document Style - pseudocode environments for use with the `algorithmicx' style
) (C:/Users/Cédric/AppData/Local/Programs/MiKTeX/tex/generic/babel/babel.sty
Package: babel 2025/04/29 v25.8 The multilingual framework for pdfLaTeX, LuaLaT
eX and XeLaTeX

(C:/Users/Cédric/AppData/Local/Programs/MiKTeX/tex/generic/babel/luababel.def
\bbl@readstream=\read4
\l@afrikaans=\language2
Package babel Info: Non-standard hyphenation setup on input line 118.
\l@ancientgreek=\language3
\l@armenian=\language4
\l@assamese=\language5
\l@basque=\language6
\l@belarusian=\language7
\l@bengali=\language8
\l@bokmal=\language9
\l@bulgarian=\language10
\l@catalan=\language11
\l@churchslavonic=\language12
\l@classiclatin=\language13
\l@coptic=\language14
\l@croatian=\language15
\l@czech=\language16
\l@danish=\language17
\l@dutch=\language18
\l@esperanto=\language19
\l@estonian=\language20
\l@ethiopic=\language21
\l@finnish=\language22
\l@french=\language23
\l@friulan=\language24
\l@galician=\language25
\l@georgian=\language26
\l@german=\language27
\l@greek=\language28
\l@gujarati=\language29
\l@hindi=\language30
\l@hungarian=\language31
\l@icelandic=\language32
\l@indonesian=\language33
\l@interlingua=\language34
\l@irish=\language35
\l@italian=\language36
\l@kannada=\language37
\l@kurmanji=\language38
\l@latin=\language39
\l@latvian=\language40
\l@lithuanian=\language41
\l@liturgicallatin=\language42
\l@macedonian=\language43
\l@malayalam=\language44
\l@marathi=\language45
\l@mongolian=\language46
\l@mongolianlmc=\language47
\l@monogreek=\language48
\l@ngerman=\language49
\l@nynorsk=\language50
\l@occitan=\language51
\l@oriya=\language52
\l@pali=\language53
\l@panjabi=\language54
\l@piedmontese=\language55
\l@polish=\language56
\l@portuguese=\language57
\l@romanian=\language58
\l@romansh=\language59
\l@russian=\language60
\l@sanskrit=\language61
\l@serbian=\language62
\l@serbianc=\language63
\l@slovak=\language64
\l@slovenian=\language65
\l@spanish=\language66
\l@swedish=\language67
\l@swissgerman=\language68
\l@tamil=\language69
\l@telugu=\language70
\l@thai=\language71
\l@turkish=\language72
\l@turkmen=\language73
\l@ukenglish=\language74
\l@ukrainian=\language75
\l@uppersorbian=\language76
\l@usenglishmax=\language77
\l@welsh=\language78
\babelcatcodetablenum=\catcodetable14
\bbl@pattcodes=\catcodetable15
)
\babel@savecnt=\count366
\U@D=\dimen289
\l@unhyphenated=\language79
(C:/Users/Cédric/AppData/Local/Programs/MiKTeX/tex/generic/babel/luababel.def
\bbl@attr@locale=\attribute4
)
*************************************
* Local config file bblopts.cfg used
*
(C:/Users/Cédric/AppData/Local/Programs/MiKTeX/tex/latex/arabi/bblopts.cfg
File: bblopts.cfg 2005/09/08 v0.1 add Arabic and Farsi to "declared" options of
 babel
)
(C:/Users/Cédric/AppData/Local/Programs/MiKTeX/tex/generic/babel-french/french
.ldf
Language: french 2024-07-25 v3.6c French support from the babel system

(C:/Users/Cédric/AppData/Local/Programs/MiKTeX/tex/generic/babel/locale/fr/bab
el-french.tex
Package babel Info: Importing font and identification data for french
(babel)             from babel-fr.ini. Reported on input line 11.
)
Package babel Info: Hyphen rules for 'acadian' set to \l@french
(babel)             (\language23). Reported on input line 91.
Package babel Info: Hyphen rules for 'canadien' set to \l@french
(babel)             (\language23). Reported on input line 92.
\FB@stdchar=\count367
\FB@spacing=\attribute5
\FB@addDPspace=\attribute6
\FB@addGUILspace=\attribute7
\FB@ucsNBSP=\attribute8
\FB@dialect=\attribute9
Package french.ldf Info: No need for active punctuation characters
(french.ldf)             with this version of LuaTeX!
(french.ldf)             reported on input line 250.
\FBguill@level=\count368
\FBold@everypar=\toks55
\FB@Mht=\dimen290
\mc@charclass=\count369
\mc@charfam=\count370
\mc@charslot=\count371
\std@mcc=\count372
\dec@mcc=\count373
Inserting `frenchb.french_punctuation' in `kerning'.
\FB@parskip=\dimen291
\listindentFB=\dimen292
\descindentFB=\dimen293
\labelindentFB=\dimen294
\labelwidthFB=\dimen295
\leftmarginFB=\dimen296
\parindentFFN=\dimen297
\FBfnindent=\dimen298

(C:/Users/Cédric/AppData/Local/Programs/MiKTeX/tex/generic/hyph-utf8/loadhyph/
loadhyph-fr.tex UTF-8 French hyphenation patterns
(C:/Users/Cédric/AppData/Local/Programs/MiKTeX/tex/generic/hyph-utf8/patterns/
tex/hyph-fr.tex)
(C:/Users/Cédric/AppData/Local/Programs/MiKTeX/tex/generic/hyph-utf8/patterns/
quote/hyph-quote-fr.tex))))
(C:/Users/Cédric/AppData/Local/Programs/MiKTeX/tex/latex/carlisle/scalefnt.sty
)
(C:/Users/Cédric/AppData/Local/Programs/MiKTeX/tex/generic/pgf/frontendlayer/t
ikz/libraries/tikzlibraryarrows.code.tex
File: tikzlibraryarrows.code.tex 2023-01-15 v3.1.10 (3.1.10)

(C:/Users/Cédric/AppData/Local/Programs/MiKTeX/tex/generic/pgf/libraries/pgfli
braryarrows.code.tex
File: pgflibraryarrows.code.tex 2023-01-15 v3.1.10 (3.1.10)
\arrowsize=\dimen299
))
(C:/Users/Cédric/AppData/Local/Programs/MiKTeX/tex/generic/pgf/frontendlayer/t
ikz/libraries/tikzlibraryshapes.code.tex
File: tikzlibraryshapes.code.tex 2023-01-15 v3.1.10 (3.1.10)

(C:/Users/Cédric/AppData/Local/Programs/MiKTeX/tex/generic/pgf/frontendlayer/t
ikz/libraries/tikzlibraryshapes.geometric.code.tex
File: tikzlibraryshapes.geometric.code.tex 2023-01-15 v3.1.10 (3.1.10)

(C:/Users/Cédric/AppData/Local/Programs/MiKTeX/tex/generic/pgf/libraries/shape
s/pgflibraryshapes.geometric.code.tex
File: pgflibraryshapes.geometric.code.tex 2023-01-15 v3.1.10 (3.1.10)
))
(C:/Users/Cédric/AppData/Local/Programs/MiKTeX/tex/generic/pgf/frontendlayer/t
ikz/libraries/tikzlibraryshapes.misc.code.tex
File: tikzlibraryshapes.misc.code.tex 2023-01-15 v3.1.10 (3.1.10)

(C:/Users/Cédric/AppData/Local/Programs/MiKTeX/tex/generic/pgf/libraries/shape
s/pgflibraryshapes.misc.code.tex
File: pgflibraryshapes.misc.code.tex 2023-01-15 v3.1.10 (3.1.10)
))
(C:/Users/Cédric/AppData/Local/Programs/MiKTeX/tex/generic/pgf/frontendlayer/t
ikz/libraries/tikzlibraryshapes.symbols.code.tex
File: tikzlibraryshapes.symbols.code.tex 2023-01-15 v3.1.10 (3.1.10)

(C:/Users/Cédric/AppData/Local/Programs/MiKTeX/tex/generic/pgf/libraries/shape
s/pgflibraryshapes.symbols.code.tex
File: pgflibraryshapes.symbols.code.tex 2023-01-15 v3.1.10 (3.1.10)
))
(C:/Users/Cédric/AppData/Local/Programs/MiKTeX/tex/generic/pgf/frontendlayer/t
ikz/libraries/tikzlibraryshapes.arrows.code.tex
File: tikzlibraryshapes.arrows.code.tex 2023-01-15 v3.1.10 (3.1.10)

(C:/Users/Cédric/AppData/Local/Programs/MiKTeX/tex/generic/pgf/libraries/shape
s/pgflibraryshapes.arrows.code.tex
File: pgflibraryshapes.arrows.code.tex 2023-01-15 v3.1.10 (3.1.10)
))
(C:/Users/Cédric/AppData/Local/Programs/MiKTeX/tex/generic/pgf/frontendlayer/t
ikz/libraries/tikzlibraryshapes.callouts.code.tex
(C:/Users/Cédric/AppData/Local/Programs/MiKTeX/tex/generic/pgf/libraries/shape
s/pgflibraryshapes.callouts.code.tex))
(C:/Users/Cédric/AppData/Local/Programs/MiKTeX/tex/generic/pgf/frontendlayer/t
ikz/libraries/tikzlibraryshapes.multipart.code.tex
File: tikzlibraryshapes.multipart.code.tex 2023-01-15 v3.1.10 (3.1.10)

(C:/Users/Cédric/AppData/Local/Programs/MiKTeX/tex/generic/pgf/libraries/shape
s/pgflibraryshapes.multipart.code.tex
File: pgflibraryshapes.multipart.code.tex 2023-01-15 v3.1.10 (3.1.10)
\pgfnodepartlowerbox=\box97
\pgfnodeparttwobox=\box98
\pgfnodepartthreebox=\box99
\pgfnodepartfourbox=\box100
\pgfnodeparttwentybox=\box101
\pgfnodepartnineteenbox=\box102
\pgfnodeparteighteenbox=\box103
\pgfnodepartseventeenbox=\box104
\pgfnodepartsixteenbox=\box105
\pgfnodepartfifteenbox=\box106
\pgfnodepartfourteenbox=\box107
\pgfnodepartthirteenbox=\box108
\pgfnodeparttwelvebox=\box109
\pgfnodepartelevenbox=\box110
\pgfnodeparttenbox=\box111
\pgfnodepartninebox=\box112
\pgfnodeparteightbox=\box113
\pgfnodepartsevenbox=\box114
\pgfnodepartsixbox=\box115
\pgfnodepartfivebox=\box116
)))
(C:/Users/Cédric/AppData/Local/Programs/MiKTeX/tex/latex/geometry/geometry.sty
Package: geometry 2020/01/02 v5.9 Page Geometry
(C:/Users/Cédric/AppData/Local/Programs/MiKTeX/tex/generic/iftex/ifvtex.sty
Package: ifvtex 2019/10/25 v1.7 ifvtex legacy package. Use iftex instead.
)
\Gm@cnth=\count374
\Gm@cntv=\count375
\c@Gm@tempcnt=\count376
\Gm@bindingoffset=\dimen300
\Gm@wd@mp=\dimen301
\Gm@odd@mp=\dimen302
\Gm@even@mp=\dimen303
\Gm@layoutwidth=\dimen304
\Gm@layoutheight=\dimen305
\Gm@layouthoffset=\dimen306
\Gm@layoutvoffset=\dimen307
\Gm@dimlist=\toks56

(C:/Users/Cédric/AppData/Local/Programs/MiKTeX/tex/latex/geometry/geometry.cfg
))
(C:/Users/Cédric/AppData/Local/Programs/MiKTeX/tex/latex/biblatex/biblatex.sty
Package: biblatex 2024/03/21 v3.20 programmable bibliographies (PK/MW)
(C:/Users/Cédric/AppData/Local/Programs/MiKTeX/tex/latex/logreq/logreq.sty
Package: logreq 2010/08/04 v1.0 xml request logger
\lrq@indent=\count377

(C:/Users/Cédric/AppData/Local/Programs/MiKTeX/tex/latex/logreq/logreq.def
File: logreq.def 2010/08/04 v1.0 logreq spec v1.0
))
(C:/Users/Cédric/AppData/Local/Programs/MiKTeX/tex/latex/url/url.sty
\Urlmuskip=\muskip18
Package: url 2013/09/16  ver 3.4  Verb mode for urls, etc.
)
\c@tabx@nest=\count378
\c@listtotal=\count379
\c@listcount=\count380
\c@liststart=\count381
\c@liststop=\count382
\c@citecount=\count383
\c@citetotal=\count384
\c@multicitecount=\count385
\c@multicitetotal=\count386
\c@instcount=\count387
\c@maxnames=\count388
\c@minnames=\count389
\c@maxitems=\count390
\c@minitems=\count391
\c@citecounter=\count392
\c@maxcitecounter=\count393
\c@savedcitecounter=\count394
\c@uniquelist=\count395
\c@uniquename=\count396
\c@refsection=\count397
\c@refsegment=\count398
\c@maxextratitle=\count399
\c@maxextratitleyear=\count400
\c@maxextraname=\count401
\c@maxextradate=\count402
\c@maxextraalpha=\count403
\c@abbrvpenalty=\count404
\c@highnamepenalty=\count405
\c@lownamepenalty=\count406
\c@maxparens=\count407
\c@parenlevel=\count408
\blx@tempcnta=\count409
\blx@tempcntb=\count410
\blx@tempcntc=\count411
\c@blx@maxsection=\count412
\blx@maxsegment@0=\count413
\blx@notetype=\count414
\blx@parenlevel@text=\count415
\blx@parenlevel@foot=\count416
\blx@sectionciteorder@0=\count417
\blx@sectionciteorderinternal@0=\count418
\blx@entrysetcounter=\count419
\blx@biblioinstance=\count420
\labelnumberwidth=\skip148
\labelalphawidth=\skip149
\biblabelsep=\skip150
\bibitemsep=\skip151
\bibnamesep=\skip152
\bibinitsep=\skip153
\bibparsep=\skip154
\bibhang=\skip155
\blx@bcfin=\read5
\blx@bcfout=\write4
\blx@langwohyphens=\language80
\c@mincomprange=\count421
\c@maxcomprange=\count422
\c@mincompwidth=\count423
Package biblatex Info: Trying to load biblatex default data model...
Package biblatex Info: ... file 'blx-dm.def' found.

(C:/Users/Cédric/AppData/Local/Programs/MiKTeX/tex/latex/biblatex/blx-dm.def
File: blx-dm.def 2024/03/21 v3.20 biblatex datamodel (PK/MW)
)
Package biblatex Info: Trying to load biblatex custom data model...
Package biblatex Info: ... file 'biblatex-dm.cfg' not found.
\c@afterword=\count424
\c@savedafterword=\count425
\c@annotator=\count426
\c@savedannotator=\count427
\c@author=\count428
\c@savedauthor=\count429
\c@bookauthor=\count430
\c@savedbookauthor=\count431
\c@commentator=\count432
\c@savedcommentator=\count433
\c@editor=\count434
\c@savededitor=\count435
\c@editora=\count436
\c@savededitora=\count437
\c@editorb=\count438
\c@savededitorb=\count439
\c@editorc=\count440
\c@savededitorc=\count441
\c@foreword=\count442
\c@savedforeword=\count443
\c@holder=\count444
\c@savedholder=\count445
\c@introduction=\count446
\c@savedintroduction=\count447
\c@namea=\count448
\c@savednamea=\count449
\c@nameb=\count450
\c@savednameb=\count451
\c@namec=\count452
\c@savednamec=\count453
\c@translator=\count454
\c@savedtranslator=\count455
\c@shortauthor=\count456
\c@savedshortauthor=\count457
\c@shorteditor=\count458
\c@savedshorteditor=\count459
\c@labelname=\count460
\c@savedlabelname=\count461
\c@institution=\count462
\c@savedinstitution=\count463
\c@lista=\count464
\c@savedlista=\count465
\c@listb=\count466
\c@savedlistb=\count467
\c@listc=\count468
\c@savedlistc=\count469
\c@listd=\count470
\c@savedlistd=\count471
\c@liste=\count472
\c@savedliste=\count473
\c@listf=\count474
\c@savedlistf=\count475
\c@location=\count476
\c@savedlocation=\count477
\c@organization=\count478
\c@savedorganization=\count479
\c@origlocation=\count480
\c@savedoriglocation=\count481
\c@origpublisher=\count482
\c@savedorigpublisher=\count483
\c@publisher=\count484
\c@savedpublisher=\count485
\c@language=\count486
\c@savedlanguage=\count487
\c@origlanguage=\count488
\c@savedoriglanguage=\count489
\c@pageref=\count490
\c@savedpageref=\count491
\shorthandwidth=\skip156
\shortjournalwidth=\skip157
\shortserieswidth=\skip158
\shorttitlewidth=\skip159
\shortauthorwidth=\skip160
\shorteditorwidth=\skip161
\locallabelnumberwidth=\skip162
\locallabelalphawidth=\skip163
\localshorthandwidth=\skip164
\localshortjournalwidth=\skip165
\localshortserieswidth=\skip166
\localshorttitlewidth=\skip167
\localshortauthorwidth=\skip168
\localshorteditorwidth=\skip169
Package biblatex Info: Trying to load enhanced support for Unicode engines...
Package biblatex Info: ... file 'blx-unicode.def' found.

(C:/Users/Cédric/AppData/Local/Programs/MiKTeX/tex/latex/biblatex/blx-unicode.
def)
Package biblatex Info: Trying to load compatibility code...
Package biblatex Info: ... file 'blx-compat.def' found.

(C:/Users/Cédric/AppData/Local/Programs/MiKTeX/tex/latex/biblatex/blx-compat.d
ef
File: blx-compat.def 2024/03/21 v3.20 biblatex compatibility (PK/MW)
)
Package biblatex Info: Trying to load generic definitions...
Package biblatex Info: ... file 'biblatex.def' found.

(C:/Users/Cédric/AppData/Local/Programs/MiKTeX/tex/latex/biblatex/biblatex.def
File: biblatex.def 2024/03/21 v3.20 biblatex compatibility (PK/MW)
\c@textcitecount=\count492
\c@textcitetotal=\count493
\c@textcitemaxnames=\count494
\c@biburlbigbreakpenalty=\count495
\c@biburlbreakpenalty=\count496
\c@biburlnumpenalty=\count497
\c@biburlucpenalty=\count498
\c@biburllcpenalty=\count499
\biburlbigskip=\muskip19
\biburlnumskip=\muskip20
\biburlucskip=\muskip21
\biburllcskip=\muskip22
\c@smartand=\count500
)
Package biblatex Info: Trying to load bibliography style 'numeric'...
Package biblatex Info: ... file 'numeric.bbx' found.

(C:/Users/Cédric/AppData/Local/Programs/MiKTeX/tex/latex/biblatex/bbx/numeric.
bbx
File: numeric.bbx 2024/03/21 v3.20 biblatex bibliography style (PK/MW)
Package biblatex Info: Trying to load bibliography style 'standard'...
Package biblatex Info: ... file 'standard.bbx' found.

(C:/Users/Cédric/AppData/Local/Programs/MiKTeX/tex/latex/biblatex/bbx/standard
.bbx
File: standard.bbx 2024/03/21 v3.20 biblatex bibliography style (PK/MW)
\c@bbx:relatedcount=\count501
\c@bbx:relatedtotal=\count502
))
Package biblatex Info: Trying to load citation style 'numeric'...
Package biblatex Info: ... file 'numeric.cbx' found.

(C:/Users/Cédric/AppData/Local/Programs/MiKTeX/tex/latex/biblatex/cbx/numeric.
cbx
File: numeric.cbx 2024/03/21 v3.20 biblatex citation style (PK/MW)
Package biblatex Info: Redefining '\cite'.
Package biblatex Info: Redefining '\parencite'.
Package biblatex Info: Redefining '\footcite'.
Package biblatex Info: Redefining '\footcitetext'.
Package biblatex Info: Redefining '\smartcite'.
Package biblatex Info: Redefining '\supercite'.
Package biblatex Info: Redefining '\textcite'.
Package biblatex Info: Redefining '\textcites'.
Package biblatex Info: Redefining '\cites'.
Package biblatex Info: Redefining '\parencites'.
Package biblatex Info: Redefining '\smartcites'.
)
Package biblatex Info: Trying to load configuration file...
Package biblatex Info: ... file 'biblatex.cfg' found.

(C:/Users/Cédric/AppData/Local/Programs/MiKTeX/tex/latex/biblatex/biblatex.cfg
File: biblatex.cfg 
)
Package biblatex Info: LuaTeX detected.
(biblatex)             Assuming input encoding 'utf8'.
Package biblatex Info: Document encoding is UTF8 ....
Package biblatex Info: ... and expl3
(biblatex)             2025-04-14 L3 programming layer (loader) 
(biblatex)             is new enough (at least 2020/04/06),
(biblatex)             setting 'casechanger=expl3'.

(C:/Users/Cédric/AppData/Local/Programs/MiKTeX/tex/latex/biblatex/blx-case-exp
l3.sty
Package: blx-case-expl3 2024/03/21 v3.20 expl3 case changing code for biblatex
))
(C:/Users/Cédric/AppData/Local/Programs/MiKTeX/tex/latex/csquotes/csquotes.sty
Package: csquotes 2024-04-04 v5.2o context-sensitive quotations (JAW)
\csq@reset=\count503
\csq@gtype=\count504
\csq@glevel=\count505
\csq@qlevel=\count506
\csq@maxlvl=\count507
\csq@tshold=\count508
\csq@ltx@everypar=\toks57

(C:/Users/Cédric/AppData/Local/Programs/MiKTeX/tex/latex/csquotes/csquotes.def
File: csquotes.def 2024-04-04 v5.2o csquotes generic definitions (JAW)
)
Package csquotes Info: Trying to load configuration file 'csquotes.cfg'...
Package csquotes Info: ... configuration file loaded successfully.

(C:/Users/Cédric/AppData/Local/Programs/MiKTeX/tex/latex/csquotes/csquotes.cfg
File: csquotes.cfg 
))
(C:/Users/Cédric/AppData/Local/Programs/MiKTeX/tex/latex/hyperref/hyperref.sty
Package: hyperref 2024-11-05 v7.01l Hypertext links for LaTeX

(C:/Users/Cédric/AppData/Local/Programs/MiKTeX/tex/generic/pdfescape/pdfescape
.sty
Package: pdfescape 2019/12/09 v1.15 Implements pdfTeX's escape features (HO)
)
(C:/Users/Cédric/AppData/Local/Programs/MiKTeX/tex/latex/hycolor/hycolor.sty
Package: hycolor 2020-01-27 v1.10 Color options for hyperref/bookmark (HO)
)
(C:/Users/Cédric/AppData/Local/Programs/MiKTeX/tex/latex/hyperref/nameref.sty
Package: nameref 2023-11-26 v2.56 Cross-referencing by name of section

(C:/Users/Cédric/AppData/Local/Programs/MiKTeX/tex/latex/refcount/refcount.sty
Package: refcount 2019/12/15 v3.6 Data extraction from label references (HO)
)
(C:/Users/Cédric/AppData/Local/Programs/MiKTeX/tex/generic/gettitlestring/gett
itlestring.sty
Package: gettitlestring 2019/12/15 v1.6 Cleanup title references (HO)
)
\c@section@level=\count509
)
(C:/Users/Cédric/AppData/Local/Programs/MiKTeX/tex/generic/stringenc/stringenc
.sty
Package: stringenc 2019/11/29 v1.12 Convert strings between diff. encodings (HO
)
)
\@linkdim=\dimen308
\Hy@linkcounter=\count510
\Hy@pagecounter=\count511

(C:/Users/Cédric/AppData/Local/Programs/MiKTeX/tex/latex/hyperref/pd1enc.def
File: pd1enc.def 2024-11-05 v7.01l Hyperref: PDFDocEncoding definition (HO)
)
(C:/Users/Cédric/AppData/Local/Programs/MiKTeX/tex/generic/intcalc/intcalc.sty
Package: intcalc 2019/12/15 v1.3 Expandable calculations with integers (HO)
)
\Hy@SavedSpaceFactor=\count512
 (C:/Users/Cédric/AppData/Local/Programs/MiKTeX/tex/latex/hyperref/puenc.def
File: puenc.def 2024-11-05 v7.01l Hyperref: PDF Unicode definition (HO)
)
Package hyperref Info: Option `colorlinks' set `true' on input line 4040.
Package hyperref Info: Hyper figures OFF on input line 4157.
Package hyperref Info: Link nesting OFF on input line 4162.
Package hyperref Info: Hyper index ON on input line 4165.
Package hyperref Info: Plain pages OFF on input line 4172.
Package hyperref Info: Backreferencing OFF on input line 4177.
Package hyperref Info: Implicit mode ON; LaTeX internals redefined.
Package hyperref Info: Bookmarks ON on input line 4424.
\c@Hy@tempcnt=\count513
LaTeX Info: Redefining \url on input line 4763.
\XeTeXLinkMargin=\dimen309
(C:/Users/Cédric/AppData/Local/Programs/MiKTeX/tex/generic/bitset/bitset.sty
Package: bitset 2019/12/09 v1.3 Handle bit-vector datatype (HO)

(C:/Users/Cédric/AppData/Local/Programs/MiKTeX/tex/generic/bigintcalc/bigintca
lc.sty
Package: bigintcalc 2019/12/15 v1.5 Expandable calculations on big integers (HO
)
))
\Fld@menulength=\count514
\Field@Width=\dimen310
\Fld@charsize=\dimen311
Package hyperref Info: Hyper figures OFF on input line 6042.
Package hyperref Info: Link nesting OFF on input line 6047.
Package hyperref Info: Hyper index ON on input line 6050.
Package hyperref Info: backreferencing OFF on input line 6057.
Package hyperref Info: Link coloring ON on input line 6060.
Package hyperref Info: Link coloring with OCG OFF on input line 6067.
Package hyperref Info: PDF/A mode OFF on input line 6072.

(C:/Users/Cédric/AppData/Local/Programs/MiKTeX/tex/latex/base/atbegshi-ltx.sty
Package: atbegshi-ltx 2021/01/10 v1.0c Emulation of the original atbegshi
package with kernel methods
)
\Hy@abspage=\count515
\c@Item=\count516
\c@Hfootnote=\count517
)
Package hyperref Info: Driver (autodetected): hluatex.

(C:/Users/Cédric/AppData/Local/Programs/MiKTeX/tex/latex/hyperref/hluatex.def
File: hluatex.def 2024-11-05 v7.01l Hyperref driver for luaTeX

(C:/Users/Cédric/AppData/Local/Programs/MiKTeX/tex/latex/base/atveryend-ltx.st
y
Package: atveryend-ltx 2020/08/19 v1.0a Emulation of the original atveryend pac
kage
with kernel methods
)
\Fld@listcount=\count518
\c@bookmark@seq@number=\count519

(C:/Users/Cédric/AppData/Local/Programs/MiKTeX/tex/latex/rerunfilecheck/rerunf
ilecheck.sty
Package: rerunfilecheck 2022-07-10 v1.10 Rerun checks for auxiliary files (HO)

(C:/Users/Cédric/AppData/Local/Programs/MiKTeX/tex/generic/uniquecounter/uniqu
ecounter.sty
Package: uniquecounter 2019/12/15 v1.4 Provide unlimited unique counter (HO)
)
Package uniquecounter Info: New unique counter `rerunfilecheck' on input line 2
85.
)
\Hy@SectionHShift=\skip170
)
(C:/Users/Cédric/AppData/Local/Programs/MiKTeX/tex/latex/datetime/datetime.sty
Package: datetime 2015/03/20 v2.60 Date Time Package

(C:/Users/Cédric/AppData/Local/Programs/MiKTeX/tex/latex/fmtcount/fmtcount.sty
Package: fmtcount 2025/02/09 v3.10 Displaying the values of LaTeX counters (NT,
VB,NE)
(C:/Users/Cédric/AppData/Local/Programs/MiKTeX/tex/latex/xkeyval/xkeyval.sty
Package: xkeyval 2022/06/16 v2.9 package option processing (HA)

(C:/Users/Cédric/AppData/Local/Programs/MiKTeX/tex/generic/xkeyval/xkeyval.tex

(C:/Users/Cédric/AppData/Local/Programs/MiKTeX/tex/generic/xkeyval/xkvutils.te
x
\XKV@toks=\toks58
\XKV@tempa@toks=\toks59
)
\XKV@depth=\count520
File: xkeyval.tex 2014/12/03 v2.7a key=value parser (HA)
))
(C:/Users/Cédric/AppData/Local/Programs/MiKTeX/tex/latex/fmtcount/fcprefix.sty
Package: fcprefix 2012/09/28

(C:/Users/Cédric/AppData/Local/Programs/MiKTeX/tex/latex/fmtcount/fcnumparser.
sty
Package: fcnumparser 2017/06/15
\fc@digit@counter=\count521
))
\c@padzeroesN=\count522
\fc@tmpcatcode=\count523

(C:/Users/Cédric/AppData/Local/Programs/MiKTeX/tex/latex/fmtcount/fc-french.de
f
File: fc-french.def 2017/06/15
)
\@DT@modctr=\count524
\@ordinalctr=\count525
\@orgargctr=\count526
\@strctr=\count527
\@tmpstrctr=\count528
\@DT@loopN=\count529
\@DT@X=\count530
)
(C:/Users/Cédric/AppData/Local/Programs/MiKTeX/tex/latex/datetime/datetime-def
aults.sty
Package: datetime-defaults 2013/09/10
)
\@day=\count531
\@month=\count532
\@year=\count533
\c@HOUR=\count534
\c@HOURXII=\count535
\c@MINUTE=\count536
\c@TOHOUR=\count537
\c@TOMINUTE=\count538
\c@SECOND=\count539
\currenthour=\count540
\currentminute=\count541
\currentsecond=\count542
Package datetime Info: No datetime.cfg file found, using default settings on in
put line 308.
\@dtctr=\count543
\dayofyear=\count544
\dayofweek=\count545
LaTeX Info: Redefining \today on input line 736.

(C:/Users/Cédric/AppData/Local/Programs/MiKTeX/tex/latex/datetime/dt-french.de
f
File: dt-french.def 2013/09/10
LaTeX Info: Redefining \datefrench on input line 91.
)
\dt@a=\toks60
\dt@b=\toks61
)
(C:/Users/Cédric/AppData/Local/Programs/MiKTeX/tex/latex/numprint/numprint.sty
Package: numprint 2012/08/20 v1.39 Print numbers (HH)
\c@nprt@mantissa@digitsbefore=\count546
\c@nprt@mantissa@digitsafter=\count547
\c@nprt@exponent@digitsbefore=\count548
\c@nprt@exponent@digitsafter=\count549
\nprt@digitwidth=\skip171
\nprt@sepwidth=\skip172
\nprt@decimalwidth=\skip173
\nprt@blockwidth=\skip174
\nprt@digittoks=\toks62
\nprt@pretoks=\toks63
\nprt@posttoks=\toks64
\nprt@thisdigit=\count550
\nprt@curpos=\count551
\nprt@rndpos=\count552
\c@nprt@digitsfirstblock=\count553
\c@nprt@blockcnt=\count554
\c@nprt@cntprint=\count555
No configuration file `numprint.cfg' found.)
(C:/Users/Cédric/AppData/Local/Programs/MiKTeX/tex/latex/listings/listings.sty
\lst@mode=\count556
\lst@gtempboxa=\box117
\lst@token=\toks65
\lst@length=\count557
\lst@currlwidth=\dimen312
\lst@column=\count558
\lst@pos=\count559
\lst@lostspace=\dimen313
\lst@width=\dimen314
\lst@newlines=\count560
\lst@lineno=\count561
\lst@maxwidth=\dimen315

(C:/Users/Cédric/AppData/Local/Programs/MiKTeX/tex/latex/listings/lstpatch.sty
File: lstpatch.sty 2024/09/23 1.10c (Carsten Heinz)
)
(C:/Users/Cédric/AppData/Local/Programs/MiKTeX/tex/latex/listings/lstmisc.sty
File: lstmisc.sty 2024/09/23 1.10c (Carsten Heinz)
\c@lstnumber=\count562
\lst@skipnumbers=\count563
\lst@framebox=\box118
)
(C:/Users/Cédric/AppData/Local/Programs/MiKTeX/tex/latex/listings/listings.cfg
File: listings.cfg 2024/09/23 1.10c listings configuration
))
Package: listings 2024/09/23 1.10c (Carsten Heinz)
Package csquotes Info: Checking for multilingual support...
Package csquotes Info: ... found 'babel' package.
Package csquotes Info: Adjusting default style.
Package csquotes Info: Redefining alias 'default' -> 'french'.
 (./rapport.aux

LaTeX Warning: Label `fig:example' multiply defined.


LaTeX Warning: Label `fig:example' multiply defined.

)
\openout1 = rapport.aux

LaTeX Font Info:    Checking defaults for OML/cmm/m/it on input line 36.
LaTeX Font Info:    ... okay on input line 36.
LaTeX Font Info:    Checking defaults for OMS/cmsy/m/n on input line 36.
LaTeX Font Info:    ... okay on input line 36.
LaTeX Font Info:    Checking defaults for OT1/cmr/m/n on input line 36.
LaTeX Font Info:    ... okay on input line 36.
LaTeX Font Info:    Checking defaults for T1/cmr/m/n on input line 36.
LaTeX Font Info:    ... okay on input line 36.
LaTeX Font Info:    Checking defaults for TS1/cmr/m/n on input line 36.
LaTeX Font Info:    ... okay on input line 36.
LaTeX Font Info:    Checking defaults for TU/lmr/m/n on input line 36.
LaTeX Font Info:    ... okay on input line 36.
LaTeX Font Info:    Checking defaults for OMX/cmex/m/n on input line 36.
LaTeX Font Info:    ... okay on input line 36.
LaTeX Font Info:    Checking defaults for U/cmr/m/n on input line 36.
LaTeX Font Info:    ... okay on input line 36.
LaTeX Font Info:    Checking defaults for PD1/pdf/m/n on input line 36.
LaTeX Font Info:    ... okay on input line 36.
LaTeX Font Info:    Checking defaults for PU/pdf/m/n on input line 36.
LaTeX Font Info:    ... okay on input line 36.

Package fontspec Info: 
(fontspec)             Adjusting the maths setup (use [no-math] to avoid
(fontspec)             this).

\symlegacymaths=\mathgroup7
LaTeX Font Info:    Overwriting symbol font `legacymaths' in version `bold'
(Font)                  OT1/cmr/m/n --> OT1/cmr/bx/n on input line 36.
LaTeX Font Info:    Redeclaring math accent \acute on input line 36.
LaTeX Font Info:    Redeclaring math accent \grave on input line 36.
LaTeX Font Info:    Redeclaring math accent \ddot on input line 36.
LaTeX Font Info:    Redeclaring math accent \tilde on input line 36.
LaTeX Font Info:    Redeclaring math accent \bar on input line 36.
LaTeX Font Info:    Redeclaring math accent \breve on input line 36.
LaTeX Font Info:    Redeclaring math accent \check on input line 36.
LaTeX Font Info:    Redeclaring math accent \hat on input line 36.
LaTeX Font Info:    Redeclaring math accent \dot on input line 36.
LaTeX Font Info:    Redeclaring math accent \mathring on input line 36.
LaTeX Font Info:    Redeclaring math symbol \Gamma on input line 36.
LaTeX Font Info:    Redeclaring math symbol \Delta on input line 36.
LaTeX Font Info:    Redeclaring math symbol \Theta on input line 36.
LaTeX Font Info:    Redeclaring math symbol \Lambda on input line 36.
LaTeX Font Info:    Redeclaring math symbol \Xi on input line 36.
LaTeX Font Info:    Redeclaring math symbol \Pi on input line 36.
LaTeX Font Info:    Redeclaring math symbol \Sigma on input line 36.
LaTeX Font Info:    Redeclaring math symbol \Upsilon on input line 36.
LaTeX Font Info:    Redeclaring math symbol \Phi on input line 36.
LaTeX Font Info:    Redeclaring math symbol \Psi on input line 36.
LaTeX Font Info:    Redeclaring math symbol \Omega on input line 36.
LaTeX Font Info:    Redeclaring math symbol \mathdollar on input line 36.
LaTeX Font Info:    Redeclaring symbol font `operators' on input line 36.
LaTeX Font Info:    Encoding `OT1' has changed to `TU' for symbol font
(Font)              `operators' in the math version `normal' on input line 36.
LaTeX Font Info:    Overwriting symbol font `operators' in version `normal'
(Font)                  OT1/cmr/m/n --> TU/lmr/m/n on input line 36.
LaTeX Font Info:    Encoding `OT1' has changed to `TU' for symbol font
(Font)              `operators' in the math version `bold' on input line 36.
LaTeX Font Info:    Overwriting symbol font `operators' in version `bold'
(Font)                  OT1/cmr/bx/n --> TU/lmr/m/n on input line 36.
LaTeX Font Info:    Overwriting symbol font `operators' in version `normal'
(Font)                  TU/lmr/m/n --> TU/lmr/m/n on input line 36.
LaTeX Font Info:    Overwriting math alphabet `\mathit' in version `normal'
(Font)                  OT1/cmr/m/it --> TU/lmr/m/it on input line 36.
LaTeX Font Info:    Overwriting math alphabet `\mathbf' in version `normal'
(Font)                  OT1/cmr/bx/n --> TU/lmr/b/n on input line 36.
LaTeX Font Info:    Overwriting math alphabet `\mathsf' in version `normal'
(Font)                  OT1/cmss/m/n --> TU/lmss/m/n on input line 36.
LaTeX Font Info:    Overwriting math alphabet `\mathtt' in version `normal'
(Font)                  OT1/cmtt/m/n --> TU/lmtt/m/n on input line 36.
LaTeX Font Info:    Overwriting symbol font `operators' in version `bold'
(Font)                  TU/lmr/m/n --> TU/lmr/b/n on input line 36.
LaTeX Font Info:    Overwriting math alphabet `\mathit' in version `bold'
(Font)                  OT1/cmr/bx/it --> TU/lmr/b/it on input line 36.
LaTeX Font Info:    Overwriting math alphabet `\mathsf' in version `bold'
(Font)                  OT1/cmss/bx/n --> TU/lmss/b/n on input line 36.
LaTeX Font Info:    Overwriting math alphabet `\mathtt' in version `bold'
(Font)                  OT1/cmtt/m/n --> TU/lmtt/b/n on input line 36.

(C:/Users/Cédric/AppData/Local/Programs/MiKTeX/tex/context/base/mkii/supp-pdf.
mkii
[Loading MPS to PDF converter (version 2006.09.02).]
\scratchcounter=\count564
\scratchdimen=\dimen316
\scratchbox=\box119
\nofMPsegments=\count565
\nofMParguments=\count566
\everyMPshowfont=\toks66
\MPscratchCnt=\count567
\MPscratchDim=\dimen317
\MPnumerator=\count568
\makeMPintoPDFobject=\count569
\everyMPtoPDFconversion=\toks67
)
(C:/Users/Cédric/AppData/Local/Programs/MiKTeX/tex/latex/epstopdf-pkg/epstopdf
-base.sty
Package: epstopdf-base 2020-01-24 v2.11 Base part for package epstopdf
Package epstopdf-base Info: Redefining graphics rule for `.eps' on input line 4
85.

(C:/Users/Cédric/AppData/Local/Programs/MiKTeX/tex/latex/00miktex/epstopdf-sys
.cfg
File: epstopdf-sys.cfg 2021/03/18 v2.0 Configuration of epstopdf for MiKTeX
))
(C:/Users/Cédric/AppData/Local/Programs/MiKTeX/tex/latex/translations/dicts/tr
anslations-basic-dictionary-french.trsl
File: translations-basic-dictionary-french.trsl (french translation file `trans
lations-basic-dictionary')
)
Package translations Info: loading dictionary `translations-basic-dictionary' f
or `french'. on input line 36.
Package french.ldf Info: Setting StandardItemizeEnv=true for
(french.ldf)             compatibility with enumitem package,
(french.ldf)             reported on input line 36.
Package french.ldf Info: Setting StandardEnumerateEnv=true for
(french.ldf)             compatibility with enumitem package,
(french.ldf)             reported on input line 36.
LaTeX Info: Redefining \up on input line 36.

*geometry* driver: auto-detecting
*geometry* detected driver: luatex
*geometry* verbose mode - [ preamble ] result:
* driver: luatex
* paper: a4paper
* layout: <same size as paper>
* layoutoffset:(h,v)=(0.0pt,0.0pt)
* modes: 
* h-part:(L,W,R)=(89.62709pt, 418.25368pt, 89.6271pt)
* v-part:(T,H,B)=(101.40665pt, 591.5302pt, 152.11pt)
* \paperwidth=597.50787pt
* \paperheight=845.04684pt
* \textwidth=418.25368pt
* \textheight=591.5302pt
* \oddsidemargin=17.3571pt
* \evensidemargin=17.3571pt
* \topmargin=-7.86334pt
* \headheight=12.0pt
* \headsep=25.0pt
* \topskip=10.0pt
* \footskip=30.0pt
* \marginparwidth=57.0pt
* \marginparsep=11.0pt
* \columnsep=10.0pt
* \skip\footins=9.0pt plus 4.0pt minus 2.0pt
* \hoffset=0.0pt
* \voffset=0.0pt
* \mag=1000
* \@twocolumnfalse
* \@twosidefalse
* \@mparswitchfalse
* \@reversemarginfalse
* (1in=72.27pt=25.4mm, 1cm=28.453pt)

Package biblatex Info: Trying to load language 'french'...
Package biblatex Info: ... file 'french.lbx' found.

(C:/Users/Cédric/AppData/Local/Programs/MiKTeX/tex/latex/biblatex/lbx/french.l
bx
File: french.lbx 2024/03/21 v3.20 biblatex localization (PK/MW)
)
Package biblatex Info: LuaTeX detected.
(biblatex)             Assuming input encoding 'utf8'.
Package biblatex Info: Automatic encoding selection.
(biblatex)             Assuming data encoding 'utf8'.

\openout4 = rapport.bcf
Package biblatex Info: Trying to load bibliographic data...
Package biblatex Info: ... file 'rapport.bbl' found.
 (./rapport.bbl)
Package biblatex Info: Reference section=0 on input line 36.
Package biblatex Info: Reference segment=0 on input line 36.
Package hyperref Info: Link coloring ON on input line 36.
 (./rapport.out) (./rapport.out)
\@outlinefile=\write5

\openout5 = rapport.out
\c@lstlisting=\count570
<UM1.jpg, id=270, 811.03pt x 296.10625pt>
File: UM1.jpg Graphic file (type jpg)
<use UM1.jpg>
Package luatex.def Info: UM1.jpg  used on input line 41.
(luatex.def)             Requested size: 167.2989pt x 61.07718pt.


LaTeX Font Warning: Font shape `TU/lmr/bx/sc' undefined
(Font)              using `TU/lmr/bx/n' instead on input line 53.



[1

{C:/Users/Cédric/AppData/Local/MiKTeX/fonts/map/pdftex/pdftex.map}<./UM1.jpg>]



warning  (pdf backend): ignoring duplicate destination with the name 'page.'
[2] (./rapport.toc
LaTeX Font Info:    Trying to load font information for U+msa on input line 3.

(C:/Users/Cédric/AppData/Local/Programs/MiKTeX/tex/latex/amsfonts/umsa.fd
File: umsa.fd 2013/01/14 v3.01 AMS symbols A
)
LaTeX Font Info:    Trying to load font information for U+msb on input line 3.

(C:/Users/Cédric/AppData/Local/Programs/MiKTeX/tex/latex/amsfonts/umsb.fd
File: umsb.fd 2013/01/14 v3.01 AMS symbols B
)
LaTeX Font Info:    Trying to load font information for U+rsfs on input line 3.


(C:/Users/Cédric/AppData/Local/Programs/MiKTeX/tex/latex/jknappen/ursfs.fd
File: ursfs.fd 1998/03/24 rsfs font definition file (jk)
)
luaotfload | cache : Lookup cache loaded from C:/Users/Cédric/AppData/Local/MiK
TeX/luatex-cache/generic/names/luaotfload-lookup-cache.luc.
luaotfload | db : Reload initiated (formats: otf,ttf,ttc); reason: Font "rsfs10"
 not found.
luaotfload | resolve : sequence of 3 lookups yielded nothing appropriate.
luaotfload | resolve : sequence of 3 lookups yielded nothing appropriate.
luaotfload | resolve : sequence of 3 lookups yielded nothing appropriate.
luaotfload | resolve : sequence of 3 lookups yielded nothing appropriate.
luaotfload | resolve : sequence of 3 lookups yielded nothing appropriate.
luaotfload | resolve : sequence of 3 lookups yielded nothing appropriate.


warning  (pdf backend): ignoring duplicate destination with the name 'page.'
[3])
\tf@toc=\write6

\openout6 = rapport.toc


[1]
Package mdframed Info: mdframed detected package amsthm 
 changed the theorem header of amsthm
(mdframed)              on input line 101.
Package hyperref Info: bookmark level for unknown definition defaults to 0 on i
nput line 101.
Package mdframed Info: mdframed detected package amsthm 
 changed the theorem header of amsthm
(mdframed)              on input line 110.


[2]
Package mdframed Info: mdframed detected package amsthm 
 changed the theorem header of amsthm
(mdframed)              on input line 162.
Package mdframed Info: mdframed detected package amsthm 
 changed the theorem header of amsthm
(mdframed)              on input line 175.
Package hyperref Info: bookmark level for unknown eg defaults to 0 on input lin
e 175.


[3]
Package mdframed Info: Not enough space on this page on input line 210.
Package mdframed Info: mdframed detected package amsthm 
 changed the theorem header of amsthm
(mdframed)              on input line 212.
Package mdframed Info: mdframed detected package amsthm 
 changed the theorem header of amsthm
(mdframed)              on input line 231.


[4]
Package hyperref Info: bookmark level for unknown algorithm defaults to 0 on in
put line 289.


[5]

[6]

[7]

[8]

[9]
Package mdframed Info: mdframed detected package amsthm 
 changed the theorem header of amsthm
(mdframed)              on input line 750.


[10]

[11]
Package mdframed Info: mdframed detected package amsthm 
 changed the theorem header of amsthm
(mdframed)              on input line 1059.
Package mdframed Info: You first box width is to small
 mdframed fixed it
(mdframed)              on input line 1082.


[12]
Package mdframed Info: mdframed detected package amsthm 
 changed the theorem header of amsthm
(mdframed)              on input line 1084.
Package hyperref Info: bookmark level for unknown remark defaults to 0 on input
 line 1084.
Package mdframed Info: mdframed detected package amsthm 
 changed the theorem header of amsthm
(mdframed)              on input line 1094.
Package hyperref Info: bookmark level for unknown theorem defaults to 0 on inpu
t line 1094.
Package mdframed Info: mdframed detected package amsthm 
 changed the theorem header of amsthm
(mdframed)              on input line 1097.
Package hyperref Info: bookmark level for unknown replacementproof defaults to 
0 on input line 1097.
Package mdframed Info: Box was splittet wrong
 starting loop to iterate the splitting point
(mdframed)              on input line 1108.


[13]
Package mdframed Info: mdframed detected package amsthm 
 changed the theorem header of amsthm
(mdframed)              on input line 1128.


[14]
Package mdframed Info: mdframed detected package amsthm 
 changed the theorem header of amsthm
(mdframed)              on input line 1178.
Package mdframed Info: mdframed detected package amsthm 
 changed the theorem header of amsthm
(mdframed)              on input line 1183.
Package mdframed Info: mdframed detected package amsthm 
 changed the theorem header of amsthm
(mdframed)              on input line 1186.


[15]
Package mdframed Info: mdframed detected package amsthm 
 changed the theorem header of amsthm
(mdframed)              on input line 1204.
Package mdframed Info: Not enough space on this page on input line 1205.
Package mdframed Info: mdframed detected package amsthm 
 changed the theorem header of amsthm
(mdframed)              on input line 1206.
Package mdframed Info: mdframed detected package amsthm 
 changed the theorem header of amsthm
(mdframed)              on input line 1212.
Package mdframed Info: mdframed detected package amsthm 
 changed the theorem header of amsthm
(mdframed)              on input line 1219.
Package mdframed Info: mdframed detected package amsthm 
 changed the theorem header of amsthm
(mdframed)              on input line 1230.


[16]
Underfull \hbox (badness 10000) in paragraph at lines 1256--1257

 []


Overfull \hbox (6.88739pt too wide) in paragraph at lines 1266--1267
[]\TU/lmr/m/n/10 Soit on uti-lise une den-sité, c’est-à-dire une pro-por-tio
n du nombre maxi-mal de connexions
 []



[17]
Underfull \hbox (badness 10000) in paragraph at lines 1289--1290

 []


Underfull \hbox (badness 10000) in paragraph at lines 1298--1299

 []



[18
Missing character: There is no 2 (U+0032) in font nullfont!
Missing character: There is no ; (U+003B) in font nullfont!
]
Underfull \hbox (badness 10000) in paragraph at lines 1410--1411

 []



[19]
<Gantt2.png, id=511, 724.50674pt x 263.18324pt>
File: Gantt2.png Graphic file (type png)
<use Gantt2.png>
Package luatex.def Info: Gantt2.png  used on input line 1414.
(luatex.def)             Requested size: 418.25368pt x 151.93156pt.

Underfull \hbox (badness 10000) in paragraph at lines 1419--1420

 []


Underfull \hbox (badness 10000) in paragraph at lines 1421--1422

 []


Underfull \hbox (badness 10000) in paragraph at lines 1423--1424

 []



[20<./Gantt2.png>]
Underfull \hbox (badness 10000) in paragraph at lines 1457--1458

 []


Underfull \hbox (badness 10000) in paragraph at lines 1459--1460

 []



[21]
Underfull \hbox (badness 10000) in paragraph at lines 1468--1469

 []



[22]

[23]
Underfull \hbox (badness 10000) in paragraph at lines 1520--1521

 []

luaotfload | resolve : sequence of 3 lookups yielded nothing appropriate.
luaotfload | resolve : sequence of 3 lookups yielded nothing appropriate.
luaotfload | resolve : sequence of 3 lookups yielded nothing appropriate.
luaotfload | resolve : sequence of 3 lookups yielded nothing appropriate.
luaotfload | resolve : sequence of 3 lookups yielded nothing appropriate.
luaotfload | resolve : sequence of 3 lookups yielded nothing appropriate.

Package hyperref Warning: Token not allowed in a PDF string (Unicode):
(hyperref)                removing `math shift' on input line 1522.


Package hyperref Warning: Token not allowed in a PDF string (Unicode):
(hyperref)                removing `subscript' on input line 1522.


Package hyperref Warning: Token not allowed in a PDF string (Unicode):
(hyperref)                removing `math shift' on input line 1522.

<courbes/benchmark_global_average_100.png, id=537, 1505.625pt x 1003.75pt>
File: courbes/benchmark_global_average_100.png Graphic file (type png)
<use courbes/benchmark_global_average_100.png>
Package luatex.def Info: courbes/benchmark_global_average_100.png  used on inpu
t line 1528.
(luatex.def)             Requested size: 418.25368pt x 278.82727pt.

LaTeX Warning: `h' float specifier changed to `ht'.


Underfull \hbox (badness 10000) in paragraph at lines 1533--1534

 []


Underfull \hbox (badness 10000) in paragraph at lines 1535--1536

 []


Underfull \hbox (badness 10000) in paragraph at lines 1537--1538

 []



[24]
Underfull \hbox (badness 10000) in paragraph at lines 1556--1557

 []



[25<./courbes/benchmark_global_average_100.png>]
Underfull \hbox (badness 10000) in paragraph at lines 1558--1559

 []


Underfull \hbox (badness 10000) in paragraph at lines 1560--1561

 []


Underfull \hbox (badness 10000) in paragraph at lines 1562--1563

 []


Package hyperref Warning: Token not allowed in a PDF string (Unicode):
(hyperref)                removing `math shift' on input line 1566.


Package hyperref Warning: Token not allowed in a PDF string (Unicode):
(hyperref)                removing `subscript' on input line 1566.


Package hyperref Warning: Token not allowed in a PDF string (Unicode):
(hyperref)                removing `math shift' on input line 1566.

<courbes/benchmark_global_average_500.png, id=554, 1505.625pt x 1003.75pt>
File: courbes/benchmark_global_average_500.png Graphic file (type png)
<use courbes/benchmark_global_average_500.png>
Package luatex.def Info: courbes/benchmark_global_average_500.png  used on inpu
t line 1570.
(luatex.def)             Requested size: 418.25368pt x 278.82727pt.


[26<./courbes/benchmark_global_average_500.png>]

Package hyperref Warning: Token not allowed in a PDF string (Unicode):
(hyperref)                removing `math shift' on input line 1575.


Package hyperref Warning: Token not allowed in a PDF string (Unicode):
(hyperref)                removing `subscript' on input line 1575.


Package hyperref Warning: Token not allowed in a PDF string (Unicode):
(hyperref)                removing `math shift' on input line 1575.

Package mdframed Info: mdframed detected package amsthm 
 changed the theorem header of amsthm
(mdframed)              on input line 1598.

Overfull \hbox (0.14586pt too wide) in paragraph at lines 1612--1612
[]\TU/lmr/bx/n/12 Al-go-rithme de Chen, Kyng, Liu, Peng, Gu-ten-berg, Sa-ch-deva
 (2022) 
 []



[27]

[28]

[29] (./rapport.aux)
 ***********
LaTeX2e <2024-11-01> patch level 2
L3 programming layer <2025-04-14>
 ***********


LaTeX Font Warning: Some font shapes were not available, defaults substituted.


LaTeX Warning: There were multiply-defined labels.

Package rerunfilecheck Info: File `rapport.out' has not changed.
(rerunfilecheck)             Checksum: D0008C9D1DF391458B6339EAEB9A7A22;11410.
Package logreq Info: Writing requests to 'rapport.run.xml'.

\openout1 = rapport.run.xml
)

Here is how much of LuaTeX's memory you used:
 50624 strings out of 471925
 195343,2373549 words of node,token memory allocated
 5629 words of node memory still in use:
   7 hlist, 2 vlist, 2 rule, 292 glue, 4 kern, 1 penalty, 2 glyph, 1218 attribut
e, 113 glue_spec, 176 attribute_list, 2 write, 4 pdf_action nodes
   avail lists: 1:18,2:27769,3:4688,4:184,5:505,6:153,7:7886,8:66,9:1760,10:23,1
1:644,12:1
 75855 multiletter control sequences out of 65536+600000
 80 fonts using 5952367 bytes
 89i,13n,99p,1217b,2755s stack positions out of 10000i,1000n,20000p,200000b,200000s
<c:/users/cédric/appdata/local/programs/miktex/fonts/opentype/public/lm/lmmono9
-regular.otf><c:/users/cédric/appdata/local/programs/miktex/fonts/opentype/publ
ic/lm/lmmono10-regular.otf><c:/users/cédric/appdata/local/programs/miktex/fonts
/opentype/public/lm/lmroman8-regular.otf><c:/users/cédric/appdata/local/program
s/miktex/fonts/opentype/public/lm/lmromancaps10-regular.otf><c:/users/cédric/ap
pdata/local/programs/miktex/fonts/opentype/public/lm/lmroman10-italic.otf><c:/us
ers/cédric/appdata/local/programs/miktex/fonts/opentype/public/lm/lmsans10-regu
lar.otf><c:/users/cédric/appdata/local/programs/miktex/fonts/opentype/public/lm
/lmsans10-bold.otf><c:/users/cédric/appdata/local/programs/miktex/fonts/opentyp
e/public/lm/lmromanslant10-regular.otf><c:/users/cédric/appdata/local/programs/
miktex/fonts/opentype/public/lm/lmroman9-regular.otf><c:/users/cédric/appdata/l
ocal/programs/miktex/fonts/opentype/public/lm/lmroman9-bold.otf><c:/users/cédri
c/appdata/local/programs/miktex/fonts/opentype/public/lm/lmroman10-regular.otf><
c:/users/cédric/appdata/local/programs/miktex/fonts/opentype/public/lm/lmroman1
0-bold.otf><c:/users/cédric/appdata/local/programs/miktex/fonts/opentype/public
/lm/lmroman12-bold.otf><C:/Users/Cédric/AppData/Local/Programs/MiKTeX/fonts/typ
e1/public/amsfonts/cm/cmex10.pfb><C:/Users/Cédric/AppData/Local/Programs/MiKTeX
/fonts/type1/public/amsfonts/cm/cmmi10.pfb><C:/Users/Cédric/AppData/Local/Progr
ams/MiKTeX/fonts/type1/public/amsfonts/cm/cmmi12.pfb><C:/Users/Cédric/AppData/L
ocal/Programs/MiKTeX/fonts/type1/public/amsfonts/cm/cmmi5.pfb><C:/Users/Cédric/
AppData/Local/Programs/MiKTeX/fonts/type1/public/amsfonts/cm/cmmi7.pfb><C:/Users
/Cédric/AppData/Local/Programs/MiKTeX/fonts/type1/public/amsfonts/cm/cmmi8.pfb>
<C:/Users/Cédric/AppData/Local/Programs/MiKTeX/fonts/type1/public/amsfonts/cm/c
mr10.pfb><C:/Users/Cédric/AppData/Local/Programs/MiKTeX/fonts/type1/public/amsf
onts/cm/cmr12.pfb><C:/Users/Cédric/AppData/Local/Programs/MiKTeX/fonts/type1/pu
blic/amsfonts/cm/cmr5.pfb><C:/Users/Cédric/AppData/Local/Programs/MiKTeX/fonts/
type1/public/amsfonts/cm/cmr7.pfb><C:/Users/Cédric/AppData/Local/Programs/MiKTe
X/fonts/type1/public/amsfonts/cm/cmsy10.pfb><C:/Users/Cédric/AppData/Local/Prog
rams/MiKTeX/fonts/type1/public/amsfonts/cm/cmsy7.pfb><C:/Users/Cédric/AppData/L
ocal/Programs/MiKTeX/fonts/type1/public/amsfonts/symbols/msbm10.pfb>
Output written on rapport.pdf (32 pages, 611763 bytes).

PDF statistics: 740 PDF objects out of 1000 (max. 8388607)
 154 named destinations out of 1000 (max. 131072)
 544 words of extra memory for PDF output out of 10000 (max. 100000000)

