\BOOKMARK [1][-]{section.1}{\376\377\000I\000n\000t\000r\000o\000d\000u\000c\000t\000i\000o\000n}{}% 1
\BOOKMARK [2][-]{subsection.1.1}{\376\377\000P\000r\000\351\000s\000e\000n\000t\000a\000t\000i\000o\000n\000\040\000d\000\351\000t\000a\000i\000l\000l\000\351\000e\000\040\000d\000u\000\040\000p\000r\000o\000b\000l\000\350\000m\000e\000\040\000d\000e\000\040\000f\000l\000o\000t\000\040\000m\000a\000x\000i\000m\000u\000m}{section.1}% 2
\BOOKMARK [2][-]{subsection.1.2}{\376\377\000E\000x\000e\000m\000p\000l\000e}{section.1}% 3
\BOOKMARK [1][-]{section.2}{\376\377\000D\000\351\000f\000i\000n\000i\000t\000i\000o\000n\000s\000\040\000g\000\351\000n\000\351\000r\000a\000l\000e\000s}{}% 4
\BOOKMARK [2][-]{subsection.2.1}{\376\377\000R\000\351\000s\000e\000a\000u\000\040\000r\000\351\000s\000i\000d\000u\000e\000l}{section.2}% 5
\BOOKMARK [2][-]{subsection.2.2}{\376\377\000C\000h\000e\000m\000i\000n\000\040\000e\000t\000\040\000f\000l\000o\000t\000\040\000a\000m\000\351\000l\000i\000o\000r\000a\000n\000t\000s}{section.2}% 6
\BOOKMARK [1][-]{section.3}{\376\377\000D\000i\000f\000f\000\351\000r\000e\000n\000t\000s\000\040\000a\000l\000g\000o\000r\000i\000t\000h\000m\000e\000s\000\040\000e\000t\000\040\000e\000x\000e\000m\000p\000l\000e\000s}{}% 7
\BOOKMARK [2][-]{subsection.3.1}{\376\377\000L\000'\000a\000l\000g\000o\000r\000i\000t\000h\000m\000e\000\040\000d\000e\000\040\000F\000o\000r\000d\000-\000F\000u\000l\000k\000e\000r\000s\000o\000n}{section.3}% 8
\BOOKMARK [3][-]{subsubsection.3.1.1}{\376\377\000C\000o\000n\000t\000e\000x\000t\000e\000\040\000h\000i\000s\000t\000o\000r\000i\000q\000u\000e}{subsection.3.1}% 9
\BOOKMARK [3][-]{subsubsection.3.1.2}{\376\377\000F\000o\000n\000c\000t\000i\000o\000n\000n\000e\000m\000e\000n\000t\000\040\000g\000\351\000n\000\351\000r\000a\000l}{subsection.3.1}% 10
\BOOKMARK [3][-]{subsubsection.3.1.3}{\376\377\000A\000l\000g\000o\000r\000i\000t\000h\000m\000e}{subsection.3.1}% 11
\BOOKMARK [3][-]{subsubsection.3.1.4}{\376\377\000C\000o\000m\000p\000l\000e\000x\000i\000t\000\351}{subsection.3.1}% 12
\BOOKMARK [3][-]{subsubsection.3.1.5}{\376\377\000A\000v\000a\000n\000t\000a\000g\000e\000s\000/\000i\000n\000c\000o\000n\000v\000\351\000n\000i\000e\000n\000t\000s}{subsection.3.1}% 13
\BOOKMARK [3][-]{subsubsection.3.1.6}{\376\377\000A\000p\000p\000l\000i\000c\000a\000t\000i\000o\000n\000\040\000s\000u\000r\000\040\000l\000'\000e\000x\000e\000m\000p\000l\000e}{subsection.3.1}% 14
\BOOKMARK [2][-]{subsection.3.2}{\376\377\000L\000'\000a\000l\000g\000o\000r\000i\000t\000h\000m\000e\000\040\000d\000'\000E\000d\000m\000o\000n\000d\000s\000-\000K\000a\000r\000p}{section.3}% 15
\BOOKMARK [3][-]{subsubsection.3.2.1}{\376\377\000M\000o\000t\000i\000v\000a\000t\000i\000o\000n\000s\000\040\000e\000t\000\040\000h\000i\000s\000t\000o\000r\000i\000q\000u\000e}{subsection.3.2}% 16
\BOOKMARK [3][-]{subsubsection.3.2.2}{\376\377\000F\000o\000n\000c\000t\000i\000o\000n\000n\000e\000m\000e\000n\000t\000\040\000g\000\351\000n\000\351\000r\000a\000l}{subsection.3.2}% 17
\BOOKMARK [3][-]{subsubsection.3.2.3}{\376\377\000A\000l\000g\000o\000r\000i\000t\000h\000m\000e}{subsection.3.2}% 18
\BOOKMARK [3][-]{subsubsection.3.2.4}{\376\377\000C\000o\000m\000p\000l\000e\000x\000i\000t\000\351}{subsection.3.2}% 19
\BOOKMARK [3][-]{subsubsection.3.2.5}{\376\377\000A\000v\000a\000n\000t\000a\000g\000e\000s\000/\000i\000n\000c\000o\000n\000v\000\351\000n\000i\000e\000n\000t\000s}{subsection.3.2}% 20
\BOOKMARK [3][-]{subsubsection.3.2.6}{\376\377\000A\000p\000p\000l\000i\000c\000a\000t\000i\000o\000n\000\040\000s\000u\000r\000\040\000l\000'\000e\000x\000e\000m\000p\000l\000e}{subsection.3.2}% 21
\BOOKMARK [2][-]{subsection.3.3}{\376\377\000L\000'\000a\000l\000g\000o\000r\000i\000t\000h\000m\000e\000\040\000d\000e\000\040\000D\000i\000n\000i\000c}{section.3}% 22
\BOOKMARK [3][-]{subsubsection.3.3.1}{\376\377\000H\000i\000s\000t\000o\000i\000r\000e\000\040\000e\000t\000\040\000c\000o\000n\000t\000e\000x\000t\000e}{subsection.3.3}% 23
\BOOKMARK [3][-]{subsubsection.3.3.2}{\376\377\000F\000o\000n\000c\000t\000i\000o\000n\000n\000e\000m\000e\000n\000t\000\040\000g\000\351\000n\000\351\000r\000a\000l}{subsection.3.3}% 24
\BOOKMARK [3][-]{subsubsection.3.3.3}{\376\377\000A\000l\000g\000o\000r\000i\000t\000h\000m\000e}{subsection.3.3}% 25
\BOOKMARK [3][-]{subsubsection.3.3.4}{\376\377\000C\000o\000m\000p\000l\000e\000x\000i\000t\000\351}{subsection.3.3}% 26
\BOOKMARK [3][-]{subsubsection.3.3.5}{\376\377\000A\000v\000a\000n\000t\000a\000g\000e\000s\000/\000i\000n\000c\000o\000n\000v\000\351\000n\000i\000e\000n\000t\000s}{subsection.3.3}% 27
\BOOKMARK [3][-]{subsubsection.3.3.6}{\376\377\000A\000p\000p\000l\000i\000c\000a\000t\000i\000o\000n\000\040\000s\000u\000r\000\040\000l\000'\000e\000x\000e\000m\000p\000l\000e}{subsection.3.3}% 28
\BOOKMARK [2][-]{subsection.3.4}{\376\377\000L\000'\000a\000l\000g\000o\000r\000i\000t\000h\000m\000e\000\040\000d\000e\000\040\000P\000o\000u\000s\000s\000a\000g\000e\000-\000R\000\351\000\351\000t\000i\000q\000u\000e\000t\000a\000g\000e}{section.3}% 29
\BOOKMARK [3][-]{subsubsection.3.4.1}{\376\377\000M\000o\000t\000i\000v\000a\000t\000i\000o\000n\000s\000\040\000e\000t\000\040\000h\000i\000s\000t\000o\000r\000i\000q\000u\000e}{subsection.3.4}% 30
\BOOKMARK [3][-]{subsubsection.3.4.2}{\376\377\000F\000o\000n\000c\000t\000i\000o\000n\000n\000e\000m\000e\000n\000t\000\040\000g\000\351\000n\000\351\000r\000a\000l}{subsection.3.4}% 31
\BOOKMARK [3][-]{subsubsection.3.4.3}{\376\377\000A\000l\000g\000o\000r\000i\000t\000h\000m\000e}{subsection.3.4}% 32
\BOOKMARK [3][-]{subsubsection.3.4.4}{\376\377\000C\000o\000m\000p\000l\000e\000x\000i\000t\000\351}{subsection.3.4}% 33
\BOOKMARK [3][-]{subsubsection.3.4.5}{\376\377\000A\000v\000a\000n\000t\000a\000g\000e\000s\000/\000i\000n\000c\000o\000n\000v\000\351\000n\000i\000e\000n\000t\000s}{subsection.3.4}% 34
\BOOKMARK [3][-]{subsubsection.3.4.6}{\376\377\000A\000p\000p\000l\000i\000c\000a\000t\000i\000o\000n\000\040\000s\000u\000r\000\040\000l\000'\000e\000x\000e\000m\000p\000l\000e}{subsection.3.4}% 35
\BOOKMARK [2][-]{subsection.3.5}{\376\377\000R\000\351\000c\000a\000p\000i\000t\000u\000l\000a\000t\000i\000f\000\040\000d\000e\000s\000\040\000a\000l\000g\000o\000r\000i\000t\000h\000m\000e\000s\000\040\000e\000t\000\040\000l\000e\000u\000r\000\040\000c\000o\000m\000p\000l\000e\000x\000i\000t\000\351}{section.3}% 36
\BOOKMARK [1][-]{section.4}{\376\377\000P\000r\000o\000g\000r\000a\000m\000m\000a\000t\000i\000o\000n\000\040\000l\000i\000n\000\351\000a\000i\000r\000e}{}% 37
\BOOKMARK [2][-]{subsection.4.1}{\376\377\000I\000n\000t\000r\000o\000d\000u\000c\000t\000i\000o\000n\000\040\000\340\000\040\000l\000a\000\040\000p\000r\000o\000g\000r\000a\000m\000m\000a\000t\000i\000o\000n\000\040\000l\000i\000n\000\351\000a\000i\000r\000e}{section.4}% 38
\BOOKMARK [2][-]{subsection.4.2}{\376\377\000P\000r\000o\000b\000l\000\350\000m\000e\000\040\000d\000e\000\040\000f\000l\000o\000t\000\040\000m\000a\000x\000i\000m\000u\000m}{section.4}% 39
\BOOKMARK [2][-]{subsection.4.3}{\376\377\000M\000a\000t\000r\000i\000c\000e\000s\000\040\000t\000o\000t\000a\000l\000e\000m\000e\000n\000t\000\040\000u\000n\000i\000m\000o\000d\000u\000l\000a\000i\000r\000e\000s}{section.4}% 40
\BOOKMARK [2][-]{subsection.4.4}{\376\377\000L\000e\000\040\000t\000h\000\351\000o\000r\000\350\000m\000e\000\040\000M\000a\000x\000-\000F\000l\000o\000w\000/\000M\000i\000n\000-\000C\000u\000t}{section.4}% 41
\BOOKMARK [2][-]{subsection.4.5}{\376\377\000S\000o\000l\000v\000e\000u\000r\000s\000\040\000d\000e\000\040\000p\000r\000o\000g\000r\000a\000m\000m\000a\000t\000i\000o\000n\000\040\000l\000i\000n\000\351\000a\000i\000r\000e}{section.4}% 42
\BOOKMARK [1][-]{section.5}{\376\377\000C\000r\000\351\000a\000t\000i\000o\000n\000\040\000d\000e\000s\000\040\000i\000n\000s\000t\000a\000n\000c\000e\000s}{}% 43
\BOOKMARK [2][-]{subsection.5.1}{\376\377\000L\000a\000\040\000c\000l\000a\000s\000s\000e\000\040\000R\000a\000n\000d\000o\000m\000F\000l\000o\000w\000N\000e\000t\000w\000o\000r\000k}{section.5}% 44
\BOOKMARK [2][-]{subsection.5.2}{\376\377\000T\000e\000s\000t\000s\000\040\000s\000u\000r\000\040\000l\000e\000s\000\040\000g\000r\000a\000p\000h\000e\000s\000\040\000g\000\351\000n\000\351\000r\000\351\000s}{section.5}% 45
\BOOKMARK [2][-]{subsection.5.3}{\376\377\000R\000e\000p\000r\000\351\000s\000e\000n\000t\000a\000t\000i\000o\000n\000\040\000d\000e\000s\000\040\000i\000n\000s\000t\000a\000n\000c\000e\000s}{section.5}% 46
\BOOKMARK [2][-]{subsection.5.4}{\376\377\000L\000e\000s\000\040\000i\000n\000s\000t\000a\000n\000c\000e\000s\000\040\000c\000h\000o\000i\000s\000i\000e\000s}{section.5}% 47
\BOOKMARK [1][-]{section.6}{\376\377\000D\000\351\000v\000e\000l\000o\000p\000p\000e\000m\000e\000n\000t\000\040\000L\000o\000g\000i\000c\000i\000e\000l}{}% 48
\BOOKMARK [2][-]{subsection.6.1}{\376\377\000O\000r\000g\000a\000n\000i\000s\000a\000t\000i\000o\000n\000\040\000d\000u\000\040\000p\000r\000o\000j\000e\000t}{section.6}% 49
\BOOKMARK [2][-]{subsection.6.2}{\376\377\000P\000r\000\351\000s\000e\000n\000t\000a\000t\000i\000o\000n\000\040\000d\000e\000s\000\040\000c\000l\000a\000s\000s\000e\000s}{section.6}% 50
\BOOKMARK [3][-]{subsubsection.6.2.1}{\376\377\000V\000e\000r\000t\000e\000x}{subsection.6.2}% 51
\BOOKMARK [3][-]{subsubsection.6.2.2}{\376\377\000G\000r\000a\000p\000h}{subsection.6.2}% 52
\BOOKMARK [3][-]{subsubsection.6.2.3}{\376\377\000F\000l\000o\000w\000N\000e\000t\000w\000o\000r\000k}{subsection.6.2}% 53
\BOOKMARK [3][-]{subsubsection.6.2.4}{\376\377\000F\000i\000l\000e\000F\000l\000o\000w\000N\000e\000t\000w\000o\000r\000k}{subsection.6.2}% 54
\BOOKMARK [3][-]{subsubsection.6.2.5}{\376\377\000R\000a\000n\000d\000o\000m\000F\000l\000o\000w\000N\000e\000t\000w\000o\000r\000k}{subsection.6.2}% 55
\BOOKMARK [3][-]{subsubsection.6.2.6}{\376\377\000F\000l\000o\000w}{subsection.6.2}% 56
\BOOKMARK [3][-]{subsubsection.6.2.7}{\376\377\000P\000L}{subsection.6.2}% 57
\BOOKMARK [3][-]{subsubsection.6.2.8}{\376\377\000C\000u\000r\000v\000e}{subsection.6.2}% 58
\BOOKMARK [3][-]{subsubsection.6.2.9}{\376\377\000P\000r\000o\000g\000r\000a\000m}{subsection.6.2}% 59
\BOOKMARK [2][-]{subsection.6.3}{\376\377\000L\000a\000n\000g\000a\000g\000e\000\040\000e\000t\000\040\000c\000l\000a\000s\000s\000e\000s}{section.6}% 60
\BOOKMARK [2][-]{subsection.6.4}{\376\377\000T\000e\000s\000t\000s}{section.6}% 61
\BOOKMARK [1][-]{section.7}{\376\377\000M\000\351\000t\000h\000o\000d\000o\000l\000o\000g\000i\000e\000\040\000E\000x\000p\000\351\000r\000i\000m\000e\000n\000t\000a\000l\000e}{}% 62
\BOOKMARK [1][-]{section.8}{\376\377\000C\000o\000u\000r\000b\000e\000s\000,\000\040\000R\000\351\000s\000u\000l\000t\000a\000t\000s\000\040\000e\000t\000\040\000D\000i\000s\000c\000u\000s\000s\000i\000o\000n}{}% 63
\BOOKMARK [2][-]{subsection.8.1}{\376\377\000A\000v\000e\000c\000\040\000n\000m\000a\000x\000\040\000=\000\040\0001\0000\0000}{section.8}% 64
\BOOKMARK [2][-]{subsection.8.2}{\376\377\000A\000v\000e\000c\000\040\000n\000m\000a\000x\000\040\000=\000\040\0005\0000\0000}{section.8}% 65
\BOOKMARK [2][-]{subsection.8.3}{\376\377\000A\000v\000e\000c\000\040\000n\000m\000a\000x\000\040\000=\000\040\0005\0000\0000}{section.8}% 66
\BOOKMARK [2][-]{subsection.8.4}{\376\377\000D\000e\000n\000s\000i\000t\000\351\000s\000\040\000s\000p\000\351\000c\000i\000f\000i\000c\000i\000q\000u\000e\000s}{section.8}% 67
\BOOKMARK [2][-]{subsection.8.5}{\376\377\000O\000b\000s\000e\000r\000v\000a\000t\000i\000o\000n\000\040\000g\000\351\000n\000\351\000r\000a\000l\000e}{section.8}% 68
\BOOKMARK [1][-]{section.9}{\376\377\000R\000e\000v\000u\000e\000\040\000d\000e\000\040\000l\000a\000\040\000l\000i\000t\000t\000\351\000r\000a\000t\000u\000r\000e\000\040\000a\000v\000a\000n\000c\000\351\000e}{}% 69
\BOOKMARK [2][-]{subsection.9.1}{\376\377\000A\000l\000g\000o\000r\000i\000t\000h\000m\000e\000\040\000B\000L\000N\000P\000S\000S\000S\000W\000\040\000\050\0002\0000\0002\0000\000\051}{section.9}% 70
\BOOKMARK [2][-]{subsection.9.2}{\376\377\000A\000l\000g\000o\000r\000i\000t\000h\000m\000e\000\040\000d\000e\000\040\000G\000a\000o\000-\000L\000i\000u\000-\000P\000e\000n\000g\000\040\000\050\0002\0000\0002\0001\000\051}{section.9}% 71
\BOOKMARK [2][-]{subsection.9.3}{\376\377\000A\000l\000g\000o\000r\000i\000t\000h\000m\000e\000\040\000d\000e\000\040\000C\000h\000e\000n\000,\000\040\000K\000y\000n\000g\000,\000\040\000L\000i\000u\000,\000\040\000P\000e\000n\000g\000,\000\040\000G\000u\000t\000e\000n\000b\000e\000r\000g\000,\000\040\000S\000a\000c\000h\000d\000e\000v\000a\000\040\000\050\0002\0000\0002\0002\000\051}{section.9}% 72
\BOOKMARK [2][-]{subsection.9.4}{\376\377\000C\000o\000n\000c\000l\000u\000s\000i\000o\000n}{section.9}% 73
\BOOKMARK [1][-]{section.10}{\376\377\000C\000o\000n\000c\000l\000u\000s\000i\000o\000n\000\040\000e\000t\000\040\000P\000e\000r\000s\000p\000e\000c\000t\000i\000v\000e\000s}{}% 74
\BOOKMARK [1][-]{section*.12}{\376\377\000R\000\351\000f\000\351\000r\000e\000n\000c\000e\000s}{}% 75
